nohup: ignoring input
Dataset Building
Postprocessor Stage2 ReDetect:  False
Dataset dir: /datasets/OPV2V/train
too many cavs reinitialize
Postprocessor Stage2 ReDetect:  False
Dataset dir: /datasets/OPV2V/validate
too many cavs reinitialize
too many cavs reinitialize
Creating Model
Postprocessor Stage2 ReDetect:  False
is_resnet
loading model from /data/gkx/Code/checkpoints/fisrt_no_fuse_best/net_epoch80.pth

==== Parameters in Model but not in Checkpoint ====
Missing in checkpoint: mdd.unet.temb.dense.0.weight
Missing in checkpoint: mdd.unet.temb.dense.0.bias
Missing in checkpoint: mdd.unet.temb.dense.1.weight
Missing in checkpoint: mdd.unet.temb.dense.1.bias
Missing in checkpoint: mdd.unet.conv_in.weight
Missing in checkpoint: mdd.unet.conv_in.bias
Missing in checkpoint: mdd.unet.down.0.block.0.norm1.weight
Missing in checkpoint: mdd.unet.down.0.block.0.norm1.bias
Missing in checkpoint: mdd.unet.down.0.block.0.conv1.weight
Missing in checkpoint: mdd.unet.down.0.block.0.conv1.bias
Missing in checkpoint: mdd.unet.down.0.block.0.temb_proj.weight
Missing in checkpoint: mdd.unet.down.0.block.0.temb_proj.bias
Missing in checkpoint: mdd.unet.down.0.block.0.norm2.weight
Missing in checkpoint: mdd.unet.down.0.block.0.norm2.bias
Missing in checkpoint: mdd.unet.down.0.block.0.conv2.weight
Missing in checkpoint: mdd.unet.down.0.block.0.conv2.bias
Missing in checkpoint: mdd.unet.down.0.block.1.norm1.weight
Missing in checkpoint: mdd.unet.down.0.block.1.norm1.bias
Missing in checkpoint: mdd.unet.down.0.block.1.conv1.weight
Missing in checkpoint: mdd.unet.down.0.block.1.conv1.bias
Missing in checkpoint: mdd.unet.down.0.block.1.temb_proj.weight
Missing in checkpoint: mdd.unet.down.0.block.1.temb_proj.bias
Missing in checkpoint: mdd.unet.down.0.block.1.norm2.weight
Missing in checkpoint: mdd.unet.down.0.block.1.norm2.bias
Missing in checkpoint: mdd.unet.down.0.block.1.conv2.weight
Missing in checkpoint: mdd.unet.down.0.block.1.conv2.bias
Missing in checkpoint: mdd.unet.down.0.downsample.conv.weight
Missing in checkpoint: mdd.unet.down.0.downsample.conv.bias
Missing in checkpoint: mdd.unet.down.1.block.0.norm1.weight
Missing in checkpoint: mdd.unet.down.1.block.0.norm1.bias
Missing in checkpoint: mdd.unet.down.1.block.0.conv1.weight
Missing in checkpoint: mdd.unet.down.1.block.0.conv1.bias
Missing in checkpoint: mdd.unet.down.1.block.0.temb_proj.weight
Missing in checkpoint: mdd.unet.down.1.block.0.temb_proj.bias
Missing in checkpoint: mdd.unet.down.1.block.0.norm2.weight
Missing in checkpoint: mdd.unet.down.1.block.0.norm2.bias
Missing in checkpoint: mdd.unet.down.1.block.0.conv2.weight
Missing in checkpoint: mdd.unet.down.1.block.0.conv2.bias
Missing in checkpoint: mdd.unet.down.1.block.0.nin_shortcut.weight
Missing in checkpoint: mdd.unet.down.1.block.0.nin_shortcut.bias
Missing in checkpoint: mdd.unet.down.1.block.1.norm1.weight
Missing in checkpoint: mdd.unet.down.1.block.1.norm1.bias
Missing in checkpoint: mdd.unet.down.1.block.1.conv1.weight
Missing in checkpoint: mdd.unet.down.1.block.1.conv1.bias
Missing in checkpoint: mdd.unet.down.1.block.1.temb_proj.weight
Missing in checkpoint: mdd.unet.down.1.block.1.temb_proj.bias
Missing in checkpoint: mdd.unet.down.1.block.1.norm2.weight
Missing in checkpoint: mdd.unet.down.1.block.1.norm2.bias
Missing in checkpoint: mdd.unet.down.1.block.1.conv2.weight
Missing in checkpoint: mdd.unet.down.1.block.1.conv2.bias
Missing in checkpoint: mdd.unet.down.1.attn.0.self_attn.norm.weight
Missing in checkpoint: mdd.unet.down.1.attn.0.self_attn.norm.bias
Missing in checkpoint: mdd.unet.down.1.attn.0.self_attn.qkv.weight
Missing in checkpoint: mdd.unet.down.1.attn.0.self_attn.qkv.bias
Missing in checkpoint: mdd.unet.down.1.attn.0.self_attn.proj.weight
Missing in checkpoint: mdd.unet.down.1.attn.0.self_attn.proj.bias
Missing in checkpoint: mdd.unet.down.1.attn.0.cross_attn.scale
Missing in checkpoint: mdd.unet.down.1.attn.0.cross_attn.norm.weight
Missing in checkpoint: mdd.unet.down.1.attn.0.cross_attn.norm.bias
Missing in checkpoint: mdd.unet.down.1.attn.0.cross_attn.q_proj.weight
Missing in checkpoint: mdd.unet.down.1.attn.0.cross_attn.q_proj.bias
Missing in checkpoint: mdd.unet.down.1.attn.0.cross_attn.k_proj.weight
Missing in checkpoint: mdd.unet.down.1.attn.0.cross_attn.k_proj.bias
Missing in checkpoint: mdd.unet.down.1.attn.0.cross_attn.v_proj.weight
Missing in checkpoint: mdd.unet.down.1.attn.0.cross_attn.v_proj.bias
Missing in checkpoint: mdd.unet.down.1.attn.0.cross_attn.proj.weight
Missing in checkpoint: mdd.unet.down.1.attn.0.cross_attn.proj.bias
Missing in checkpoint: mdd.unet.down.1.attn.0.ff.norm.weight
Missing in checkpoint: mdd.unet.down.1.attn.0.ff.norm.bias
Missing in checkpoint: mdd.unet.down.1.attn.0.ff.proj1.weight
Missing in checkpoint: mdd.unet.down.1.attn.0.ff.proj1.bias
Missing in checkpoint: mdd.unet.down.1.attn.0.ff.proj2.weight
Missing in checkpoint: mdd.unet.down.1.attn.0.ff.proj2.bias
Missing in checkpoint: mdd.unet.down.1.attn.1.self_attn.norm.weight
Missing in checkpoint: mdd.unet.down.1.attn.1.self_attn.norm.bias
Missing in checkpoint: mdd.unet.down.1.attn.1.self_attn.qkv.weight
Missing in checkpoint: mdd.unet.down.1.attn.1.self_attn.qkv.bias
Missing in checkpoint: mdd.unet.down.1.attn.1.self_attn.proj.weight
Missing in checkpoint: mdd.unet.down.1.attn.1.self_attn.proj.bias
Missing in checkpoint: mdd.unet.down.1.attn.1.cross_attn.scale
Missing in checkpoint: mdd.unet.down.1.attn.1.cross_attn.norm.weight
Missing in checkpoint: mdd.unet.down.1.attn.1.cross_attn.norm.bias
Missing in checkpoint: mdd.unet.down.1.attn.1.cross_attn.q_proj.weight
Missing in checkpoint: mdd.unet.down.1.attn.1.cross_attn.q_proj.bias
Missing in checkpoint: mdd.unet.down.1.attn.1.cross_attn.k_proj.weight
Missing in checkpoint: mdd.unet.down.1.attn.1.cross_attn.k_proj.bias
Missing in checkpoint: mdd.unet.down.1.attn.1.cross_attn.v_proj.weight
Missing in checkpoint: mdd.unet.down.1.attn.1.cross_attn.v_proj.bias
Missing in checkpoint: mdd.unet.down.1.attn.1.cross_attn.proj.weight
Missing in checkpoint: mdd.unet.down.1.attn.1.cross_attn.proj.bias
Missing in checkpoint: mdd.unet.down.1.attn.1.ff.norm.weight
Missing in checkpoint: mdd.unet.down.1.attn.1.ff.norm.bias
Missing in checkpoint: mdd.unet.down.1.attn.1.ff.proj1.weight
Missing in checkpoint: mdd.unet.down.1.attn.1.ff.proj1.bias
Missing in checkpoint: mdd.unet.down.1.attn.1.ff.proj2.weight
Missing in checkpoint: mdd.unet.down.1.attn.1.ff.proj2.bias
Missing in checkpoint: mdd.unet.down.1.downsample.conv.weight
Missing in checkpoint: mdd.unet.down.1.downsample.conv.bias
Missing in checkpoint: mdd.unet.down.2.block.0.norm1.weight
Missing in checkpoint: mdd.unet.down.2.block.0.norm1.bias
Missing in checkpoint: mdd.unet.down.2.block.0.conv1.weight
Missing in checkpoint: mdd.unet.down.2.block.0.conv1.bias
Missing in checkpoint: mdd.unet.down.2.block.0.temb_proj.weight
Missing in checkpoint: mdd.unet.down.2.block.0.temb_proj.bias
Missing in checkpoint: mdd.unet.down.2.block.0.norm2.weight
Missing in checkpoint: mdd.unet.down.2.block.0.norm2.bias
Missing in checkpoint: mdd.unet.down.2.block.0.conv2.weight
Missing in checkpoint: mdd.unet.down.2.block.0.conv2.bias
Missing in checkpoint: mdd.unet.down.2.block.0.nin_shortcut.weight
Missing in checkpoint: mdd.unet.down.2.block.0.nin_shortcut.bias
Missing in checkpoint: mdd.unet.down.2.block.1.norm1.weight
Missing in checkpoint: mdd.unet.down.2.block.1.norm1.bias
Missing in checkpoint: mdd.unet.down.2.block.1.conv1.weight
Missing in checkpoint: mdd.unet.down.2.block.1.conv1.bias
Missing in checkpoint: mdd.unet.down.2.block.1.temb_proj.weight
Missing in checkpoint: mdd.unet.down.2.block.1.temb_proj.bias
Missing in checkpoint: mdd.unet.down.2.block.1.norm2.weight
Missing in checkpoint: mdd.unet.down.2.block.1.norm2.bias
Missing in checkpoint: mdd.unet.down.2.block.1.conv2.weight
Missing in checkpoint: mdd.unet.down.2.block.1.conv2.bias
Missing in checkpoint: mdd.unet.down.2.attn.0.self_attn.norm.weight
Missing in checkpoint: mdd.unet.down.2.attn.0.self_attn.norm.bias
Missing in checkpoint: mdd.unet.down.2.attn.0.self_attn.qkv.weight
Missing in checkpoint: mdd.unet.down.2.attn.0.self_attn.qkv.bias
Missing in checkpoint: mdd.unet.down.2.attn.0.self_attn.proj.weight
Missing in checkpoint: mdd.unet.down.2.attn.0.self_attn.proj.bias
Missing in checkpoint: mdd.unet.down.2.attn.0.cross_attn.scale
Missing in checkpoint: mdd.unet.down.2.attn.0.cross_attn.norm.weight
Missing in checkpoint: mdd.unet.down.2.attn.0.cross_attn.norm.bias
Missing in checkpoint: mdd.unet.down.2.attn.0.cross_attn.q_proj.weight
Missing in checkpoint: mdd.unet.down.2.attn.0.cross_attn.q_proj.bias
Missing in checkpoint: mdd.unet.down.2.attn.0.cross_attn.k_proj.weight
Missing in checkpoint: mdd.unet.down.2.attn.0.cross_attn.k_proj.bias
Missing in checkpoint: mdd.unet.down.2.attn.0.cross_attn.v_proj.weight
Missing in checkpoint: mdd.unet.down.2.attn.0.cross_attn.v_proj.bias
Missing in checkpoint: mdd.unet.down.2.attn.0.cross_attn.proj.weight
Missing in checkpoint: mdd.unet.down.2.attn.0.cross_attn.proj.bias
Missing in checkpoint: mdd.unet.down.2.attn.0.ff.norm.weight
Missing in checkpoint: mdd.unet.down.2.attn.0.ff.norm.bias
Missing in checkpoint: mdd.unet.down.2.attn.0.ff.proj1.weight
Missing in checkpoint: mdd.unet.down.2.attn.0.ff.proj1.bias
Missing in checkpoint: mdd.unet.down.2.attn.0.ff.proj2.weight
Missing in checkpoint: mdd.unet.down.2.attn.0.ff.proj2.bias
Missing in checkpoint: mdd.unet.down.2.attn.1.self_attn.norm.weight
Missing in checkpoint: mdd.unet.down.2.attn.1.self_attn.norm.bias
Missing in checkpoint: mdd.unet.down.2.attn.1.self_attn.qkv.weight
Missing in checkpoint: mdd.unet.down.2.attn.1.self_attn.qkv.bias
Missing in checkpoint: mdd.unet.down.2.attn.1.self_attn.proj.weight
Missing in checkpoint: mdd.unet.down.2.attn.1.self_attn.proj.bias
Missing in checkpoint: mdd.unet.down.2.attn.1.cross_attn.scale
Missing in checkpoint: mdd.unet.down.2.attn.1.cross_attn.norm.weight
Missing in checkpoint: mdd.unet.down.2.attn.1.cross_attn.norm.bias
Missing in checkpoint: mdd.unet.down.2.attn.1.cross_attn.q_proj.weight
Missing in checkpoint: mdd.unet.down.2.attn.1.cross_attn.q_proj.bias
Missing in checkpoint: mdd.unet.down.2.attn.1.cross_attn.k_proj.weight
Missing in checkpoint: mdd.unet.down.2.attn.1.cross_attn.k_proj.bias
Missing in checkpoint: mdd.unet.down.2.attn.1.cross_attn.v_proj.weight
Missing in checkpoint: mdd.unet.down.2.attn.1.cross_attn.v_proj.bias
Missing in checkpoint: mdd.unet.down.2.attn.1.cross_attn.proj.weight
Missing in checkpoint: mdd.unet.down.2.attn.1.cross_attn.proj.bias
Missing in checkpoint: mdd.unet.down.2.attn.1.ff.norm.weight
Missing in checkpoint: mdd.unet.down.2.attn.1.ff.norm.bias
Missing in checkpoint: mdd.unet.down.2.attn.1.ff.proj1.weight
Missing in checkpoint: mdd.unet.down.2.attn.1.ff.proj1.bias
Missing in checkpoint: mdd.unet.down.2.attn.1.ff.proj2.weight
Missing in checkpoint: mdd.unet.down.2.attn.1.ff.proj2.bias
Missing in checkpoint: mdd.unet.mid.block_1.norm1.weight
Missing in checkpoint: mdd.unet.mid.block_1.norm1.bias
Missing in checkpoint: mdd.unet.mid.block_1.conv1.weight
Missing in checkpoint: mdd.unet.mid.block_1.conv1.bias
Missing in checkpoint: mdd.unet.mid.block_1.temb_proj.weight
Missing in checkpoint: mdd.unet.mid.block_1.temb_proj.bias
Missing in checkpoint: mdd.unet.mid.block_1.norm2.weight
Missing in checkpoint: mdd.unet.mid.block_1.norm2.bias
Missing in checkpoint: mdd.unet.mid.block_1.conv2.weight
Missing in checkpoint: mdd.unet.mid.block_1.conv2.bias
Missing in checkpoint: mdd.unet.mid.att.self_attn.norm.weight
Missing in checkpoint: mdd.unet.mid.att.self_attn.norm.bias
Missing in checkpoint: mdd.unet.mid.att.self_attn.qkv.weight
Missing in checkpoint: mdd.unet.mid.att.self_attn.qkv.bias
Missing in checkpoint: mdd.unet.mid.att.self_attn.proj.weight
Missing in checkpoint: mdd.unet.mid.att.self_attn.proj.bias
Missing in checkpoint: mdd.unet.mid.att.cross_attn.scale
Missing in checkpoint: mdd.unet.mid.att.cross_attn.norm.weight
Missing in checkpoint: mdd.unet.mid.att.cross_attn.norm.bias
Missing in checkpoint: mdd.unet.mid.att.cross_attn.q_proj.weight
Missing in checkpoint: mdd.unet.mid.att.cross_attn.q_proj.bias
Missing in checkpoint: mdd.unet.mid.att.cross_attn.k_proj.weight
Missing in checkpoint: mdd.unet.mid.att.cross_attn.k_proj.bias
Missing in checkpoint: mdd.unet.mid.att.cross_attn.v_proj.weight
Missing in checkpoint: mdd.unet.mid.att.cross_attn.v_proj.bias
Missing in checkpoint: mdd.unet.mid.att.cross_attn.proj.weight
Missing in checkpoint: mdd.unet.mid.att.cross_attn.proj.bias
Missing in checkpoint: mdd.unet.mid.att.ff.norm.weight
Missing in checkpoint: mdd.unet.mid.att.ff.norm.bias
Missing in checkpoint: mdd.unet.mid.att.ff.proj1.weight
Missing in checkpoint: mdd.unet.mid.att.ff.proj1.bias
Missing in checkpoint: mdd.unet.mid.att.ff.proj2.weight
Missing in checkpoint: mdd.unet.mid.att.ff.proj2.bias
Missing in checkpoint: mdd.unet.mid.block_2.norm1.weight
Missing in checkpoint: mdd.unet.mid.block_2.norm1.bias
Missing in checkpoint: mdd.unet.mid.block_2.conv1.weight
Missing in checkpoint: mdd.unet.mid.block_2.conv1.bias
Missing in checkpoint: mdd.unet.mid.block_2.temb_proj.weight
Missing in checkpoint: mdd.unet.mid.block_2.temb_proj.bias
Missing in checkpoint: mdd.unet.mid.block_2.norm2.weight
Missing in checkpoint: mdd.unet.mid.block_2.norm2.bias
Missing in checkpoint: mdd.unet.mid.block_2.conv2.weight
Missing in checkpoint: mdd.unet.mid.block_2.conv2.bias
Missing in checkpoint: mdd.unet.up.0.block.0.norm1.weight
Missing in checkpoint: mdd.unet.up.0.block.0.norm1.bias
Missing in checkpoint: mdd.unet.up.0.block.0.conv1.weight
Missing in checkpoint: mdd.unet.up.0.block.0.conv1.bias
Missing in checkpoint: mdd.unet.up.0.block.0.temb_proj.weight
Missing in checkpoint: mdd.unet.up.0.block.0.temb_proj.bias
Missing in checkpoint: mdd.unet.up.0.block.0.norm2.weight
Missing in checkpoint: mdd.unet.up.0.block.0.norm2.bias
Missing in checkpoint: mdd.unet.up.0.block.0.conv2.weight
Missing in checkpoint: mdd.unet.up.0.block.0.conv2.bias
Missing in checkpoint: mdd.unet.up.0.block.0.nin_shortcut.weight
Missing in checkpoint: mdd.unet.up.0.block.0.nin_shortcut.bias
Missing in checkpoint: mdd.unet.up.0.block.1.norm1.weight
Missing in checkpoint: mdd.unet.up.0.block.1.norm1.bias
Missing in checkpoint: mdd.unet.up.0.block.1.conv1.weight
Missing in checkpoint: mdd.unet.up.0.block.1.conv1.bias
Missing in checkpoint: mdd.unet.up.0.block.1.temb_proj.weight
Missing in checkpoint: mdd.unet.up.0.block.1.temb_proj.bias
Missing in checkpoint: mdd.unet.up.0.block.1.norm2.weight
Missing in checkpoint: mdd.unet.up.0.block.1.norm2.bias
Missing in checkpoint: mdd.unet.up.0.block.1.conv2.weight
Missing in checkpoint: mdd.unet.up.0.block.1.conv2.bias
Missing in checkpoint: mdd.unet.up.0.block.1.nin_shortcut.weight
Missing in checkpoint: mdd.unet.up.0.block.1.nin_shortcut.bias
Missing in checkpoint: mdd.unet.up.0.block.2.norm1.weight
Missing in checkpoint: mdd.unet.up.0.block.2.norm1.bias
Missing in checkpoint: mdd.unet.up.0.block.2.conv1.weight
Missing in checkpoint: mdd.unet.up.0.block.2.conv1.bias
Missing in checkpoint: mdd.unet.up.0.block.2.temb_proj.weight
Missing in checkpoint: mdd.unet.up.0.block.2.temb_proj.bias
Missing in checkpoint: mdd.unet.up.0.block.2.norm2.weight
Missing in checkpoint: mdd.unet.up.0.block.2.norm2.bias
Missing in checkpoint: mdd.unet.up.0.block.2.conv2.weight
Missing in checkpoint: mdd.unet.up.0.block.2.conv2.bias
Missing in checkpoint: mdd.unet.up.0.block.2.nin_shortcut.weight
Missing in checkpoint: mdd.unet.up.0.block.2.nin_shortcut.bias
Missing in checkpoint: mdd.unet.up.1.block.0.norm1.weight
Missing in checkpoint: mdd.unet.up.1.block.0.norm1.bias
Missing in checkpoint: mdd.unet.up.1.block.0.conv1.weight
Missing in checkpoint: mdd.unet.up.1.block.0.conv1.bias
Missing in checkpoint: mdd.unet.up.1.block.0.temb_proj.weight
Missing in checkpoint: mdd.unet.up.1.block.0.temb_proj.bias
Missing in checkpoint: mdd.unet.up.1.block.0.norm2.weight
Missing in checkpoint: mdd.unet.up.1.block.0.norm2.bias
Missing in checkpoint: mdd.unet.up.1.block.0.conv2.weight
Missing in checkpoint: mdd.unet.up.1.block.0.conv2.bias
Missing in checkpoint: mdd.unet.up.1.block.0.nin_shortcut.weight
Missing in checkpoint: mdd.unet.up.1.block.0.nin_shortcut.bias
Missing in checkpoint: mdd.unet.up.1.block.1.norm1.weight
Missing in checkpoint: mdd.unet.up.1.block.1.norm1.bias
Missing in checkpoint: mdd.unet.up.1.block.1.conv1.weight
Missing in checkpoint: mdd.unet.up.1.block.1.conv1.bias
Missing in checkpoint: mdd.unet.up.1.block.1.temb_proj.weight
Missing in checkpoint: mdd.unet.up.1.block.1.temb_proj.bias
Missing in checkpoint: mdd.unet.up.1.block.1.norm2.weight
Missing in checkpoint: mdd.unet.up.1.block.1.norm2.bias
Missing in checkpoint: mdd.unet.up.1.block.1.conv2.weight
Missing in checkpoint: mdd.unet.up.1.block.1.conv2.bias
Missing in checkpoint: mdd.unet.up.1.block.1.nin_shortcut.weight
Missing in checkpoint: mdd.unet.up.1.block.1.nin_shortcut.bias
Missing in checkpoint: mdd.unet.up.1.block.2.norm1.weight
Missing in checkpoint: mdd.unet.up.1.block.2.norm1.bias
Missing in checkpoint: mdd.unet.up.1.block.2.conv1.weight
Missing in checkpoint: mdd.unet.up.1.block.2.conv1.bias
Missing in checkpoint: mdd.unet.up.1.block.2.temb_proj.weight
Missing in checkpoint: mdd.unet.up.1.block.2.temb_proj.bias
Missing in checkpoint: mdd.unet.up.1.block.2.norm2.weight
Missing in checkpoint: mdd.unet.up.1.block.2.norm2.bias
Missing in checkpoint: mdd.unet.up.1.block.2.conv2.weight
Missing in checkpoint: mdd.unet.up.1.block.2.conv2.bias
Missing in checkpoint: mdd.unet.up.1.block.2.nin_shortcut.weight
Missing in checkpoint: mdd.unet.up.1.block.2.nin_shortcut.bias
Missing in checkpoint: mdd.unet.up.1.attn.0.self_attn.norm.weight
Missing in checkpoint: mdd.unet.up.1.attn.0.self_attn.norm.bias
Missing in checkpoint: mdd.unet.up.1.attn.0.self_attn.qkv.weight
Missing in checkpoint: mdd.unet.up.1.attn.0.self_attn.qkv.bias
Missing in checkpoint: mdd.unet.up.1.attn.0.self_attn.proj.weight
Missing in checkpoint: mdd.unet.up.1.attn.0.self_attn.proj.bias
Missing in checkpoint: mdd.unet.up.1.attn.0.cross_attn.scale
Missing in checkpoint: mdd.unet.up.1.attn.0.cross_attn.norm.weight
Missing in checkpoint: mdd.unet.up.1.attn.0.cross_attn.norm.bias
Missing in checkpoint: mdd.unet.up.1.attn.0.cross_attn.q_proj.weight
Missing in checkpoint: mdd.unet.up.1.attn.0.cross_attn.q_proj.bias
Missing in checkpoint: mdd.unet.up.1.attn.0.cross_attn.k_proj.weight
Missing in checkpoint: mdd.unet.up.1.attn.0.cross_attn.k_proj.bias
Missing in checkpoint: mdd.unet.up.1.attn.0.cross_attn.v_proj.weight
Missing in checkpoint: mdd.unet.up.1.attn.0.cross_attn.v_proj.bias
Missing in checkpoint: mdd.unet.up.1.attn.0.cross_attn.proj.weight
Missing in checkpoint: mdd.unet.up.1.attn.0.cross_attn.proj.bias
Missing in checkpoint: mdd.unet.up.1.attn.0.ff.norm.weight
Missing in checkpoint: mdd.unet.up.1.attn.0.ff.norm.bias
Missing in checkpoint: mdd.unet.up.1.attn.0.ff.proj1.weight
Missing in checkpoint: mdd.unet.up.1.attn.0.ff.proj1.bias
Missing in checkpoint: mdd.unet.up.1.attn.0.ff.proj2.weight
Missing in checkpoint: mdd.unet.up.1.attn.0.ff.proj2.bias
Missing in checkpoint: mdd.unet.up.1.attn.1.self_attn.norm.weight
Missing in checkpoint: mdd.unet.up.1.attn.1.self_attn.norm.bias
Missing in checkpoint: mdd.unet.up.1.attn.1.self_attn.qkv.weight
Missing in checkpoint: mdd.unet.up.1.attn.1.self_attn.qkv.bias
Missing in checkpoint: mdd.unet.up.1.attn.1.self_attn.proj.weight
Missing in checkpoint: mdd.unet.up.1.attn.1.self_attn.proj.bias
Missing in checkpoint: mdd.unet.up.1.attn.1.cross_attn.scale
Missing in checkpoint: mdd.unet.up.1.attn.1.cross_attn.norm.weight
Missing in checkpoint: mdd.unet.up.1.attn.1.cross_attn.norm.bias
Missing in checkpoint: mdd.unet.up.1.attn.1.cross_attn.q_proj.weight
Missing in checkpoint: mdd.unet.up.1.attn.1.cross_attn.q_proj.bias
Missing in checkpoint: mdd.unet.up.1.attn.1.cross_attn.k_proj.weight
Missing in checkpoint: mdd.unet.up.1.attn.1.cross_attn.k_proj.bias
Missing in checkpoint: mdd.unet.up.1.attn.1.cross_attn.v_proj.weight
Missing in checkpoint: mdd.unet.up.1.attn.1.cross_attn.v_proj.bias
Missing in checkpoint: mdd.unet.up.1.attn.1.cross_attn.proj.weight
Missing in checkpoint: mdd.unet.up.1.attn.1.cross_attn.proj.bias
Missing in checkpoint: mdd.unet.up.1.attn.1.ff.norm.weight
Missing in checkpoint: mdd.unet.up.1.attn.1.ff.norm.bias
Missing in checkpoint: mdd.unet.up.1.attn.1.ff.proj1.weight
Missing in checkpoint: mdd.unet.up.1.attn.1.ff.proj1.bias
Missing in checkpoint: mdd.unet.up.1.attn.1.ff.proj2.weight
Missing in checkpoint: mdd.unet.up.1.attn.1.ff.proj2.bias
Missing in checkpoint: mdd.unet.up.1.attn.2.self_attn.norm.weight
Missing in checkpoint: mdd.unet.up.1.attn.2.self_attn.norm.bias
Missing in checkpoint: mdd.unet.up.1.attn.2.self_attn.qkv.weight
Missing in checkpoint: mdd.unet.up.1.attn.2.self_attn.qkv.bias
Missing in checkpoint: mdd.unet.up.1.attn.2.self_attn.proj.weight
Missing in checkpoint: mdd.unet.up.1.attn.2.self_attn.proj.bias
Missing in checkpoint: mdd.unet.up.1.attn.2.cross_attn.scale
Missing in checkpoint: mdd.unet.up.1.attn.2.cross_attn.norm.weight
Missing in checkpoint: mdd.unet.up.1.attn.2.cross_attn.norm.bias
Missing in checkpoint: mdd.unet.up.1.attn.2.cross_attn.q_proj.weight
Missing in checkpoint: mdd.unet.up.1.attn.2.cross_attn.q_proj.bias
Missing in checkpoint: mdd.unet.up.1.attn.2.cross_attn.k_proj.weight
Missing in checkpoint: mdd.unet.up.1.attn.2.cross_attn.k_proj.bias
Missing in checkpoint: mdd.unet.up.1.attn.2.cross_attn.v_proj.weight
Missing in checkpoint: mdd.unet.up.1.attn.2.cross_attn.v_proj.bias
Missing in checkpoint: mdd.unet.up.1.attn.2.cross_attn.proj.weight
Missing in checkpoint: mdd.unet.up.1.attn.2.cross_attn.proj.bias
Missing in checkpoint: mdd.unet.up.1.attn.2.ff.norm.weight
Missing in checkpoint: mdd.unet.up.1.attn.2.ff.norm.bias
Missing in checkpoint: mdd.unet.up.1.attn.2.ff.proj1.weight
Missing in checkpoint: mdd.unet.up.1.attn.2.ff.proj1.bias
Missing in checkpoint: mdd.unet.up.1.attn.2.ff.proj2.weight
Missing in checkpoint: mdd.unet.up.1.attn.2.ff.proj2.bias
Missing in checkpoint: mdd.unet.up.1.upsample.conv.weight
Missing in checkpoint: mdd.unet.up.1.upsample.conv.bias
Missing in checkpoint: mdd.unet.up.2.block.0.norm1.weight
Missing in checkpoint: mdd.unet.up.2.block.0.norm1.bias
Missing in checkpoint: mdd.unet.up.2.block.0.conv1.weight
Missing in checkpoint: mdd.unet.up.2.block.0.conv1.bias
Missing in checkpoint: mdd.unet.up.2.block.0.temb_proj.weight
Missing in checkpoint: mdd.unet.up.2.block.0.temb_proj.bias
Missing in checkpoint: mdd.unet.up.2.block.0.norm2.weight
Missing in checkpoint: mdd.unet.up.2.block.0.norm2.bias
Missing in checkpoint: mdd.unet.up.2.block.0.conv2.weight
Missing in checkpoint: mdd.unet.up.2.block.0.conv2.bias
Missing in checkpoint: mdd.unet.up.2.block.0.nin_shortcut.weight
Missing in checkpoint: mdd.unet.up.2.block.0.nin_shortcut.bias
Missing in checkpoint: mdd.unet.up.2.block.1.norm1.weight
Missing in checkpoint: mdd.unet.up.2.block.1.norm1.bias
Missing in checkpoint: mdd.unet.up.2.block.1.conv1.weight
Missing in checkpoint: mdd.unet.up.2.block.1.conv1.bias
Missing in checkpoint: mdd.unet.up.2.block.1.temb_proj.weight
Missing in checkpoint: mdd.unet.up.2.block.1.temb_proj.bias
Missing in checkpoint: mdd.unet.up.2.block.1.norm2.weight
Missing in checkpoint: mdd.unet.up.2.block.1.norm2.bias
Missing in checkpoint: mdd.unet.up.2.block.1.conv2.weight
Missing in checkpoint: mdd.unet.up.2.block.1.conv2.bias
Missing in checkpoint: mdd.unet.up.2.block.1.nin_shortcut.weight
Missing in checkpoint: mdd.unet.up.2.block.1.nin_shortcut.bias
Missing in checkpoint: mdd.unet.up.2.block.2.norm1.weight
Missing in checkpoint: mdd.unet.up.2.block.2.norm1.bias
Missing in checkpoint: mdd.unet.up.2.block.2.conv1.weight
Missing in checkpoint: mdd.unet.up.2.block.2.conv1.bias
Missing in checkpoint: mdd.unet.up.2.block.2.temb_proj.weight
Missing in checkpoint: mdd.unet.up.2.block.2.temb_proj.bias
Missing in checkpoint: mdd.unet.up.2.block.2.norm2.weight
Missing in checkpoint: mdd.unet.up.2.block.2.norm2.bias
Missing in checkpoint: mdd.unet.up.2.block.2.conv2.weight
Missing in checkpoint: mdd.unet.up.2.block.2.conv2.bias
Missing in checkpoint: mdd.unet.up.2.block.2.nin_shortcut.weight
Missing in checkpoint: mdd.unet.up.2.block.2.nin_shortcut.bias
Missing in checkpoint: mdd.unet.up.2.attn.0.self_attn.norm.weight
Missing in checkpoint: mdd.unet.up.2.attn.0.self_attn.norm.bias
Missing in checkpoint: mdd.unet.up.2.attn.0.self_attn.qkv.weight
Missing in checkpoint: mdd.unet.up.2.attn.0.self_attn.qkv.bias
Missing in checkpoint: mdd.unet.up.2.attn.0.self_attn.proj.weight
Missing in checkpoint: mdd.unet.up.2.attn.0.self_attn.proj.bias
Missing in checkpoint: mdd.unet.up.2.attn.0.cross_attn.scale
Missing in checkpoint: mdd.unet.up.2.attn.0.cross_attn.norm.weight
Missing in checkpoint: mdd.unet.up.2.attn.0.cross_attn.norm.bias
Missing in checkpoint: mdd.unet.up.2.attn.0.cross_attn.q_proj.weight
Missing in checkpoint: mdd.unet.up.2.attn.0.cross_attn.q_proj.bias
Missing in checkpoint: mdd.unet.up.2.attn.0.cross_attn.k_proj.weight
Missing in checkpoint: mdd.unet.up.2.attn.0.cross_attn.k_proj.bias
Missing in checkpoint: mdd.unet.up.2.attn.0.cross_attn.v_proj.weight
Missing in checkpoint: mdd.unet.up.2.attn.0.cross_attn.v_proj.bias
Missing in checkpoint: mdd.unet.up.2.attn.0.cross_attn.proj.weight
Missing in checkpoint: mdd.unet.up.2.attn.0.cross_attn.proj.bias
Missing in checkpoint: mdd.unet.up.2.attn.0.ff.norm.weight
Missing in checkpoint: mdd.unet.up.2.attn.0.ff.norm.bias
Missing in checkpoint: mdd.unet.up.2.attn.0.ff.proj1.weight
Missing in checkpoint: mdd.unet.up.2.attn.0.ff.proj1.bias
Missing in checkpoint: mdd.unet.up.2.attn.0.ff.proj2.weight
Missing in checkpoint: mdd.unet.up.2.attn.0.ff.proj2.bias
Missing in checkpoint: mdd.unet.up.2.attn.1.self_attn.norm.weight
Missing in checkpoint: mdd.unet.up.2.attn.1.self_attn.norm.bias
Missing in checkpoint: mdd.unet.up.2.attn.1.self_attn.qkv.weight
Missing in checkpoint: mdd.unet.up.2.attn.1.self_attn.qkv.bias
Missing in checkpoint: mdd.unet.up.2.attn.1.self_attn.proj.weight
Missing in checkpoint: mdd.unet.up.2.attn.1.self_attn.proj.bias
Missing in checkpoint: mdd.unet.up.2.attn.1.cross_attn.scale
Missing in checkpoint: mdd.unet.up.2.attn.1.cross_attn.norm.weight
Missing in checkpoint: mdd.unet.up.2.attn.1.cross_attn.norm.bias
Missing in checkpoint: mdd.unet.up.2.attn.1.cross_attn.q_proj.weight
Missing in checkpoint: mdd.unet.up.2.attn.1.cross_attn.q_proj.bias
Missing in checkpoint: mdd.unet.up.2.attn.1.cross_attn.k_proj.weight
Missing in checkpoint: mdd.unet.up.2.attn.1.cross_attn.k_proj.bias
Missing in checkpoint: mdd.unet.up.2.attn.1.cross_attn.v_proj.weight
Missing in checkpoint: mdd.unet.up.2.attn.1.cross_attn.v_proj.bias
Missing in checkpoint: mdd.unet.up.2.attn.1.cross_attn.proj.weight
Missing in checkpoint: mdd.unet.up.2.attn.1.cross_attn.proj.bias
Missing in checkpoint: mdd.unet.up.2.attn.1.ff.norm.weight
Missing in checkpoint: mdd.unet.up.2.attn.1.ff.norm.bias
Missing in checkpoint: mdd.unet.up.2.attn.1.ff.proj1.weight
Missing in checkpoint: mdd.unet.up.2.attn.1.ff.proj1.bias
Missing in checkpoint: mdd.unet.up.2.attn.1.ff.proj2.weight
Missing in checkpoint: mdd.unet.up.2.attn.1.ff.proj2.bias
Missing in checkpoint: mdd.unet.up.2.attn.2.self_attn.norm.weight
Missing in checkpoint: mdd.unet.up.2.attn.2.self_attn.norm.bias
Missing in checkpoint: mdd.unet.up.2.attn.2.self_attn.qkv.weight
Missing in checkpoint: mdd.unet.up.2.attn.2.self_attn.qkv.bias
Missing in checkpoint: mdd.unet.up.2.attn.2.self_attn.proj.weight
Missing in checkpoint: mdd.unet.up.2.attn.2.self_attn.proj.bias
Missing in checkpoint: mdd.unet.up.2.attn.2.cross_attn.scale
Missing in checkpoint: mdd.unet.up.2.attn.2.cross_attn.norm.weight
Missing in checkpoint: mdd.unet.up.2.attn.2.cross_attn.norm.bias
Missing in checkpoint: mdd.unet.up.2.attn.2.cross_attn.q_proj.weight
Missing in checkpoint: mdd.unet.up.2.attn.2.cross_attn.q_proj.bias
Missing in checkpoint: mdd.unet.up.2.attn.2.cross_attn.k_proj.weight
Missing in checkpoint: mdd.unet.up.2.attn.2.cross_attn.k_proj.bias
Missing in checkpoint: mdd.unet.up.2.attn.2.cross_attn.v_proj.weight
Missing in checkpoint: mdd.unet.up.2.attn.2.cross_attn.v_proj.bias
Missing in checkpoint: mdd.unet.up.2.attn.2.cross_attn.proj.weight
Missing in checkpoint: mdd.unet.up.2.attn.2.cross_attn.proj.bias
Missing in checkpoint: mdd.unet.up.2.attn.2.ff.norm.weight
Missing in checkpoint: mdd.unet.up.2.attn.2.ff.norm.bias
Missing in checkpoint: mdd.unet.up.2.attn.2.ff.proj1.weight
Missing in checkpoint: mdd.unet.up.2.attn.2.ff.proj1.bias
Missing in checkpoint: mdd.unet.up.2.attn.2.ff.proj2.weight
Missing in checkpoint: mdd.unet.up.2.attn.2.ff.proj2.bias
Missing in checkpoint: mdd.unet.up.2.upsample.conv.weight
Missing in checkpoint: mdd.unet.up.2.upsample.conv.bias
Missing in checkpoint: mdd.unet.norm_out.weight
Missing in checkpoint: mdd.unet.norm_out.bias
Missing in checkpoint: mdd.unet.conv_out.weight
Missing in checkpoint: mdd.unet.conv_out.bias
Missing in checkpoint: mdd.condition_encoder.0.weight
Missing in checkpoint: mdd.condition_encoder.0.bias
Missing in checkpoint: mdd.condition_encoder.1.weight
Missing in checkpoint: mdd.condition_encoder.1.bias
Missing in checkpoint: mdd.condition_encoder.3.weight
Missing in checkpoint: mdd.condition_encoder.3.bias
Missing in checkpoint: dete_convertor.0.weight
Missing in checkpoint: dete_convertor.0.bias
Missing in checkpoint: dete_convertor.2.weight
Missing in checkpoint: dete_convertor.2.bias

==== Parameters Successfully Loaded ====
Loaded: pillar_vfe.pfn_layers.0.linear.weight, Shape: torch.Size([64, 10])
Loaded: pillar_vfe.pfn_layers.0.norm.weight, Shape: torch.Size([64])
Loaded: pillar_vfe.pfn_layers.0.norm.bias, Shape: torch.Size([64])
Loaded: pillar_vfe.pfn_layers.0.norm.running_mean, Shape: torch.Size([64])
Loaded: pillar_vfe.pfn_layers.0.norm.running_var, Shape: torch.Size([64])
Loaded: pillar_vfe.pfn_layers.0.norm.num_batches_tracked, Shape: torch.Size([])
Loaded: backbone.resnet.layer0.0.conv1.weight, Shape: torch.Size([64, 64, 3, 3])
Loaded: backbone.resnet.layer0.0.bn1.weight, Shape: torch.Size([64])
Loaded: backbone.resnet.layer0.0.bn1.bias, Shape: torch.Size([64])
Loaded: backbone.resnet.layer0.0.bn1.running_mean, Shape: torch.Size([64])
Loaded: backbone.resnet.layer0.0.bn1.running_var, Shape: torch.Size([64])
Loaded: backbone.resnet.layer0.0.bn1.num_batches_tracked, Shape: torch.Size([])
Loaded: backbone.resnet.layer0.0.conv2.weight, Shape: torch.Size([64, 64, 3, 3])
Loaded: backbone.resnet.layer0.0.bn2.weight, Shape: torch.Size([64])
Loaded: backbone.resnet.layer0.0.bn2.bias, Shape: torch.Size([64])
Loaded: backbone.resnet.layer0.0.bn2.running_mean, Shape: torch.Size([64])
Loaded: backbone.resnet.layer0.0.bn2.running_var, Shape: torch.Size([64])
Loaded: backbone.resnet.layer0.0.bn2.num_batches_tracked, Shape: torch.Size([])
Loaded: backbone.resnet.layer0.0.downsample.0.weight, Shape: torch.Size([64, 64, 1, 1])
Loaded: backbone.resnet.layer0.0.downsample.1.weight, Shape: torch.Size([64])
Loaded: backbone.resnet.layer0.0.downsample.1.bias, Shape: torch.Size([64])
Loaded: backbone.resnet.layer0.0.downsample.1.running_mean, Shape: torch.Size([64])
Loaded: backbone.resnet.layer0.0.downsample.1.running_var, Shape: torch.Size([64])
Loaded: backbone.resnet.layer0.0.downsample.1.num_batches_tracked, Shape: torch.Size([])
Loaded: backbone.resnet.layer0.1.conv1.weight, Shape: torch.Size([64, 64, 3, 3])
Loaded: backbone.resnet.layer0.1.bn1.weight, Shape: torch.Size([64])
Loaded: backbone.resnet.layer0.1.bn1.bias, Shape: torch.Size([64])
Loaded: backbone.resnet.layer0.1.bn1.running_mean, Shape: torch.Size([64])
Loaded: backbone.resnet.layer0.1.bn1.running_var, Shape: torch.Size([64])
Loaded: backbone.resnet.layer0.1.bn1.num_batches_tracked, Shape: torch.Size([])
Loaded: backbone.resnet.layer0.1.conv2.weight, Shape: torch.Size([64, 64, 3, 3])
Loaded: backbone.resnet.layer0.1.bn2.weight, Shape: torch.Size([64])
Loaded: backbone.resnet.layer0.1.bn2.bias, Shape: torch.Size([64])
Loaded: backbone.resnet.layer0.1.bn2.running_mean, Shape: torch.Size([64])
Loaded: backbone.resnet.layer0.1.bn2.running_var, Shape: torch.Size([64])
Loaded: backbone.resnet.layer0.1.bn2.num_batches_tracked, Shape: torch.Size([])
Loaded: backbone.resnet.layer0.2.conv1.weight, Shape: torch.Size([64, 64, 3, 3])
Loaded: backbone.resnet.layer0.2.bn1.weight, Shape: torch.Size([64])
Loaded: backbone.resnet.layer0.2.bn1.bias, Shape: torch.Size([64])
Loaded: backbone.resnet.layer0.2.bn1.running_mean, Shape: torch.Size([64])
Loaded: backbone.resnet.layer0.2.bn1.running_var, Shape: torch.Size([64])
Loaded: backbone.resnet.layer0.2.bn1.num_batches_tracked, Shape: torch.Size([])
Loaded: backbone.resnet.layer0.2.conv2.weight, Shape: torch.Size([64, 64, 3, 3])
Loaded: backbone.resnet.layer0.2.bn2.weight, Shape: torch.Size([64])
Loaded: backbone.resnet.layer0.2.bn2.bias, Shape: torch.Size([64])
Loaded: backbone.resnet.layer0.2.bn2.running_mean, Shape: torch.Size([64])
Loaded: backbone.resnet.layer0.2.bn2.running_var, Shape: torch.Size([64])
Loaded: backbone.resnet.layer0.2.bn2.num_batches_tracked, Shape: torch.Size([])
Loaded: backbone.resnet.layer1.0.conv1.weight, Shape: torch.Size([128, 64, 3, 3])
Loaded: backbone.resnet.layer1.0.bn1.weight, Shape: torch.Size([128])
Loaded: backbone.resnet.layer1.0.bn1.bias, Shape: torch.Size([128])
Loaded: backbone.resnet.layer1.0.bn1.running_mean, Shape: torch.Size([128])
Loaded: backbone.resnet.layer1.0.bn1.running_var, Shape: torch.Size([128])
Loaded: backbone.resnet.layer1.0.bn1.num_batches_tracked, Shape: torch.Size([])
Loaded: backbone.resnet.layer1.0.conv2.weight, Shape: torch.Size([128, 128, 3, 3])
Loaded: backbone.resnet.layer1.0.bn2.weight, Shape: torch.Size([128])
Loaded: backbone.resnet.layer1.0.bn2.bias, Shape: torch.Size([128])
Loaded: backbone.resnet.layer1.0.bn2.running_mean, Shape: torch.Size([128])
Loaded: backbone.resnet.layer1.0.bn2.running_var, Shape: torch.Size([128])
Loaded: backbone.resnet.layer1.0.bn2.num_batches_tracked, Shape: torch.Size([])
Loaded: backbone.resnet.layer1.0.downsample.0.weight, Shape: torch.Size([128, 64, 1, 1])
Loaded: backbone.resnet.layer1.0.downsample.1.weight, Shape: torch.Size([128])
Loaded: backbone.resnet.layer1.0.downsample.1.bias, Shape: torch.Size([128])
Loaded: backbone.resnet.layer1.0.downsample.1.running_mean, Shape: torch.Size([128])
Loaded: backbone.resnet.layer1.0.downsample.1.running_var, Shape: torch.Size([128])
Loaded: backbone.resnet.layer1.0.downsample.1.num_batches_tracked, Shape: torch.Size([])
Loaded: backbone.resnet.layer1.1.conv1.weight, Shape: torch.Size([128, 128, 3, 3])
Loaded: backbone.resnet.layer1.1.bn1.weight, Shape: torch.Size([128])
Loaded: backbone.resnet.layer1.1.bn1.bias, Shape: torch.Size([128])
Loaded: backbone.resnet.layer1.1.bn1.running_mean, Shape: torch.Size([128])
Loaded: backbone.resnet.layer1.1.bn1.running_var, Shape: torch.Size([128])
Loaded: backbone.resnet.layer1.1.bn1.num_batches_tracked, Shape: torch.Size([])
Loaded: backbone.resnet.layer1.1.conv2.weight, Shape: torch.Size([128, 128, 3, 3])
Loaded: backbone.resnet.layer1.1.bn2.weight, Shape: torch.Size([128])
Loaded: backbone.resnet.layer1.1.bn2.bias, Shape: torch.Size([128])
Loaded: backbone.resnet.layer1.1.bn2.running_mean, Shape: torch.Size([128])
Loaded: backbone.resnet.layer1.1.bn2.running_var, Shape: torch.Size([128])
Loaded: backbone.resnet.layer1.1.bn2.num_batches_tracked, Shape: torch.Size([])
Loaded: backbone.resnet.layer1.2.conv1.weight, Shape: torch.Size([128, 128, 3, 3])
Loaded: backbone.resnet.layer1.2.bn1.weight, Shape: torch.Size([128])
Loaded: backbone.resnet.layer1.2.bn1.bias, Shape: torch.Size([128])
Loaded: backbone.resnet.layer1.2.bn1.running_mean, Shape: torch.Size([128])
Loaded: backbone.resnet.layer1.2.bn1.running_var, Shape: torch.Size([128])
Loaded: backbone.resnet.layer1.2.bn1.num_batches_tracked, Shape: torch.Size([])
Loaded: backbone.resnet.layer1.2.conv2.weight, Shape: torch.Size([128, 128, 3, 3])
Loaded: backbone.resnet.layer1.2.bn2.weight, Shape: torch.Size([128])
Loaded: backbone.resnet.layer1.2.bn2.bias, Shape: torch.Size([128])
Loaded: backbone.resnet.layer1.2.bn2.running_mean, Shape: torch.Size([128])
Loaded: backbone.resnet.layer1.2.bn2.running_var, Shape: torch.Size([128])
Loaded: backbone.resnet.layer1.2.bn2.num_batches_tracked, Shape: torch.Size([])
Loaded: backbone.resnet.layer1.3.conv1.weight, Shape: torch.Size([128, 128, 3, 3])
Loaded: backbone.resnet.layer1.3.bn1.weight, Shape: torch.Size([128])
Loaded: backbone.resnet.layer1.3.bn1.bias, Shape: torch.Size([128])
Loaded: backbone.resnet.layer1.3.bn1.running_mean, Shape: torch.Size([128])
Loaded: backbone.resnet.layer1.3.bn1.running_var, Shape: torch.Size([128])
Loaded: backbone.resnet.layer1.3.bn1.num_batches_tracked, Shape: torch.Size([])
Loaded: backbone.resnet.layer1.3.conv2.weight, Shape: torch.Size([128, 128, 3, 3])
Loaded: backbone.resnet.layer1.3.bn2.weight, Shape: torch.Size([128])
Loaded: backbone.resnet.layer1.3.bn2.bias, Shape: torch.Size([128])
Loaded: backbone.resnet.layer1.3.bn2.running_mean, Shape: torch.Size([128])
Loaded: backbone.resnet.layer1.3.bn2.running_var, Shape: torch.Size([128])
Loaded: backbone.resnet.layer1.3.bn2.num_batches_tracked, Shape: torch.Size([])
Loaded: backbone.resnet.layer1.4.conv1.weight, Shape: torch.Size([128, 128, 3, 3])
Loaded: backbone.resnet.layer1.4.bn1.weight, Shape: torch.Size([128])
Loaded: backbone.resnet.layer1.4.bn1.bias, Shape: torch.Size([128])
Loaded: backbone.resnet.layer1.4.bn1.running_mean, Shape: torch.Size([128])
Loaded: backbone.resnet.layer1.4.bn1.running_var, Shape: torch.Size([128])
Loaded: backbone.resnet.layer1.4.bn1.num_batches_tracked, Shape: torch.Size([])
Loaded: backbone.resnet.layer1.4.conv2.weight, Shape: torch.Size([128, 128, 3, 3])
Loaded: backbone.resnet.layer1.4.bn2.weight, Shape: torch.Size([128])
Loaded: backbone.resnet.layer1.4.bn2.bias, Shape: torch.Size([128])
Loaded: backbone.resnet.layer1.4.bn2.running_mean, Shape: torch.Size([128])
Loaded: backbone.resnet.layer1.4.bn2.running_var, Shape: torch.Size([128])
Loaded: backbone.resnet.layer1.4.bn2.num_batches_tracked, Shape: torch.Size([])
Loaded: backbone.resnet.layer2.0.conv1.weight, Shape: torch.Size([256, 128, 3, 3])
Loaded: backbone.resnet.layer2.0.bn1.weight, Shape: torch.Size([256])
Loaded: backbone.resnet.layer2.0.bn1.bias, Shape: torch.Size([256])
Loaded: backbone.resnet.layer2.0.bn1.running_mean, Shape: torch.Size([256])
Loaded: backbone.resnet.layer2.0.bn1.running_var, Shape: torch.Size([256])
Loaded: backbone.resnet.layer2.0.bn1.num_batches_tracked, Shape: torch.Size([])
Loaded: backbone.resnet.layer2.0.conv2.weight, Shape: torch.Size([256, 256, 3, 3])
Loaded: backbone.resnet.layer2.0.bn2.weight, Shape: torch.Size([256])
Loaded: backbone.resnet.layer2.0.bn2.bias, Shape: torch.Size([256])
Loaded: backbone.resnet.layer2.0.bn2.running_mean, Shape: torch.Size([256])
Loaded: backbone.resnet.layer2.0.bn2.running_var, Shape: torch.Size([256])
Loaded: backbone.resnet.layer2.0.bn2.num_batches_tracked, Shape: torch.Size([])
Loaded: backbone.resnet.layer2.0.downsample.0.weight, Shape: torch.Size([256, 128, 1, 1])
Loaded: backbone.resnet.layer2.0.downsample.1.weight, Shape: torch.Size([256])
Loaded: backbone.resnet.layer2.0.downsample.1.bias, Shape: torch.Size([256])
Loaded: backbone.resnet.layer2.0.downsample.1.running_mean, Shape: torch.Size([256])
Loaded: backbone.resnet.layer2.0.downsample.1.running_var, Shape: torch.Size([256])
Loaded: backbone.resnet.layer2.0.downsample.1.num_batches_tracked, Shape: torch.Size([])
Loaded: backbone.resnet.layer2.1.conv1.weight, Shape: torch.Size([256, 256, 3, 3])
Loaded: backbone.resnet.layer2.1.bn1.weight, Shape: torch.Size([256])
Loaded: backbone.resnet.layer2.1.bn1.bias, Shape: torch.Size([256])
Loaded: backbone.resnet.layer2.1.bn1.running_mean, Shape: torch.Size([256])
Loaded: backbone.resnet.layer2.1.bn1.running_var, Shape: torch.Size([256])
Loaded: backbone.resnet.layer2.1.bn1.num_batches_tracked, Shape: torch.Size([])
Loaded: backbone.resnet.layer2.1.conv2.weight, Shape: torch.Size([256, 256, 3, 3])
Loaded: backbone.resnet.layer2.1.bn2.weight, Shape: torch.Size([256])
Loaded: backbone.resnet.layer2.1.bn2.bias, Shape: torch.Size([256])
Loaded: backbone.resnet.layer2.1.bn2.running_mean, Shape: torch.Size([256])
Loaded: backbone.resnet.layer2.1.bn2.running_var, Shape: torch.Size([256])
Loaded: backbone.resnet.layer2.1.bn2.num_batches_tracked, Shape: torch.Size([])
Loaded: backbone.resnet.layer2.2.conv1.weight, Shape: torch.Size([256, 256, 3, 3])
Loaded: backbone.resnet.layer2.2.bn1.weight, Shape: torch.Size([256])
Loaded: backbone.resnet.layer2.2.bn1.bias, Shape: torch.Size([256])
Loaded: backbone.resnet.layer2.2.bn1.running_mean, Shape: torch.Size([256])
Loaded: backbone.resnet.layer2.2.bn1.running_var, Shape: torch.Size([256])
Loaded: backbone.resnet.layer2.2.bn1.num_batches_tracked, Shape: torch.Size([])
Loaded: backbone.resnet.layer2.2.conv2.weight, Shape: torch.Size([256, 256, 3, 3])
Loaded: backbone.resnet.layer2.2.bn2.weight, Shape: torch.Size([256])
Loaded: backbone.resnet.layer2.2.bn2.bias, Shape: torch.Size([256])
Loaded: backbone.resnet.layer2.2.bn2.running_mean, Shape: torch.Size([256])
Loaded: backbone.resnet.layer2.2.bn2.running_var, Shape: torch.Size([256])
Loaded: backbone.resnet.layer2.2.bn2.num_batches_tracked, Shape: torch.Size([])
Loaded: backbone.resnet.layer2.3.conv1.weight, Shape: torch.Size([256, 256, 3, 3])
Loaded: backbone.resnet.layer2.3.bn1.weight, Shape: torch.Size([256])
Loaded: backbone.resnet.layer2.3.bn1.bias, Shape: torch.Size([256])
Loaded: backbone.resnet.layer2.3.bn1.running_mean, Shape: torch.Size([256])
Loaded: backbone.resnet.layer2.3.bn1.running_var, Shape: torch.Size([256])
Loaded: backbone.resnet.layer2.3.bn1.num_batches_tracked, Shape: torch.Size([])
Loaded: backbone.resnet.layer2.3.conv2.weight, Shape: torch.Size([256, 256, 3, 3])
Loaded: backbone.resnet.layer2.3.bn2.weight, Shape: torch.Size([256])
Loaded: backbone.resnet.layer2.3.bn2.bias, Shape: torch.Size([256])
Loaded: backbone.resnet.layer2.3.bn2.running_mean, Shape: torch.Size([256])
Loaded: backbone.resnet.layer2.3.bn2.running_var, Shape: torch.Size([256])
Loaded: backbone.resnet.layer2.3.bn2.num_batches_tracked, Shape: torch.Size([])
Loaded: backbone.resnet.layer2.4.conv1.weight, Shape: torch.Size([256, 256, 3, 3])
Loaded: backbone.resnet.layer2.4.bn1.weight, Shape: torch.Size([256])
Loaded: backbone.resnet.layer2.4.bn1.bias, Shape: torch.Size([256])
Loaded: backbone.resnet.layer2.4.bn1.running_mean, Shape: torch.Size([256])
Loaded: backbone.resnet.layer2.4.bn1.running_var, Shape: torch.Size([256])
Loaded: backbone.resnet.layer2.4.bn1.num_batches_tracked, Shape: torch.Size([])
Loaded: backbone.resnet.layer2.4.conv2.weight, Shape: torch.Size([256, 256, 3, 3])
Loaded: backbone.resnet.layer2.4.bn2.weight, Shape: torch.Size([256])
Loaded: backbone.resnet.layer2.4.bn2.bias, Shape: torch.Size([256])
Loaded: backbone.resnet.layer2.4.bn2.running_mean, Shape: torch.Size([256])
Loaded: backbone.resnet.layer2.4.bn2.running_var, Shape: torch.Size([256])
Loaded: backbone.resnet.layer2.4.bn2.num_batches_tracked, Shape: torch.Size([])
Loaded: backbone.resnet.layer2.5.conv1.weight, Shape: torch.Size([256, 256, 3, 3])
Loaded: backbone.resnet.layer2.5.bn1.weight, Shape: torch.Size([256])
Loaded: backbone.resnet.layer2.5.bn1.bias, Shape: torch.Size([256])
Loaded: backbone.resnet.layer2.5.bn1.running_mean, Shape: torch.Size([256])
Loaded: backbone.resnet.layer2.5.bn1.running_var, Shape: torch.Size([256])
Loaded: backbone.resnet.layer2.5.bn1.num_batches_tracked, Shape: torch.Size([])
Loaded: backbone.resnet.layer2.5.conv2.weight, Shape: torch.Size([256, 256, 3, 3])
Loaded: backbone.resnet.layer2.5.bn2.weight, Shape: torch.Size([256])
Loaded: backbone.resnet.layer2.5.bn2.bias, Shape: torch.Size([256])
Loaded: backbone.resnet.layer2.5.bn2.running_mean, Shape: torch.Size([256])
Loaded: backbone.resnet.layer2.5.bn2.running_var, Shape: torch.Size([256])
Loaded: backbone.resnet.layer2.5.bn2.num_batches_tracked, Shape: torch.Size([])
Loaded: backbone.resnet.layer2.6.conv1.weight, Shape: torch.Size([256, 256, 3, 3])
Loaded: backbone.resnet.layer2.6.bn1.weight, Shape: torch.Size([256])
Loaded: backbone.resnet.layer2.6.bn1.bias, Shape: torch.Size([256])
Loaded: backbone.resnet.layer2.6.bn1.running_mean, Shape: torch.Size([256])
Loaded: backbone.resnet.layer2.6.bn1.running_var, Shape: torch.Size([256])
Loaded: backbone.resnet.layer2.6.bn1.num_batches_tracked, Shape: torch.Size([])
Loaded: backbone.resnet.layer2.6.conv2.weight, Shape: torch.Size([256, 256, 3, 3])
Loaded: backbone.resnet.layer2.6.bn2.weight, Shape: torch.Size([256])
Loaded: backbone.resnet.layer2.6.bn2.bias, Shape: torch.Size([256])
Loaded: backbone.resnet.layer2.6.bn2.running_mean, Shape: torch.Size([256])
Loaded: backbone.resnet.layer2.6.bn2.running_var, Shape: torch.Size([256])
Loaded: backbone.resnet.layer2.6.bn2.num_batches_tracked, Shape: torch.Size([])
Loaded: backbone.resnet.layer2.7.conv1.weight, Shape: torch.Size([256, 256, 3, 3])
Loaded: backbone.resnet.layer2.7.bn1.weight, Shape: torch.Size([256])
Loaded: backbone.resnet.layer2.7.bn1.bias, Shape: torch.Size([256])
Loaded: backbone.resnet.layer2.7.bn1.running_mean, Shape: torch.Size([256])
Loaded: backbone.resnet.layer2.7.bn1.running_var, Shape: torch.Size([256])
Loaded: backbone.resnet.layer2.7.bn1.num_batches_tracked, Shape: torch.Size([])
Loaded: backbone.resnet.layer2.7.conv2.weight, Shape: torch.Size([256, 256, 3, 3])
Loaded: backbone.resnet.layer2.7.bn2.weight, Shape: torch.Size([256])
Loaded: backbone.resnet.layer2.7.bn2.bias, Shape: torch.Size([256])
Loaded: backbone.resnet.layer2.7.bn2.running_mean, Shape: torch.Size([256])
Loaded: backbone.resnet.layer2.7.bn2.running_var, Shape: torch.Size([256])
Loaded: backbone.resnet.layer2.7.bn2.num_batches_tracked, Shape: torch.Size([])
Loaded: backbone.deblocks.0.0.weight, Shape: torch.Size([64, 128, 1, 1])
Loaded: backbone.deblocks.0.1.weight, Shape: torch.Size([128])
Loaded: backbone.deblocks.0.1.bias, Shape: torch.Size([128])
Loaded: backbone.deblocks.0.1.running_mean, Shape: torch.Size([128])
Loaded: backbone.deblocks.0.1.running_var, Shape: torch.Size([128])
Loaded: backbone.deblocks.0.1.num_batches_tracked, Shape: torch.Size([])
Loaded: backbone.deblocks.1.0.weight, Shape: torch.Size([128, 128, 2, 2])
Loaded: backbone.deblocks.1.1.weight, Shape: torch.Size([128])
Loaded: backbone.deblocks.1.1.bias, Shape: torch.Size([128])
Loaded: backbone.deblocks.1.1.running_mean, Shape: torch.Size([128])
Loaded: backbone.deblocks.1.1.running_var, Shape: torch.Size([128])
Loaded: backbone.deblocks.1.1.num_batches_tracked, Shape: torch.Size([])
Loaded: backbone.deblocks.2.0.weight, Shape: torch.Size([256, 128, 4, 4])
Loaded: backbone.deblocks.2.1.weight, Shape: torch.Size([128])
Loaded: backbone.deblocks.2.1.bias, Shape: torch.Size([128])
Loaded: backbone.deblocks.2.1.running_mean, Shape: torch.Size([128])
Loaded: backbone.deblocks.2.1.running_var, Shape: torch.Size([128])
Loaded: backbone.deblocks.2.1.num_batches_tracked, Shape: torch.Size([])
Loaded: shrink_conv.layers.0.double_conv.0.weight, Shape: torch.Size([256, 384, 3, 3])
Loaded: shrink_conv.layers.0.double_conv.0.bias, Shape: torch.Size([256])
Loaded: shrink_conv.layers.0.double_conv.2.weight, Shape: torch.Size([256, 256, 3, 3])
Loaded: shrink_conv.layers.0.double_conv.2.bias, Shape: torch.Size([256])
Loaded: head.conv_box.weight, Shape: torch.Size([14, 256, 1, 1])
Loaded: head.conv_box.bias, Shape: torch.Size([14])
Loaded: head.conv_cls.weight, Shape: torch.Size([2, 256, 1, 1])
Loaded: head.conv_cls.bias, Shape: torch.Size([2])
Loaded: head.conv_iou.weight, Shape: torch.Size([2, 256, 1, 1])
Loaded: head.conv_dir.weight, Shape: torch.Size([4, 256, 1, 1])
Loaded: head.conv_dir.bias, Shape: torch.Size([4])
Loaded: rmpa.msa_point_feature_fusion.deal_q.0.0.weight, Shape: torch.Size([16, 64])
Loaded: rmpa.msa_point_feature_fusion.deal_q.0.0.bias, Shape: torch.Size([16])
Loaded: rmpa.msa_point_feature_fusion.deal_q.0.1.weight, Shape: torch.Size([16])
Loaded: rmpa.msa_point_feature_fusion.deal_q.0.1.bias, Shape: torch.Size([16])
Loaded: rmpa.msa_point_feature_fusion.deal_q.0.1.running_mean, Shape: torch.Size([16])
Loaded: rmpa.msa_point_feature_fusion.deal_q.0.1.running_var, Shape: torch.Size([16])
Loaded: rmpa.msa_point_feature_fusion.deal_q.0.1.num_batches_tracked, Shape: torch.Size([])
Loaded: rmpa.msa_point_feature_fusion.deal_q.1.0.weight, Shape: torch.Size([16, 64])
Loaded: rmpa.msa_point_feature_fusion.deal_q.1.0.bias, Shape: torch.Size([16])
Loaded: rmpa.msa_point_feature_fusion.deal_q.1.1.weight, Shape: torch.Size([16])
Loaded: rmpa.msa_point_feature_fusion.deal_q.1.1.bias, Shape: torch.Size([16])
Loaded: rmpa.msa_point_feature_fusion.deal_q.1.1.running_mean, Shape: torch.Size([16])
Loaded: rmpa.msa_point_feature_fusion.deal_q.1.1.running_var, Shape: torch.Size([16])
Loaded: rmpa.msa_point_feature_fusion.deal_q.1.1.num_batches_tracked, Shape: torch.Size([])
Loaded: rmpa.msa_point_feature_fusion.deal_q.2.0.weight, Shape: torch.Size([32, 128])
Loaded: rmpa.msa_point_feature_fusion.deal_q.2.0.bias, Shape: torch.Size([32])
Loaded: rmpa.msa_point_feature_fusion.deal_q.2.1.weight, Shape: torch.Size([32])
Loaded: rmpa.msa_point_feature_fusion.deal_q.2.1.bias, Shape: torch.Size([32])
Loaded: rmpa.msa_point_feature_fusion.deal_q.2.1.running_mean, Shape: torch.Size([32])
Loaded: rmpa.msa_point_feature_fusion.deal_q.2.1.running_var, Shape: torch.Size([32])
Loaded: rmpa.msa_point_feature_fusion.deal_q.2.1.num_batches_tracked, Shape: torch.Size([])
Loaded: rmpa.msa_point_feature_fusion.deal_q.3.0.weight, Shape: torch.Size([64, 256])
Loaded: rmpa.msa_point_feature_fusion.deal_q.3.0.bias, Shape: torch.Size([64])
Loaded: rmpa.msa_point_feature_fusion.deal_q.3.1.weight, Shape: torch.Size([64])
Loaded: rmpa.msa_point_feature_fusion.deal_q.3.1.bias, Shape: torch.Size([64])
Loaded: rmpa.msa_point_feature_fusion.deal_q.3.1.running_mean, Shape: torch.Size([64])
Loaded: rmpa.msa_point_feature_fusion.deal_q.3.1.running_var, Shape: torch.Size([64])
Loaded: rmpa.msa_point_feature_fusion.deal_q.3.1.num_batches_tracked, Shape: torch.Size([])
Loaded: rmpa.msa_point_feature_fusion.stacked_q.0.0.weight, Shape: torch.Size([16, 16])
Loaded: rmpa.msa_point_feature_fusion.stacked_q.0.0.bias, Shape: torch.Size([16])
Loaded: rmpa.msa_point_feature_fusion.stacked_q.0.1.weight, Shape: torch.Size([16])
Loaded: rmpa.msa_point_feature_fusion.stacked_q.0.1.bias, Shape: torch.Size([16])
Loaded: rmpa.msa_point_feature_fusion.stacked_q.0.1.running_mean, Shape: torch.Size([16])
Loaded: rmpa.msa_point_feature_fusion.stacked_q.0.1.running_var, Shape: torch.Size([16])
Loaded: rmpa.msa_point_feature_fusion.stacked_q.0.1.num_batches_tracked, Shape: torch.Size([])
Loaded: rmpa.msa_point_feature_fusion.stacked_q.1.0.weight, Shape: torch.Size([32, 32])
Loaded: rmpa.msa_point_feature_fusion.stacked_q.1.0.bias, Shape: torch.Size([32])
Loaded: rmpa.msa_point_feature_fusion.stacked_q.1.1.weight, Shape: torch.Size([32])
Loaded: rmpa.msa_point_feature_fusion.stacked_q.1.1.bias, Shape: torch.Size([32])
Loaded: rmpa.msa_point_feature_fusion.stacked_q.1.1.running_mean, Shape: torch.Size([32])
Loaded: rmpa.msa_point_feature_fusion.stacked_q.1.1.running_var, Shape: torch.Size([32])
Loaded: rmpa.msa_point_feature_fusion.stacked_q.1.1.num_batches_tracked, Shape: torch.Size([])
Loaded: rmpa.msa_point_feature_fusion.stacked_q.2.0.weight, Shape: torch.Size([64, 64])
Loaded: rmpa.msa_point_feature_fusion.stacked_q.2.0.bias, Shape: torch.Size([64])
Loaded: rmpa.msa_point_feature_fusion.stacked_q.2.1.weight, Shape: torch.Size([64])
Loaded: rmpa.msa_point_feature_fusion.stacked_q.2.1.bias, Shape: torch.Size([64])
Loaded: rmpa.msa_point_feature_fusion.stacked_q.2.1.running_mean, Shape: torch.Size([64])
Loaded: rmpa.msa_point_feature_fusion.stacked_q.2.1.running_var, Shape: torch.Size([64])
Loaded: rmpa.msa_point_feature_fusion.stacked_q.2.1.num_batches_tracked, Shape: torch.Size([])
Loaded: rmpa.msa_point_feature_fusion.stacked_q.3.0.weight, Shape: torch.Size([128, 128])
Loaded: rmpa.msa_point_feature_fusion.stacked_q.3.0.bias, Shape: torch.Size([128])
Loaded: rmpa.msa_point_feature_fusion.stacked_q.3.1.weight, Shape: torch.Size([128])
Loaded: rmpa.msa_point_feature_fusion.stacked_q.3.1.bias, Shape: torch.Size([128])
Loaded: rmpa.msa_point_feature_fusion.stacked_q.3.1.running_mean, Shape: torch.Size([128])
Loaded: rmpa.msa_point_feature_fusion.stacked_q.3.1.running_var, Shape: torch.Size([128])
Loaded: rmpa.msa_point_feature_fusion.stacked_q.3.1.num_batches_tracked, Shape: torch.Size([])
Loaded: rmpa.msa_point_feature_fusion.point_feature_fusion.0.weight, Shape: torch.Size([32, 512])
Loaded: rmpa.msa_point_feature_fusion.point_feature_fusion.1.weight, Shape: torch.Size([32])
Loaded: rmpa.msa_point_feature_fusion.point_feature_fusion.1.bias, Shape: torch.Size([32])
Loaded: rmpa.msa_point_feature_fusion.point_feature_fusion.1.running_mean, Shape: torch.Size([32])
Loaded: rmpa.msa_point_feature_fusion.point_feature_fusion.1.running_var, Shape: torch.Size([32])
Loaded: rmpa.msa_point_feature_fusion.point_feature_fusion.1.num_batches_tracked, Shape: torch.Size([])
Loaded: rmpa.msa_point_feature_fusion.deal_k.0.0.weight, Shape: torch.Size([64, 64])
Loaded: rmpa.msa_point_feature_fusion.deal_k.0.0.bias, Shape: torch.Size([64])
Loaded: rmpa.msa_point_feature_fusion.deal_k.0.1.weight, Shape: torch.Size([64])
Loaded: rmpa.msa_point_feature_fusion.deal_k.0.1.bias, Shape: torch.Size([64])
Loaded: rmpa.msa_point_feature_fusion.deal_k.0.1.running_mean, Shape: torch.Size([64])
Loaded: rmpa.msa_point_feature_fusion.deal_k.0.1.running_var, Shape: torch.Size([64])
Loaded: rmpa.msa_point_feature_fusion.deal_k.0.1.num_batches_tracked, Shape: torch.Size([])
Loaded: rmpa.msa_point_feature_fusion.deal_k.1.0.weight, Shape: torch.Size([64, 64])
Loaded: rmpa.msa_point_feature_fusion.deal_k.1.0.bias, Shape: torch.Size([64])
Loaded: rmpa.msa_point_feature_fusion.deal_k.1.1.weight, Shape: torch.Size([64])
Loaded: rmpa.msa_point_feature_fusion.deal_k.1.1.bias, Shape: torch.Size([64])
Loaded: rmpa.msa_point_feature_fusion.deal_k.1.1.running_mean, Shape: torch.Size([64])
Loaded: rmpa.msa_point_feature_fusion.deal_k.1.1.running_var, Shape: torch.Size([64])
Loaded: rmpa.msa_point_feature_fusion.deal_k.1.1.num_batches_tracked, Shape: torch.Size([])
Loaded: rmpa.msa_point_feature_fusion.deal_k.2.0.weight, Shape: torch.Size([128, 128])
Loaded: rmpa.msa_point_feature_fusion.deal_k.2.0.bias, Shape: torch.Size([128])
Loaded: rmpa.msa_point_feature_fusion.deal_k.2.1.weight, Shape: torch.Size([128])
Loaded: rmpa.msa_point_feature_fusion.deal_k.2.1.bias, Shape: torch.Size([128])
Loaded: rmpa.msa_point_feature_fusion.deal_k.2.1.running_mean, Shape: torch.Size([128])
Loaded: rmpa.msa_point_feature_fusion.deal_k.2.1.running_var, Shape: torch.Size([128])
Loaded: rmpa.msa_point_feature_fusion.deal_k.2.1.num_batches_tracked, Shape: torch.Size([])
Loaded: rmpa.msa_point_feature_fusion.deal_k.3.0.weight, Shape: torch.Size([256, 256])
Loaded: rmpa.msa_point_feature_fusion.deal_k.3.0.bias, Shape: torch.Size([256])
Loaded: rmpa.msa_point_feature_fusion.deal_k.3.1.weight, Shape: torch.Size([256])
Loaded: rmpa.msa_point_feature_fusion.deal_k.3.1.bias, Shape: torch.Size([256])
Loaded: rmpa.msa_point_feature_fusion.deal_k.3.1.running_mean, Shape: torch.Size([256])
Loaded: rmpa.msa_point_feature_fusion.deal_k.3.1.running_var, Shape: torch.Size([256])
Loaded: rmpa.msa_point_feature_fusion.deal_k.3.1.num_batches_tracked, Shape: torch.Size([])
Loaded: roi_head.roi_grid_pool_layer.mlps.0.0.weight, Shape: torch.Size([64, 35, 1, 1])
Loaded: roi_head.roi_grid_pool_layer.mlps.0.1.weight, Shape: torch.Size([64])
Loaded: roi_head.roi_grid_pool_layer.mlps.0.1.bias, Shape: torch.Size([64])
Loaded: roi_head.roi_grid_pool_layer.mlps.0.1.running_mean, Shape: torch.Size([64])
Loaded: roi_head.roi_grid_pool_layer.mlps.0.1.running_var, Shape: torch.Size([64])
Loaded: roi_head.roi_grid_pool_layer.mlps.0.1.num_batches_tracked, Shape: torch.Size([])
Loaded: roi_head.roi_grid_pool_layer.mlps.0.3.weight, Shape: torch.Size([64, 64, 1, 1])
Loaded: roi_head.roi_grid_pool_layer.mlps.0.4.weight, Shape: torch.Size([64])
Loaded: roi_head.roi_grid_pool_layer.mlps.0.4.bias, Shape: torch.Size([64])
Loaded: roi_head.roi_grid_pool_layer.mlps.0.4.running_mean, Shape: torch.Size([64])
Loaded: roi_head.roi_grid_pool_layer.mlps.0.4.running_var, Shape: torch.Size([64])
Loaded: roi_head.roi_grid_pool_layer.mlps.0.4.num_batches_tracked, Shape: torch.Size([])
Loaded: roi_head.roi_grid_pool_layer.mlps.1.0.weight, Shape: torch.Size([64, 35, 1, 1])
Loaded: roi_head.roi_grid_pool_layer.mlps.1.1.weight, Shape: torch.Size([64])
Loaded: roi_head.roi_grid_pool_layer.mlps.1.1.bias, Shape: torch.Size([64])
Loaded: roi_head.roi_grid_pool_layer.mlps.1.1.running_mean, Shape: torch.Size([64])
Loaded: roi_head.roi_grid_pool_layer.mlps.1.1.running_var, Shape: torch.Size([64])
Loaded: roi_head.roi_grid_pool_layer.mlps.1.1.num_batches_tracked, Shape: torch.Size([])
Loaded: roi_head.roi_grid_pool_layer.mlps.1.3.weight, Shape: torch.Size([64, 64, 1, 1])
Loaded: roi_head.roi_grid_pool_layer.mlps.1.4.weight, Shape: torch.Size([64])
Loaded: roi_head.roi_grid_pool_layer.mlps.1.4.bias, Shape: torch.Size([64])
Loaded: roi_head.roi_grid_pool_layer.mlps.1.4.running_mean, Shape: torch.Size([64])
Loaded: roi_head.roi_grid_pool_layer.mlps.1.4.running_var, Shape: torch.Size([64])
Loaded: roi_head.roi_grid_pool_layer.mlps.1.4.num_batches_tracked, Shape: torch.Size([])
Loaded: roi_head.shared_fc_layers.0.weight, Shape: torch.Size([1024, 27648, 1])
Loaded: roi_head.shared_fc_layers.3.weight, Shape: torch.Size([512, 1024, 1])
Loaded: roi_head.convertor.0.weight, Shape: torch.Size([1024, 512, 1])
Loaded: roi_head.convertor.3.weight, Shape: torch.Size([512, 1024, 1])

Number of parameters successfully loaded: 363/836
model data =  tensor(10470514.)
: mdd.unet.temb.dense.0.weight
: mdd.unet.temb.dense.0.bias
: mdd.unet.temb.dense.1.weight
: mdd.unet.temb.dense.1.bias
: mdd.unet.conv_in.weight
: mdd.unet.conv_in.bias
: mdd.unet.down.0.block.0.norm1.weight
: mdd.unet.down.0.block.0.norm1.bias
: mdd.unet.down.0.block.0.conv1.weight
: mdd.unet.down.0.block.0.conv1.bias
: mdd.unet.down.0.block.0.temb_proj.weight
: mdd.unet.down.0.block.0.temb_proj.bias
: mdd.unet.down.0.block.0.norm2.weight
: mdd.unet.down.0.block.0.norm2.bias
: mdd.unet.down.0.block.0.conv2.weight
: mdd.unet.down.0.block.0.conv2.bias
: mdd.unet.down.0.block.1.norm1.weight
: mdd.unet.down.0.block.1.norm1.bias
: mdd.unet.down.0.block.1.conv1.weight
: mdd.unet.down.0.block.1.conv1.bias
: mdd.unet.down.0.block.1.temb_proj.weight
: mdd.unet.down.0.block.1.temb_proj.bias
: mdd.unet.down.0.block.1.norm2.weight
: mdd.unet.down.0.block.1.norm2.bias
: mdd.unet.down.0.block.1.conv2.weight
: mdd.unet.down.0.block.1.conv2.bias
: mdd.unet.down.0.downsample.conv.weight
: mdd.unet.down.0.downsample.conv.bias
: mdd.unet.down.1.block.0.norm1.weight
: mdd.unet.down.1.block.0.norm1.bias
: mdd.unet.down.1.block.0.conv1.weight
: mdd.unet.down.1.block.0.conv1.bias
: mdd.unet.down.1.block.0.temb_proj.weight
: mdd.unet.down.1.block.0.temb_proj.bias
: mdd.unet.down.1.block.0.norm2.weight
: mdd.unet.down.1.block.0.norm2.bias
: mdd.unet.down.1.block.0.conv2.weight
: mdd.unet.down.1.block.0.conv2.bias
: mdd.unet.down.1.block.0.nin_shortcut.weight
: mdd.unet.down.1.block.0.nin_shortcut.bias
: mdd.unet.down.1.block.1.norm1.weight
: mdd.unet.down.1.block.1.norm1.bias
: mdd.unet.down.1.block.1.conv1.weight
: mdd.unet.down.1.block.1.conv1.bias
: mdd.unet.down.1.block.1.temb_proj.weight
: mdd.unet.down.1.block.1.temb_proj.bias
: mdd.unet.down.1.block.1.norm2.weight
: mdd.unet.down.1.block.1.norm2.bias
: mdd.unet.down.1.block.1.conv2.weight
: mdd.unet.down.1.block.1.conv2.bias
: mdd.unet.down.1.attn.0.self_attn.norm.weight
: mdd.unet.down.1.attn.0.self_attn.norm.bias
: mdd.unet.down.1.attn.0.self_attn.qkv.weight
: mdd.unet.down.1.attn.0.self_attn.qkv.bias
: mdd.unet.down.1.attn.0.self_attn.proj.weight
: mdd.unet.down.1.attn.0.self_attn.proj.bias
: mdd.unet.down.1.attn.0.cross_attn.scale
: mdd.unet.down.1.attn.0.cross_attn.norm.weight
: mdd.unet.down.1.attn.0.cross_attn.norm.bias
: mdd.unet.down.1.attn.0.cross_attn.q_proj.weight
: mdd.unet.down.1.attn.0.cross_attn.q_proj.bias
: mdd.unet.down.1.attn.0.cross_attn.k_proj.weight
: mdd.unet.down.1.attn.0.cross_attn.k_proj.bias
: mdd.unet.down.1.attn.0.cross_attn.v_proj.weight
: mdd.unet.down.1.attn.0.cross_attn.v_proj.bias
: mdd.unet.down.1.attn.0.cross_attn.proj.weight
: mdd.unet.down.1.attn.0.cross_attn.proj.bias
: mdd.unet.down.1.attn.0.ff.norm.weight
: mdd.unet.down.1.attn.0.ff.norm.bias
: mdd.unet.down.1.attn.0.ff.proj1.weight
: mdd.unet.down.1.attn.0.ff.proj1.bias
: mdd.unet.down.1.attn.0.ff.proj2.weight
: mdd.unet.down.1.attn.0.ff.proj2.bias
: mdd.unet.down.1.attn.1.self_attn.norm.weight
: mdd.unet.down.1.attn.1.self_attn.norm.bias
: mdd.unet.down.1.attn.1.self_attn.qkv.weight
: mdd.unet.down.1.attn.1.self_attn.qkv.bias
: mdd.unet.down.1.attn.1.self_attn.proj.weight
: mdd.unet.down.1.attn.1.self_attn.proj.bias
: mdd.unet.down.1.attn.1.cross_attn.scale
: mdd.unet.down.1.attn.1.cross_attn.norm.weight
: mdd.unet.down.1.attn.1.cross_attn.norm.bias
: mdd.unet.down.1.attn.1.cross_attn.q_proj.weight
: mdd.unet.down.1.attn.1.cross_attn.q_proj.bias
: mdd.unet.down.1.attn.1.cross_attn.k_proj.weight
: mdd.unet.down.1.attn.1.cross_attn.k_proj.bias
: mdd.unet.down.1.attn.1.cross_attn.v_proj.weight
: mdd.unet.down.1.attn.1.cross_attn.v_proj.bias
: mdd.unet.down.1.attn.1.cross_attn.proj.weight
: mdd.unet.down.1.attn.1.cross_attn.proj.bias
: mdd.unet.down.1.attn.1.ff.norm.weight
: mdd.unet.down.1.attn.1.ff.norm.bias
: mdd.unet.down.1.attn.1.ff.proj1.weight
: mdd.unet.down.1.attn.1.ff.proj1.bias
: mdd.unet.down.1.attn.1.ff.proj2.weight
: mdd.unet.down.1.attn.1.ff.proj2.bias
: mdd.unet.down.1.downsample.conv.weight
: mdd.unet.down.1.downsample.conv.bias
: mdd.unet.down.2.block.0.norm1.weight
: mdd.unet.down.2.block.0.norm1.bias
: mdd.unet.down.2.block.0.conv1.weight
: mdd.unet.down.2.block.0.conv1.bias
: mdd.unet.down.2.block.0.temb_proj.weight
: mdd.unet.down.2.block.0.temb_proj.bias
: mdd.unet.down.2.block.0.norm2.weight
: mdd.unet.down.2.block.0.norm2.bias
: mdd.unet.down.2.block.0.conv2.weight
: mdd.unet.down.2.block.0.conv2.bias
: mdd.unet.down.2.block.0.nin_shortcut.weight
: mdd.unet.down.2.block.0.nin_shortcut.bias
: mdd.unet.down.2.block.1.norm1.weight
: mdd.unet.down.2.block.1.norm1.bias
: mdd.unet.down.2.block.1.conv1.weight
: mdd.unet.down.2.block.1.conv1.bias
: mdd.unet.down.2.block.1.temb_proj.weight
: mdd.unet.down.2.block.1.temb_proj.bias
: mdd.unet.down.2.block.1.norm2.weight
: mdd.unet.down.2.block.1.norm2.bias
: mdd.unet.down.2.block.1.conv2.weight
: mdd.unet.down.2.block.1.conv2.bias
: mdd.unet.down.2.attn.0.self_attn.norm.weight
: mdd.unet.down.2.attn.0.self_attn.norm.bias
: mdd.unet.down.2.attn.0.self_attn.qkv.weight
: mdd.unet.down.2.attn.0.self_attn.qkv.bias
: mdd.unet.down.2.attn.0.self_attn.proj.weight
: mdd.unet.down.2.attn.0.self_attn.proj.bias
: mdd.unet.down.2.attn.0.cross_attn.scale
: mdd.unet.down.2.attn.0.cross_attn.norm.weight
: mdd.unet.down.2.attn.0.cross_attn.norm.bias
: mdd.unet.down.2.attn.0.cross_attn.q_proj.weight
: mdd.unet.down.2.attn.0.cross_attn.q_proj.bias
: mdd.unet.down.2.attn.0.cross_attn.k_proj.weight
: mdd.unet.down.2.attn.0.cross_attn.k_proj.bias
: mdd.unet.down.2.attn.0.cross_attn.v_proj.weight
: mdd.unet.down.2.attn.0.cross_attn.v_proj.bias
: mdd.unet.down.2.attn.0.cross_attn.proj.weight
: mdd.unet.down.2.attn.0.cross_attn.proj.bias
: mdd.unet.down.2.attn.0.ff.norm.weight
: mdd.unet.down.2.attn.0.ff.norm.bias
: mdd.unet.down.2.attn.0.ff.proj1.weight
: mdd.unet.down.2.attn.0.ff.proj1.bias
: mdd.unet.down.2.attn.0.ff.proj2.weight
: mdd.unet.down.2.attn.0.ff.proj2.bias
: mdd.unet.down.2.attn.1.self_attn.norm.weight
: mdd.unet.down.2.attn.1.self_attn.norm.bias
: mdd.unet.down.2.attn.1.self_attn.qkv.weight
: mdd.unet.down.2.attn.1.self_attn.qkv.bias
: mdd.unet.down.2.attn.1.self_attn.proj.weight
: mdd.unet.down.2.attn.1.self_attn.proj.bias
: mdd.unet.down.2.attn.1.cross_attn.scale
: mdd.unet.down.2.attn.1.cross_attn.norm.weight
: mdd.unet.down.2.attn.1.cross_attn.norm.bias
: mdd.unet.down.2.attn.1.cross_attn.q_proj.weight
: mdd.unet.down.2.attn.1.cross_attn.q_proj.bias
: mdd.unet.down.2.attn.1.cross_attn.k_proj.weight
: mdd.unet.down.2.attn.1.cross_attn.k_proj.bias
: mdd.unet.down.2.attn.1.cross_attn.v_proj.weight
: mdd.unet.down.2.attn.1.cross_attn.v_proj.bias
: mdd.unet.down.2.attn.1.cross_attn.proj.weight
: mdd.unet.down.2.attn.1.cross_attn.proj.bias
: mdd.unet.down.2.attn.1.ff.norm.weight
: mdd.unet.down.2.attn.1.ff.norm.bias
: mdd.unet.down.2.attn.1.ff.proj1.weight
: mdd.unet.down.2.attn.1.ff.proj1.bias
: mdd.unet.down.2.attn.1.ff.proj2.weight
: mdd.unet.down.2.attn.1.ff.proj2.bias
: mdd.unet.mid.block_1.norm1.weight
: mdd.unet.mid.block_1.norm1.bias
: mdd.unet.mid.block_1.conv1.weight
: mdd.unet.mid.block_1.conv1.bias
: mdd.unet.mid.block_1.temb_proj.weight
: mdd.unet.mid.block_1.temb_proj.bias
: mdd.unet.mid.block_1.norm2.weight
: mdd.unet.mid.block_1.norm2.bias
: mdd.unet.mid.block_1.conv2.weight
: mdd.unet.mid.block_1.conv2.bias
: mdd.unet.mid.att.self_attn.norm.weight
: mdd.unet.mid.att.self_attn.norm.bias
: mdd.unet.mid.att.self_attn.qkv.weight
: mdd.unet.mid.att.self_attn.qkv.bias
: mdd.unet.mid.att.self_attn.proj.weight
: mdd.unet.mid.att.self_attn.proj.bias
: mdd.unet.mid.att.cross_attn.scale
: mdd.unet.mid.att.cross_attn.norm.weight
: mdd.unet.mid.att.cross_attn.norm.bias
: mdd.unet.mid.att.cross_attn.q_proj.weight
: mdd.unet.mid.att.cross_attn.q_proj.bias
: mdd.unet.mid.att.cross_attn.k_proj.weight
: mdd.unet.mid.att.cross_attn.k_proj.bias
: mdd.unet.mid.att.cross_attn.v_proj.weight
: mdd.unet.mid.att.cross_attn.v_proj.bias
: mdd.unet.mid.att.cross_attn.proj.weight
: mdd.unet.mid.att.cross_attn.proj.bias
: mdd.unet.mid.att.ff.norm.weight
: mdd.unet.mid.att.ff.norm.bias
: mdd.unet.mid.att.ff.proj1.weight
: mdd.unet.mid.att.ff.proj1.bias
: mdd.unet.mid.att.ff.proj2.weight
: mdd.unet.mid.att.ff.proj2.bias
: mdd.unet.mid.block_2.norm1.weight
: mdd.unet.mid.block_2.norm1.bias
: mdd.unet.mid.block_2.conv1.weight
: mdd.unet.mid.block_2.conv1.bias
: mdd.unet.mid.block_2.temb_proj.weight
: mdd.unet.mid.block_2.temb_proj.bias
: mdd.unet.mid.block_2.norm2.weight
: mdd.unet.mid.block_2.norm2.bias
: mdd.unet.mid.block_2.conv2.weight
: mdd.unet.mid.block_2.conv2.bias
: mdd.unet.up.0.block.0.norm1.weight
: mdd.unet.up.0.block.0.norm1.bias
: mdd.unet.up.0.block.0.conv1.weight
: mdd.unet.up.0.block.0.conv1.bias
: mdd.unet.up.0.block.0.temb_proj.weight
: mdd.unet.up.0.block.0.temb_proj.bias
: mdd.unet.up.0.block.0.norm2.weight
: mdd.unet.up.0.block.0.norm2.bias
: mdd.unet.up.0.block.0.conv2.weight
: mdd.unet.up.0.block.0.conv2.bias
: mdd.unet.up.0.block.0.nin_shortcut.weight
: mdd.unet.up.0.block.0.nin_shortcut.bias
: mdd.unet.up.0.block.1.norm1.weight
: mdd.unet.up.0.block.1.norm1.bias
: mdd.unet.up.0.block.1.conv1.weight
: mdd.unet.up.0.block.1.conv1.bias
: mdd.unet.up.0.block.1.temb_proj.weight
: mdd.unet.up.0.block.1.temb_proj.bias
: mdd.unet.up.0.block.1.norm2.weight
: mdd.unet.up.0.block.1.norm2.bias
: mdd.unet.up.0.block.1.conv2.weight
: mdd.unet.up.0.block.1.conv2.bias
: mdd.unet.up.0.block.1.nin_shortcut.weight
: mdd.unet.up.0.block.1.nin_shortcut.bias
: mdd.unet.up.0.block.2.norm1.weight
: mdd.unet.up.0.block.2.norm1.bias
: mdd.unet.up.0.block.2.conv1.weight
: mdd.unet.up.0.block.2.conv1.bias
: mdd.unet.up.0.block.2.temb_proj.weight
: mdd.unet.up.0.block.2.temb_proj.bias
: mdd.unet.up.0.block.2.norm2.weight
: mdd.unet.up.0.block.2.norm2.bias
: mdd.unet.up.0.block.2.conv2.weight
: mdd.unet.up.0.block.2.conv2.bias
: mdd.unet.up.0.block.2.nin_shortcut.weight
: mdd.unet.up.0.block.2.nin_shortcut.bias
: mdd.unet.up.1.block.0.norm1.weight
: mdd.unet.up.1.block.0.norm1.bias
: mdd.unet.up.1.block.0.conv1.weight
: mdd.unet.up.1.block.0.conv1.bias
: mdd.unet.up.1.block.0.temb_proj.weight
: mdd.unet.up.1.block.0.temb_proj.bias
: mdd.unet.up.1.block.0.norm2.weight
: mdd.unet.up.1.block.0.norm2.bias
: mdd.unet.up.1.block.0.conv2.weight
: mdd.unet.up.1.block.0.conv2.bias
: mdd.unet.up.1.block.0.nin_shortcut.weight
: mdd.unet.up.1.block.0.nin_shortcut.bias
: mdd.unet.up.1.block.1.norm1.weight
: mdd.unet.up.1.block.1.norm1.bias
: mdd.unet.up.1.block.1.conv1.weight
: mdd.unet.up.1.block.1.conv1.bias
: mdd.unet.up.1.block.1.temb_proj.weight
: mdd.unet.up.1.block.1.temb_proj.bias
: mdd.unet.up.1.block.1.norm2.weight
: mdd.unet.up.1.block.1.norm2.bias
: mdd.unet.up.1.block.1.conv2.weight
: mdd.unet.up.1.block.1.conv2.bias
: mdd.unet.up.1.block.1.nin_shortcut.weight
: mdd.unet.up.1.block.1.nin_shortcut.bias
: mdd.unet.up.1.block.2.norm1.weight
: mdd.unet.up.1.block.2.norm1.bias
: mdd.unet.up.1.block.2.conv1.weight
: mdd.unet.up.1.block.2.conv1.bias
: mdd.unet.up.1.block.2.temb_proj.weight
: mdd.unet.up.1.block.2.temb_proj.bias
: mdd.unet.up.1.block.2.norm2.weight
: mdd.unet.up.1.block.2.norm2.bias
: mdd.unet.up.1.block.2.conv2.weight
: mdd.unet.up.1.block.2.conv2.bias
: mdd.unet.up.1.block.2.nin_shortcut.weight
: mdd.unet.up.1.block.2.nin_shortcut.bias
: mdd.unet.up.1.attn.0.self_attn.norm.weight
: mdd.unet.up.1.attn.0.self_attn.norm.bias
: mdd.unet.up.1.attn.0.self_attn.qkv.weight
: mdd.unet.up.1.attn.0.self_attn.qkv.bias
: mdd.unet.up.1.attn.0.self_attn.proj.weight
: mdd.unet.up.1.attn.0.self_attn.proj.bias
: mdd.unet.up.1.attn.0.cross_attn.scale
: mdd.unet.up.1.attn.0.cross_attn.norm.weight
: mdd.unet.up.1.attn.0.cross_attn.norm.bias
: mdd.unet.up.1.attn.0.cross_attn.q_proj.weight
: mdd.unet.up.1.attn.0.cross_attn.q_proj.bias
: mdd.unet.up.1.attn.0.cross_attn.k_proj.weight
: mdd.unet.up.1.attn.0.cross_attn.k_proj.bias
: mdd.unet.up.1.attn.0.cross_attn.v_proj.weight
: mdd.unet.up.1.attn.0.cross_attn.v_proj.bias
: mdd.unet.up.1.attn.0.cross_attn.proj.weight
: mdd.unet.up.1.attn.0.cross_attn.proj.bias
: mdd.unet.up.1.attn.0.ff.norm.weight
: mdd.unet.up.1.attn.0.ff.norm.bias
: mdd.unet.up.1.attn.0.ff.proj1.weight
: mdd.unet.up.1.attn.0.ff.proj1.bias
: mdd.unet.up.1.attn.0.ff.proj2.weight
: mdd.unet.up.1.attn.0.ff.proj2.bias
: mdd.unet.up.1.attn.1.self_attn.norm.weight
: mdd.unet.up.1.attn.1.self_attn.norm.bias
: mdd.unet.up.1.attn.1.self_attn.qkv.weight
: mdd.unet.up.1.attn.1.self_attn.qkv.bias
: mdd.unet.up.1.attn.1.self_attn.proj.weight
: mdd.unet.up.1.attn.1.self_attn.proj.bias
: mdd.unet.up.1.attn.1.cross_attn.scale
: mdd.unet.up.1.attn.1.cross_attn.norm.weight
: mdd.unet.up.1.attn.1.cross_attn.norm.bias
: mdd.unet.up.1.attn.1.cross_attn.q_proj.weight
: mdd.unet.up.1.attn.1.cross_attn.q_proj.bias
: mdd.unet.up.1.attn.1.cross_attn.k_proj.weight
: mdd.unet.up.1.attn.1.cross_attn.k_proj.bias
: mdd.unet.up.1.attn.1.cross_attn.v_proj.weight
: mdd.unet.up.1.attn.1.cross_attn.v_proj.bias
: mdd.unet.up.1.attn.1.cross_attn.proj.weight
: mdd.unet.up.1.attn.1.cross_attn.proj.bias
: mdd.unet.up.1.attn.1.ff.norm.weight
: mdd.unet.up.1.attn.1.ff.norm.bias
: mdd.unet.up.1.attn.1.ff.proj1.weight
: mdd.unet.up.1.attn.1.ff.proj1.bias
: mdd.unet.up.1.attn.1.ff.proj2.weight
: mdd.unet.up.1.attn.1.ff.proj2.bias
: mdd.unet.up.1.attn.2.self_attn.norm.weight
: mdd.unet.up.1.attn.2.self_attn.norm.bias
: mdd.unet.up.1.attn.2.self_attn.qkv.weight
: mdd.unet.up.1.attn.2.self_attn.qkv.bias
: mdd.unet.up.1.attn.2.self_attn.proj.weight
: mdd.unet.up.1.attn.2.self_attn.proj.bias
: mdd.unet.up.1.attn.2.cross_attn.scale
: mdd.unet.up.1.attn.2.cross_attn.norm.weight
: mdd.unet.up.1.attn.2.cross_attn.norm.bias
: mdd.unet.up.1.attn.2.cross_attn.q_proj.weight
: mdd.unet.up.1.attn.2.cross_attn.q_proj.bias
: mdd.unet.up.1.attn.2.cross_attn.k_proj.weight
: mdd.unet.up.1.attn.2.cross_attn.k_proj.bias
: mdd.unet.up.1.attn.2.cross_attn.v_proj.weight
: mdd.unet.up.1.attn.2.cross_attn.v_proj.bias
: mdd.unet.up.1.attn.2.cross_attn.proj.weight
: mdd.unet.up.1.attn.2.cross_attn.proj.bias
: mdd.unet.up.1.attn.2.ff.norm.weight
: mdd.unet.up.1.attn.2.ff.norm.bias
: mdd.unet.up.1.attn.2.ff.proj1.weight
: mdd.unet.up.1.attn.2.ff.proj1.bias
: mdd.unet.up.1.attn.2.ff.proj2.weight
: mdd.unet.up.1.attn.2.ff.proj2.bias
: mdd.unet.up.1.upsample.conv.weight
: mdd.unet.up.1.upsample.conv.bias
: mdd.unet.up.2.block.0.norm1.weight
: mdd.unet.up.2.block.0.norm1.bias
: mdd.unet.up.2.block.0.conv1.weight
: mdd.unet.up.2.block.0.conv1.bias
: mdd.unet.up.2.block.0.temb_proj.weight
: mdd.unet.up.2.block.0.temb_proj.bias
: mdd.unet.up.2.block.0.norm2.weight
: mdd.unet.up.2.block.0.norm2.bias
: mdd.unet.up.2.block.0.conv2.weight
: mdd.unet.up.2.block.0.conv2.bias
: mdd.unet.up.2.block.0.nin_shortcut.weight
: mdd.unet.up.2.block.0.nin_shortcut.bias
: mdd.unet.up.2.block.1.norm1.weight
: mdd.unet.up.2.block.1.norm1.bias
: mdd.unet.up.2.block.1.conv1.weight
: mdd.unet.up.2.block.1.conv1.bias
: mdd.unet.up.2.block.1.temb_proj.weight
: mdd.unet.up.2.block.1.temb_proj.bias
: mdd.unet.up.2.block.1.norm2.weight
: mdd.unet.up.2.block.1.norm2.bias
: mdd.unet.up.2.block.1.conv2.weight
: mdd.unet.up.2.block.1.conv2.bias
: mdd.unet.up.2.block.1.nin_shortcut.weight
: mdd.unet.up.2.block.1.nin_shortcut.bias
: mdd.unet.up.2.block.2.norm1.weight
: mdd.unet.up.2.block.2.norm1.bias
: mdd.unet.up.2.block.2.conv1.weight
: mdd.unet.up.2.block.2.conv1.bias
: mdd.unet.up.2.block.2.temb_proj.weight
: mdd.unet.up.2.block.2.temb_proj.bias
: mdd.unet.up.2.block.2.norm2.weight
: mdd.unet.up.2.block.2.norm2.bias
: mdd.unet.up.2.block.2.conv2.weight
: mdd.unet.up.2.block.2.conv2.bias
: mdd.unet.up.2.block.2.nin_shortcut.weight
: mdd.unet.up.2.block.2.nin_shortcut.bias
: mdd.unet.up.2.attn.0.self_attn.norm.weight
: mdd.unet.up.2.attn.0.self_attn.norm.bias
: mdd.unet.up.2.attn.0.self_attn.qkv.weight
: mdd.unet.up.2.attn.0.self_attn.qkv.bias
: mdd.unet.up.2.attn.0.self_attn.proj.weight
: mdd.unet.up.2.attn.0.self_attn.proj.bias
: mdd.unet.up.2.attn.0.cross_attn.scale
: mdd.unet.up.2.attn.0.cross_attn.norm.weight
: mdd.unet.up.2.attn.0.cross_attn.norm.bias
: mdd.unet.up.2.attn.0.cross_attn.q_proj.weight
: mdd.unet.up.2.attn.0.cross_attn.q_proj.bias
: mdd.unet.up.2.attn.0.cross_attn.k_proj.weight
: mdd.unet.up.2.attn.0.cross_attn.k_proj.bias
: mdd.unet.up.2.attn.0.cross_attn.v_proj.weight
: mdd.unet.up.2.attn.0.cross_attn.v_proj.bias
: mdd.unet.up.2.attn.0.cross_attn.proj.weight
: mdd.unet.up.2.attn.0.cross_attn.proj.bias
: mdd.unet.up.2.attn.0.ff.norm.weight
: mdd.unet.up.2.attn.0.ff.norm.bias
: mdd.unet.up.2.attn.0.ff.proj1.weight
: mdd.unet.up.2.attn.0.ff.proj1.bias
: mdd.unet.up.2.attn.0.ff.proj2.weight
: mdd.unet.up.2.attn.0.ff.proj2.bias
: mdd.unet.up.2.attn.1.self_attn.norm.weight
: mdd.unet.up.2.attn.1.self_attn.norm.bias
: mdd.unet.up.2.attn.1.self_attn.qkv.weight
: mdd.unet.up.2.attn.1.self_attn.qkv.bias
: mdd.unet.up.2.attn.1.self_attn.proj.weight
: mdd.unet.up.2.attn.1.self_attn.proj.bias
: mdd.unet.up.2.attn.1.cross_attn.scale
: mdd.unet.up.2.attn.1.cross_attn.norm.weight
: mdd.unet.up.2.attn.1.cross_attn.norm.bias
: mdd.unet.up.2.attn.1.cross_attn.q_proj.weight
: mdd.unet.up.2.attn.1.cross_attn.q_proj.bias
: mdd.unet.up.2.attn.1.cross_attn.k_proj.weight
: mdd.unet.up.2.attn.1.cross_attn.k_proj.bias
: mdd.unet.up.2.attn.1.cross_attn.v_proj.weight
: mdd.unet.up.2.attn.1.cross_attn.v_proj.bias
: mdd.unet.up.2.attn.1.cross_attn.proj.weight
: mdd.unet.up.2.attn.1.cross_attn.proj.bias
: mdd.unet.up.2.attn.1.ff.norm.weight
: mdd.unet.up.2.attn.1.ff.norm.bias
: mdd.unet.up.2.attn.1.ff.proj1.weight
: mdd.unet.up.2.attn.1.ff.proj1.bias
: mdd.unet.up.2.attn.1.ff.proj2.weight
: mdd.unet.up.2.attn.1.ff.proj2.bias
: mdd.unet.up.2.attn.2.self_attn.norm.weight
: mdd.unet.up.2.attn.2.self_attn.norm.bias
: mdd.unet.up.2.attn.2.self_attn.qkv.weight
: mdd.unet.up.2.attn.2.self_attn.qkv.bias
: mdd.unet.up.2.attn.2.self_attn.proj.weight
: mdd.unet.up.2.attn.2.self_attn.proj.bias
: mdd.unet.up.2.attn.2.cross_attn.scale
: mdd.unet.up.2.attn.2.cross_attn.norm.weight
: mdd.unet.up.2.attn.2.cross_attn.norm.bias
: mdd.unet.up.2.attn.2.cross_attn.q_proj.weight
: mdd.unet.up.2.attn.2.cross_attn.q_proj.bias
: mdd.unet.up.2.attn.2.cross_attn.k_proj.weight
: mdd.unet.up.2.attn.2.cross_attn.k_proj.bias
: mdd.unet.up.2.attn.2.cross_attn.v_proj.weight
: mdd.unet.up.2.attn.2.cross_attn.v_proj.bias
: mdd.unet.up.2.attn.2.cross_attn.proj.weight
: mdd.unet.up.2.attn.2.cross_attn.proj.bias
: mdd.unet.up.2.attn.2.ff.norm.weight
: mdd.unet.up.2.attn.2.ff.norm.bias
: mdd.unet.up.2.attn.2.ff.proj1.weight
: mdd.unet.up.2.attn.2.ff.proj1.bias
: mdd.unet.up.2.attn.2.ff.proj2.weight
: mdd.unet.up.2.attn.2.ff.proj2.bias
: mdd.unet.up.2.upsample.conv.weight
: mdd.unet.up.2.upsample.conv.bias
: mdd.unet.norm_out.weight
: mdd.unet.norm_out.bias
: mdd.unet.conv_out.weight
: mdd.unet.conv_out.bias
: mdd.condition_encoder.0.weight
: mdd.condition_encoder.0.bias
: mdd.condition_encoder.1.weight
: mdd.condition_encoder.1.bias
: mdd.condition_encoder.3.weight
: mdd.condition_encoder.3.bias
 469 
 78 epoch
Training start
batch size:  8
learning rate 0.000000
max_log_std: tensor([0.0480, 0.0486, 0.6565])
/datasets/OPV2V/train/2021_08_16_22_26_54/659/000239.yaml
box
/datasets/OPV2V/train/2021_09_09_23_21_21/6871/000677.yaml
box
/datasets/OPV2V/train/2021_09_10_12_07_11/243/000661.yaml
box
/datasets/OPV2V/train/2021_09_09_13_20_58/1252/000148.yaml
box
/datasets/OPV2V/train/2021_08_21_22_21_37/2996/000183.yaml
box
/datasets/OPV2V/train/2021_08_21_22_21_37/2996/000183.yaml
box
/datasets/OPV2V/train/2021_08_16_22_26_54/659/000427.yaml
box
/datasets/OPV2V/train/2021_08_16_22_26_54/659/000667.yaml
box
/datasets/OPV2V/train/2021_08_24_09_58_32/727/000230.yaml
box
/datasets/OPV2V/train/2021_08_23_16_42_39/10710/000174.yaml
box
/datasets/OPV2V/train/2021_08_23_10_47_16/5606/000246.yaml
box
/datasets/OPV2V/train/2021_09_10_12_07_11/243/000137.yaml
box
/datasets/OPV2V/train/2021_08_18_22_16_12/1313/000521.yaml
box
/datasets/OPV2V/train/2021_08_18_21_38_28/1179/000530.yaml
box
/datasets/OPV2V/train/2021_09_10_12_07_11/243/000125.yaml
box
/datasets/OPV2V/train/2021_08_24_12_19_30/4066/000223.yaml
box
/datasets/OPV2V/train/2021_09_10_12_07_11/243/000155.yaml
box
/datasets/OPV2V/train/2021_08_21_15_41_04/4172/000128.yaml
box
/datasets/OPV2V/train/2021_08_21_22_21_37/2996/000179.yaml
box
/datasets/OPV2V/train/2021_09_09_23_21_21/6871/000959.yaml
box
/datasets/OPV2V/train/2021_08_23_13_10_47/533/000100.yaml
box
/datasets/OPV2V/train/2021_08_20_21_00_19/1867/000134.yaml
box
/datasets/OPV2V/train/2021_08_24_21_29_28/4805/000323.yaml
box
/datasets/OPV2V/train/2021_08_16_22_26_54/659/000569.yaml
box
/datasets/OPV2V/train/2021_08_20_21_00_19/1867/000226.yaml
box
/datasets/OPV2V/train/2021_08_21_16_08_42/7908/000448.yaml
box
/datasets/OPV2V/train/2021_08_21_16_08_42/7908/000096.yaml
box
/datasets/OPV2V/train/2021_09_10_12_07_11/243/000073.yaml
box
/datasets/OPV2V/train/2021_09_09_13_20_58/1252/000832.yaml
box
/datasets/OPV2V/train/2021_09_09_23_21_21/6871/000163.yaml
box
/datasets/OPV2V/train/2021_08_22_11_29_38/354/000068.yaml
box
/datasets/OPV2V/train/2021_09_09_22_21_11/6273/000312.yaml
box
/datasets/OPV2V/train/2021_08_18_21_38_28/1179/000088.yaml
box
/datasets/OPV2V/train/2021_08_20_21_00_19/1867/000170.yaml
box
/datasets/OPV2V/train/2021_09_10_12_07_11/243/000173.yaml
box
/datasets/OPV2V/train/2021_08_21_16_08_42/7908/000368.yaml
box
/datasets/OPV2V/train/2021_08_24_09_25_42/1693/000116.yaml
box
/datasets/OPV2V/train/2021_08_21_15_41_04/4172/000280.yaml
box
/datasets/OPV2V/train/2021_08_22_10_46_58/3661/000219.yaml
box
/datasets/OPV2V/train/2021_08_20_21_00_19/1867/000086.yaml
box
/datasets/OPV2V/train/2021_08_24_09_58_32/727/000188.yaml
box
/datasets/OPV2V/train/2021_08_18_22_16_12/1313/000173.yaml
box
/datasets/OPV2V/train/2021_08_21_16_08_42/7908/000248.yaml
box
/datasets/OPV2V/train/2021_09_10_12_07_11/243/000121.yaml
box
/datasets/OPV2V/train/2021_09_10_12_07_11/243/000107.yaml
box
/datasets/OPV2V/train/2021_08_21_21_35_56/2845/000292.yaml
box
/datasets/OPV2V/train/2021_09_10_12_07_11/243/000141.yaml
box
/datasets/OPV2V/train/2021_08_22_10_10_40/7655/000105.yaml
box
/datasets/OPV2V/train/2021_09_10_12_07_11/243/000483.yaml
box
/datasets/OPV2V/train/2021_08_22_08_39_02/3864/000222.yaml
box
/datasets/OPV2V/train/2021_08_24_12_19_30/4066/000341.yaml
box
/datasets/OPV2V/train/2021_08_24_09_25_42/1693/000072.yaml
box
/datasets/OPV2V/train/2021_08_16_22_26_54/659/000487.yaml
box
/datasets/OPV2V/train/2021_08_24_09_25_42/1693/000124.yaml
box
/datasets/OPV2V/train/2021_08_18_18_33_56/702/000070.yaml
box
/datasets/OPV2V/train/2021_08_21_17_00_32/2331/000200.yaml
box
/datasets/OPV2V/train/2021_08_18_23_23_19/1465/000094.yaml
box
/datasets/OPV2V/train/2021_08_21_17_00_32/2331/000232.yaml
box
/datasets/OPV2V/train/2021_09_09_23_21_21/6871/000561.yaml
box
/datasets/OPV2V/train/2021_08_16_22_26_54/659/000785.yaml
box
/datasets/OPV2V/train/2021_08_24_12_19_30/4066/000267.yaml
box
/datasets/OPV2V/train/2021_08_24_12_19_30/4066/000267.yaml
box
/datasets/OPV2V/train/2021_08_20_16_20_46/1729/000092.yaml
box
/datasets/OPV2V/train/2021_08_18_21_38_28/1179/000512.yaml
box
/datasets/OPV2V/train/2021_09_10_12_07_11/243/000127.yaml
box
/datasets/OPV2V/train/2021_08_23_10_47_16/5606/000102.yaml
box
/datasets/OPV2V/train/2021_08_23_10_47_16/5606/000102.yaml
box
/datasets/OPV2V/train/2021_08_24_12_19_30/4066/000091.yaml
box
/datasets/OPV2V/train/2021_08_23_23_08_17/56/000181.yaml
box
/datasets/OPV2V/train/2021_08_24_12_19_30/4066/000421.yaml
box
/datasets/OPV2V/train/2021_08_21_16_08_42/7908/000286.yaml
box
/datasets/OPV2V/train/2021_08_23_13_10_47/533/000162.yaml
box
/datasets/OPV2V/train/2021_08_24_09_58_32/727/000222.yaml
box
/datasets/OPV2V/train/2021_09_09_13_20_58/1252/000460.yaml
box
/datasets/OPV2V/train/2021_08_20_16_20_46/1729/000292.yaml
box
/datasets/OPV2V/train/2021_08_22_07_24_12/3323/000154.yaml
box
too many cavs reinitialize
Training Finished, checkpoints saved to /data/gkx/Code/opencood/tools/../logs/opv2v_point_pillar_lidar_early_2025_06_20_12_55_37
max_log_std: tensor([0.0488, 0.0488, 0.6762])
