Left hand visualizing: False
Creating Model
Postprocessor Stage2 ReDetect:  False
is_resnet
Loading Model from checkpoint
评估结果将保存至: /data/gkx/Code/checkpoints/opv2v/train_1channel_traincond_cls_eps_det/net_epoch89_AP030507_2s.yaml

==== Parameters in Model but not in Checkpoint ====

==== Parameters Successfully Loaded ====
Loaded: pillar_vfe.pfn_layers.0.linear.weight, Shape: torch.Size([64, 10])
Loaded: pillar_vfe.pfn_layers.0.norm.weight, Shape: torch.Size([64])
Loaded: pillar_vfe.pfn_layers.0.norm.bias, Shape: torch.Size([64])
Loaded: pillar_vfe.pfn_layers.0.norm.running_mean, Shape: torch.Size([64])
Loaded: pillar_vfe.pfn_layers.0.norm.running_var, Shape: torch.Size([64])
Loaded: pillar_vfe.pfn_layers.0.norm.num_batches_tracked, Shape: torch.Size([])
Loaded: backbone.resnet.layer0.0.conv1.weight, Shape: torch.Size([64, 64, 3, 3])
Loaded: backbone.resnet.layer0.0.bn1.weight, Shape: torch.Size([64])
Loaded: backbone.resnet.layer0.0.bn1.bias, Shape: torch.Size([64])
Loaded: backbone.resnet.layer0.0.bn1.running_mean, Shape: torch.Size([64])
Loaded: backbone.resnet.layer0.0.bn1.running_var, Shape: torch.Size([64])
Loaded: backbone.resnet.layer0.0.bn1.num_batches_tracked, Shape: torch.Size([])
Loaded: backbone.resnet.layer0.0.conv2.weight, Shape: torch.Size([64, 64, 3, 3])
Loaded: backbone.resnet.layer0.0.bn2.weight, Shape: torch.Size([64])
Loaded: backbone.resnet.layer0.0.bn2.bias, Shape: torch.Size([64])
Loaded: backbone.resnet.layer0.0.bn2.running_mean, Shape: torch.Size([64])
Loaded: backbone.resnet.layer0.0.bn2.running_var, Shape: torch.Size([64])
Loaded: backbone.resnet.layer0.0.bn2.num_batches_tracked, Shape: torch.Size([])
Loaded: backbone.resnet.layer0.0.downsample.0.weight, Shape: torch.Size([64, 64, 1, 1])
Loaded: backbone.resnet.layer0.0.downsample.1.weight, Shape: torch.Size([64])
Loaded: backbone.resnet.layer0.0.downsample.1.bias, Shape: torch.Size([64])
Loaded: backbone.resnet.layer0.0.downsample.1.running_mean, Shape: torch.Size([64])
Loaded: backbone.resnet.layer0.0.downsample.1.running_var, Shape: torch.Size([64])
Loaded: backbone.resnet.layer0.0.downsample.1.num_batches_tracked, Shape: torch.Size([])
Loaded: backbone.resnet.layer0.1.conv1.weight, Shape: torch.Size([64, 64, 3, 3])
Loaded: backbone.resnet.layer0.1.bn1.weight, Shape: torch.Size([64])
Loaded: backbone.resnet.layer0.1.bn1.bias, Shape: torch.Size([64])
Loaded: backbone.resnet.layer0.1.bn1.running_mean, Shape: torch.Size([64])
Loaded: backbone.resnet.layer0.1.bn1.running_var, Shape: torch.Size([64])
Loaded: backbone.resnet.layer0.1.bn1.num_batches_tracked, Shape: torch.Size([])
Loaded: backbone.resnet.layer0.1.conv2.weight, Shape: torch.Size([64, 64, 3, 3])
Loaded: backbone.resnet.layer0.1.bn2.weight, Shape: torch.Size([64])
Loaded: backbone.resnet.layer0.1.bn2.bias, Shape: torch.Size([64])
Loaded: backbone.resnet.layer0.1.bn2.running_mean, Shape: torch.Size([64])
Loaded: backbone.resnet.layer0.1.bn2.running_var, Shape: torch.Size([64])
Loaded: backbone.resnet.layer0.1.bn2.num_batches_tracked, Shape: torch.Size([])
Loaded: backbone.resnet.layer0.2.conv1.weight, Shape: torch.Size([64, 64, 3, 3])
Loaded: backbone.resnet.layer0.2.bn1.weight, Shape: torch.Size([64])
Loaded: backbone.resnet.layer0.2.bn1.bias, Shape: torch.Size([64])
Loaded: backbone.resnet.layer0.2.bn1.running_mean, Shape: torch.Size([64])
Loaded: backbone.resnet.layer0.2.bn1.running_var, Shape: torch.Size([64])
Loaded: backbone.resnet.layer0.2.bn1.num_batches_tracked, Shape: torch.Size([])
Loaded: backbone.resnet.layer0.2.conv2.weight, Shape: torch.Size([64, 64, 3, 3])
Loaded: backbone.resnet.layer0.2.bn2.weight, Shape: torch.Size([64])
Loaded: backbone.resnet.layer0.2.bn2.bias, Shape: torch.Size([64])
Loaded: backbone.resnet.layer0.2.bn2.running_mean, Shape: torch.Size([64])
Loaded: backbone.resnet.layer0.2.bn2.running_var, Shape: torch.Size([64])
Loaded: backbone.resnet.layer0.2.bn2.num_batches_tracked, Shape: torch.Size([])
Loaded: backbone.resnet.layer1.0.conv1.weight, Shape: torch.Size([128, 64, 3, 3])
Loaded: backbone.resnet.layer1.0.bn1.weight, Shape: torch.Size([128])
Loaded: backbone.resnet.layer1.0.bn1.bias, Shape: torch.Size([128])
Loaded: backbone.resnet.layer1.0.bn1.running_mean, Shape: torch.Size([128])
Loaded: backbone.resnet.layer1.0.bn1.running_var, Shape: torch.Size([128])
Loaded: backbone.resnet.layer1.0.bn1.num_batches_tracked, Shape: torch.Size([])
Loaded: backbone.resnet.layer1.0.conv2.weight, Shape: torch.Size([128, 128, 3, 3])
Loaded: backbone.resnet.layer1.0.bn2.weight, Shape: torch.Size([128])
Loaded: backbone.resnet.layer1.0.bn2.bias, Shape: torch.Size([128])
Loaded: backbone.resnet.layer1.0.bn2.running_mean, Shape: torch.Size([128])
Loaded: backbone.resnet.layer1.0.bn2.running_var, Shape: torch.Size([128])
Loaded: backbone.resnet.layer1.0.bn2.num_batches_tracked, Shape: torch.Size([])
Loaded: backbone.resnet.layer1.0.downsample.0.weight, Shape: torch.Size([128, 64, 1, 1])
Loaded: backbone.resnet.layer1.0.downsample.1.weight, Shape: torch.Size([128])
Loaded: backbone.resnet.layer1.0.downsample.1.bias, Shape: torch.Size([128])
Loaded: backbone.resnet.layer1.0.downsample.1.running_mean, Shape: torch.Size([128])
Loaded: backbone.resnet.layer1.0.downsample.1.running_var, Shape: torch.Size([128])
Loaded: backbone.resnet.layer1.0.downsample.1.num_batches_tracked, Shape: torch.Size([])
Loaded: backbone.resnet.layer1.1.conv1.weight, Shape: torch.Size([128, 128, 3, 3])
Loaded: backbone.resnet.layer1.1.bn1.weight, Shape: torch.Size([128])
Loaded: backbone.resnet.layer1.1.bn1.bias, Shape: torch.Size([128])
Loaded: backbone.resnet.layer1.1.bn1.running_mean, Shape: torch.Size([128])
Loaded: backbone.resnet.layer1.1.bn1.running_var, Shape: torch.Size([128])
Loaded: backbone.resnet.layer1.1.bn1.num_batches_tracked, Shape: torch.Size([])
Loaded: backbone.resnet.layer1.1.conv2.weight, Shape: torch.Size([128, 128, 3, 3])
Loaded: backbone.resnet.layer1.1.bn2.weight, Shape: torch.Size([128])
Loaded: backbone.resnet.layer1.1.bn2.bias, Shape: torch.Size([128])
Loaded: backbone.resnet.layer1.1.bn2.running_mean, Shape: torch.Size([128])
Loaded: backbone.resnet.layer1.1.bn2.running_var, Shape: torch.Size([128])
Loaded: backbone.resnet.layer1.1.bn2.num_batches_tracked, Shape: torch.Size([])
Loaded: backbone.resnet.layer1.2.conv1.weight, Shape: torch.Size([128, 128, 3, 3])
Loaded: backbone.resnet.layer1.2.bn1.weight, Shape: torch.Size([128])
Loaded: backbone.resnet.layer1.2.bn1.bias, Shape: torch.Size([128])
Loaded: backbone.resnet.layer1.2.bn1.running_mean, Shape: torch.Size([128])
Loaded: backbone.resnet.layer1.2.bn1.running_var, Shape: torch.Size([128])
Loaded: backbone.resnet.layer1.2.bn1.num_batches_tracked, Shape: torch.Size([])
Loaded: backbone.resnet.layer1.2.conv2.weight, Shape: torch.Size([128, 128, 3, 3])
Loaded: backbone.resnet.layer1.2.bn2.weight, Shape: torch.Size([128])
Loaded: backbone.resnet.layer1.2.bn2.bias, Shape: torch.Size([128])
Loaded: backbone.resnet.layer1.2.bn2.running_mean, Shape: torch.Size([128])
Loaded: backbone.resnet.layer1.2.bn2.running_var, Shape: torch.Size([128])
Loaded: backbone.resnet.layer1.2.bn2.num_batches_tracked, Shape: torch.Size([])
Loaded: backbone.resnet.layer1.3.conv1.weight, Shape: torch.Size([128, 128, 3, 3])
Loaded: backbone.resnet.layer1.3.bn1.weight, Shape: torch.Size([128])
Loaded: backbone.resnet.layer1.3.bn1.bias, Shape: torch.Size([128])
Loaded: backbone.resnet.layer1.3.bn1.running_mean, Shape: torch.Size([128])
Loaded: backbone.resnet.layer1.3.bn1.running_var, Shape: torch.Size([128])
Loaded: backbone.resnet.layer1.3.bn1.num_batches_tracked, Shape: torch.Size([])
Loaded: backbone.resnet.layer1.3.conv2.weight, Shape: torch.Size([128, 128, 3, 3])
Loaded: backbone.resnet.layer1.3.bn2.weight, Shape: torch.Size([128])
Loaded: backbone.resnet.layer1.3.bn2.bias, Shape: torch.Size([128])
Loaded: backbone.resnet.layer1.3.bn2.running_mean, Shape: torch.Size([128])
Loaded: backbone.resnet.layer1.3.bn2.running_var, Shape: torch.Size([128])
Loaded: backbone.resnet.layer1.3.bn2.num_batches_tracked, Shape: torch.Size([])
Loaded: backbone.resnet.layer1.4.conv1.weight, Shape: torch.Size([128, 128, 3, 3])
Loaded: backbone.resnet.layer1.4.bn1.weight, Shape: torch.Size([128])
Loaded: backbone.resnet.layer1.4.bn1.bias, Shape: torch.Size([128])
Loaded: backbone.resnet.layer1.4.bn1.running_mean, Shape: torch.Size([128])
Loaded: backbone.resnet.layer1.4.bn1.running_var, Shape: torch.Size([128])
Loaded: backbone.resnet.layer1.4.bn1.num_batches_tracked, Shape: torch.Size([])
Loaded: backbone.resnet.layer1.4.conv2.weight, Shape: torch.Size([128, 128, 3, 3])
Loaded: backbone.resnet.layer1.4.bn2.weight, Shape: torch.Size([128])
Loaded: backbone.resnet.layer1.4.bn2.bias, Shape: torch.Size([128])
Loaded: backbone.resnet.layer1.4.bn2.running_mean, Shape: torch.Size([128])
Loaded: backbone.resnet.layer1.4.bn2.running_var, Shape: torch.Size([128])
Loaded: backbone.resnet.layer1.4.bn2.num_batches_tracked, Shape: torch.Size([])
Loaded: backbone.resnet.layer2.0.conv1.weight, Shape: torch.Size([256, 128, 3, 3])
Loaded: backbone.resnet.layer2.0.bn1.weight, Shape: torch.Size([256])
Loaded: backbone.resnet.layer2.0.bn1.bias, Shape: torch.Size([256])
Loaded: backbone.resnet.layer2.0.bn1.running_mean, Shape: torch.Size([256])
Loaded: backbone.resnet.layer2.0.bn1.running_var, Shape: torch.Size([256])
Loaded: backbone.resnet.layer2.0.bn1.num_batches_tracked, Shape: torch.Size([])
Loaded: backbone.resnet.layer2.0.conv2.weight, Shape: torch.Size([256, 256, 3, 3])
Loaded: backbone.resnet.layer2.0.bn2.weight, Shape: torch.Size([256])
Loaded: backbone.resnet.layer2.0.bn2.bias, Shape: torch.Size([256])
Loaded: backbone.resnet.layer2.0.bn2.running_mean, Shape: torch.Size([256])
Loaded: backbone.resnet.layer2.0.bn2.running_var, Shape: torch.Size([256])
Loaded: backbone.resnet.layer2.0.bn2.num_batches_tracked, Shape: torch.Size([])
Loaded: backbone.resnet.layer2.0.downsample.0.weight, Shape: torch.Size([256, 128, 1, 1])
Loaded: backbone.resnet.layer2.0.downsample.1.weight, Shape: torch.Size([256])
Loaded: backbone.resnet.layer2.0.downsample.1.bias, Shape: torch.Size([256])
Loaded: backbone.resnet.layer2.0.downsample.1.running_mean, Shape: torch.Size([256])
Loaded: backbone.resnet.layer2.0.downsample.1.running_var, Shape: torch.Size([256])
Loaded: backbone.resnet.layer2.0.downsample.1.num_batches_tracked, Shape: torch.Size([])
Loaded: backbone.resnet.layer2.1.conv1.weight, Shape: torch.Size([256, 256, 3, 3])
Loaded: backbone.resnet.layer2.1.bn1.weight, Shape: torch.Size([256])
Loaded: backbone.resnet.layer2.1.bn1.bias, Shape: torch.Size([256])
Loaded: backbone.resnet.layer2.1.bn1.running_mean, Shape: torch.Size([256])
Loaded: backbone.resnet.layer2.1.bn1.running_var, Shape: torch.Size([256])
Loaded: backbone.resnet.layer2.1.bn1.num_batches_tracked, Shape: torch.Size([])
Loaded: backbone.resnet.layer2.1.conv2.weight, Shape: torch.Size([256, 256, 3, 3])
Loaded: backbone.resnet.layer2.1.bn2.weight, Shape: torch.Size([256])
Loaded: backbone.resnet.layer2.1.bn2.bias, Shape: torch.Size([256])
Loaded: backbone.resnet.layer2.1.bn2.running_mean, Shape: torch.Size([256])
Loaded: backbone.resnet.layer2.1.bn2.running_var, Shape: torch.Size([256])
Loaded: backbone.resnet.layer2.1.bn2.num_batches_tracked, Shape: torch.Size([])
Loaded: backbone.resnet.layer2.2.conv1.weight, Shape: torch.Size([256, 256, 3, 3])
Loaded: backbone.resnet.layer2.2.bn1.weight, Shape: torch.Size([256])
Loaded: backbone.resnet.layer2.2.bn1.bias, Shape: torch.Size([256])
Loaded: backbone.resnet.layer2.2.bn1.running_mean, Shape: torch.Size([256])
Loaded: backbone.resnet.layer2.2.bn1.running_var, Shape: torch.Size([256])
Loaded: backbone.resnet.layer2.2.bn1.num_batches_tracked, Shape: torch.Size([])
Loaded: backbone.resnet.layer2.2.conv2.weight, Shape: torch.Size([256, 256, 3, 3])
Loaded: backbone.resnet.layer2.2.bn2.weight, Shape: torch.Size([256])
Loaded: backbone.resnet.layer2.2.bn2.bias, Shape: torch.Size([256])
Loaded: backbone.resnet.layer2.2.bn2.running_mean, Shape: torch.Size([256])
Loaded: backbone.resnet.layer2.2.bn2.running_var, Shape: torch.Size([256])
Loaded: backbone.resnet.layer2.2.bn2.num_batches_tracked, Shape: torch.Size([])
Loaded: backbone.resnet.layer2.3.conv1.weight, Shape: torch.Size([256, 256, 3, 3])
Loaded: backbone.resnet.layer2.3.bn1.weight, Shape: torch.Size([256])
Loaded: backbone.resnet.layer2.3.bn1.bias, Shape: torch.Size([256])
Loaded: backbone.resnet.layer2.3.bn1.running_mean, Shape: torch.Size([256])
Loaded: backbone.resnet.layer2.3.bn1.running_var, Shape: torch.Size([256])
Loaded: backbone.resnet.layer2.3.bn1.num_batches_tracked, Shape: torch.Size([])
Loaded: backbone.resnet.layer2.3.conv2.weight, Shape: torch.Size([256, 256, 3, 3])
Loaded: backbone.resnet.layer2.3.bn2.weight, Shape: torch.Size([256])
Loaded: backbone.resnet.layer2.3.bn2.bias, Shape: torch.Size([256])
Loaded: backbone.resnet.layer2.3.bn2.running_mean, Shape: torch.Size([256])
Loaded: backbone.resnet.layer2.3.bn2.running_var, Shape: torch.Size([256])
Loaded: backbone.resnet.layer2.3.bn2.num_batches_tracked, Shape: torch.Size([])
Loaded: backbone.resnet.layer2.4.conv1.weight, Shape: torch.Size([256, 256, 3, 3])
Loaded: backbone.resnet.layer2.4.bn1.weight, Shape: torch.Size([256])
Loaded: backbone.resnet.layer2.4.bn1.bias, Shape: torch.Size([256])
Loaded: backbone.resnet.layer2.4.bn1.running_mean, Shape: torch.Size([256])
Loaded: backbone.resnet.layer2.4.bn1.running_var, Shape: torch.Size([256])
Loaded: backbone.resnet.layer2.4.bn1.num_batches_tracked, Shape: torch.Size([])
Loaded: backbone.resnet.layer2.4.conv2.weight, Shape: torch.Size([256, 256, 3, 3])
Loaded: backbone.resnet.layer2.4.bn2.weight, Shape: torch.Size([256])
Loaded: backbone.resnet.layer2.4.bn2.bias, Shape: torch.Size([256])
Loaded: backbone.resnet.layer2.4.bn2.running_mean, Shape: torch.Size([256])
Loaded: backbone.resnet.layer2.4.bn2.running_var, Shape: torch.Size([256])
Loaded: backbone.resnet.layer2.4.bn2.num_batches_tracked, Shape: torch.Size([])
Loaded: backbone.resnet.layer2.5.conv1.weight, Shape: torch.Size([256, 256, 3, 3])
Loaded: backbone.resnet.layer2.5.bn1.weight, Shape: torch.Size([256])
Loaded: backbone.resnet.layer2.5.bn1.bias, Shape: torch.Size([256])
Loaded: backbone.resnet.layer2.5.bn1.running_mean, Shape: torch.Size([256])
Loaded: backbone.resnet.layer2.5.bn1.running_var, Shape: torch.Size([256])
Loaded: backbone.resnet.layer2.5.bn1.num_batches_tracked, Shape: torch.Size([])
Loaded: backbone.resnet.layer2.5.conv2.weight, Shape: torch.Size([256, 256, 3, 3])
Loaded: backbone.resnet.layer2.5.bn2.weight, Shape: torch.Size([256])
Loaded: backbone.resnet.layer2.5.bn2.bias, Shape: torch.Size([256])
Loaded: backbone.resnet.layer2.5.bn2.running_mean, Shape: torch.Size([256])
Loaded: backbone.resnet.layer2.5.bn2.running_var, Shape: torch.Size([256])
Loaded: backbone.resnet.layer2.5.bn2.num_batches_tracked, Shape: torch.Size([])
Loaded: backbone.resnet.layer2.6.conv1.weight, Shape: torch.Size([256, 256, 3, 3])
Loaded: backbone.resnet.layer2.6.bn1.weight, Shape: torch.Size([256])
Loaded: backbone.resnet.layer2.6.bn1.bias, Shape: torch.Size([256])
Loaded: backbone.resnet.layer2.6.bn1.running_mean, Shape: torch.Size([256])
Loaded: backbone.resnet.layer2.6.bn1.running_var, Shape: torch.Size([256])
Loaded: backbone.resnet.layer2.6.bn1.num_batches_tracked, Shape: torch.Size([])
Loaded: backbone.resnet.layer2.6.conv2.weight, Shape: torch.Size([256, 256, 3, 3])
Loaded: backbone.resnet.layer2.6.bn2.weight, Shape: torch.Size([256])
Loaded: backbone.resnet.layer2.6.bn2.bias, Shape: torch.Size([256])
Loaded: backbone.resnet.layer2.6.bn2.running_mean, Shape: torch.Size([256])
Loaded: backbone.resnet.layer2.6.bn2.running_var, Shape: torch.Size([256])
Loaded: backbone.resnet.layer2.6.bn2.num_batches_tracked, Shape: torch.Size([])
Loaded: backbone.resnet.layer2.7.conv1.weight, Shape: torch.Size([256, 256, 3, 3])
Loaded: backbone.resnet.layer2.7.bn1.weight, Shape: torch.Size([256])
Loaded: backbone.resnet.layer2.7.bn1.bias, Shape: torch.Size([256])
Loaded: backbone.resnet.layer2.7.bn1.running_mean, Shape: torch.Size([256])
Loaded: backbone.resnet.layer2.7.bn1.running_var, Shape: torch.Size([256])
Loaded: backbone.resnet.layer2.7.bn1.num_batches_tracked, Shape: torch.Size([])
Loaded: backbone.resnet.layer2.7.conv2.weight, Shape: torch.Size([256, 256, 3, 3])
Loaded: backbone.resnet.layer2.7.bn2.weight, Shape: torch.Size([256])
Loaded: backbone.resnet.layer2.7.bn2.bias, Shape: torch.Size([256])
Loaded: backbone.resnet.layer2.7.bn2.running_mean, Shape: torch.Size([256])
Loaded: backbone.resnet.layer2.7.bn2.running_var, Shape: torch.Size([256])
Loaded: backbone.resnet.layer2.7.bn2.num_batches_tracked, Shape: torch.Size([])
Loaded: backbone.deblocks.0.0.weight, Shape: torch.Size([64, 128, 1, 1])
Loaded: backbone.deblocks.0.1.weight, Shape: torch.Size([128])
Loaded: backbone.deblocks.0.1.bias, Shape: torch.Size([128])
Loaded: backbone.deblocks.0.1.running_mean, Shape: torch.Size([128])
Loaded: backbone.deblocks.0.1.running_var, Shape: torch.Size([128])
Loaded: backbone.deblocks.0.1.num_batches_tracked, Shape: torch.Size([])
Loaded: backbone.deblocks.1.0.weight, Shape: torch.Size([128, 128, 2, 2])
Loaded: backbone.deblocks.1.1.weight, Shape: torch.Size([128])
Loaded: backbone.deblocks.1.1.bias, Shape: torch.Size([128])
Loaded: backbone.deblocks.1.1.running_mean, Shape: torch.Size([128])
Loaded: backbone.deblocks.1.1.running_var, Shape: torch.Size([128])
Loaded: backbone.deblocks.1.1.num_batches_tracked, Shape: torch.Size([])
Loaded: backbone.deblocks.2.0.weight, Shape: torch.Size([256, 128, 4, 4])
Loaded: backbone.deblocks.2.1.weight, Shape: torch.Size([128])
Loaded: backbone.deblocks.2.1.bias, Shape: torch.Size([128])
Loaded: backbone.deblocks.2.1.running_mean, Shape: torch.Size([128])
Loaded: backbone.deblocks.2.1.running_var, Shape: torch.Size([128])
Loaded: backbone.deblocks.2.1.num_batches_tracked, Shape: torch.Size([])
Loaded: shrink_conv.layers.0.double_conv.0.weight, Shape: torch.Size([256, 384, 3, 3])
Loaded: shrink_conv.layers.0.double_conv.0.bias, Shape: torch.Size([256])
Loaded: shrink_conv.layers.0.double_conv.2.weight, Shape: torch.Size([256, 256, 3, 3])
Loaded: shrink_conv.layers.0.double_conv.2.bias, Shape: torch.Size([256])
Loaded: head.conv_box.weight, Shape: torch.Size([14, 256, 1, 1])
Loaded: head.conv_box.bias, Shape: torch.Size([14])
Loaded: head.conv_cls.weight, Shape: torch.Size([2, 256, 1, 1])
Loaded: head.conv_cls.bias, Shape: torch.Size([2])
Loaded: head.conv_iou.weight, Shape: torch.Size([2, 256, 1, 1])
Loaded: head.conv_dir.weight, Shape: torch.Size([4, 256, 1, 1])
Loaded: head.conv_dir.bias, Shape: torch.Size([4])
Loaded: rmpa.msa_point_feature_fusion.deal_q.0.0.weight, Shape: torch.Size([16, 64])
Loaded: rmpa.msa_point_feature_fusion.deal_q.0.0.bias, Shape: torch.Size([16])
Loaded: rmpa.msa_point_feature_fusion.deal_q.0.1.weight, Shape: torch.Size([16])
Loaded: rmpa.msa_point_feature_fusion.deal_q.0.1.bias, Shape: torch.Size([16])
Loaded: rmpa.msa_point_feature_fusion.deal_q.0.1.running_mean, Shape: torch.Size([16])
Loaded: rmpa.msa_point_feature_fusion.deal_q.0.1.running_var, Shape: torch.Size([16])
Loaded: rmpa.msa_point_feature_fusion.deal_q.0.1.num_batches_tracked, Shape: torch.Size([])
Loaded: rmpa.msa_point_feature_fusion.deal_q.1.0.weight, Shape: torch.Size([16, 64])
Loaded: rmpa.msa_point_feature_fusion.deal_q.1.0.bias, Shape: torch.Size([16])
Loaded: rmpa.msa_point_feature_fusion.deal_q.1.1.weight, Shape: torch.Size([16])
Loaded: rmpa.msa_point_feature_fusion.deal_q.1.1.bias, Shape: torch.Size([16])
Loaded: rmpa.msa_point_feature_fusion.deal_q.1.1.running_mean, Shape: torch.Size([16])
Loaded: rmpa.msa_point_feature_fusion.deal_q.1.1.running_var, Shape: torch.Size([16])
Loaded: rmpa.msa_point_feature_fusion.deal_q.1.1.num_batches_tracked, Shape: torch.Size([])
Loaded: rmpa.msa_point_feature_fusion.deal_q.2.0.weight, Shape: torch.Size([32, 128])
Loaded: rmpa.msa_point_feature_fusion.deal_q.2.0.bias, Shape: torch.Size([32])
Loaded: rmpa.msa_point_feature_fusion.deal_q.2.1.weight, Shape: torch.Size([32])
Loaded: rmpa.msa_point_feature_fusion.deal_q.2.1.bias, Shape: torch.Size([32])
Loaded: rmpa.msa_point_feature_fusion.deal_q.2.1.running_mean, Shape: torch.Size([32])
Loaded: rmpa.msa_point_feature_fusion.deal_q.2.1.running_var, Shape: torch.Size([32])
Loaded: rmpa.msa_point_feature_fusion.deal_q.2.1.num_batches_tracked, Shape: torch.Size([])
Loaded: rmpa.msa_point_feature_fusion.deal_q.3.0.weight, Shape: torch.Size([64, 256])
Loaded: rmpa.msa_point_feature_fusion.deal_q.3.0.bias, Shape: torch.Size([64])
Loaded: rmpa.msa_point_feature_fusion.deal_q.3.1.weight, Shape: torch.Size([64])
Loaded: rmpa.msa_point_feature_fusion.deal_q.3.1.bias, Shape: torch.Size([64])
Loaded: rmpa.msa_point_feature_fusion.deal_q.3.1.running_mean, Shape: torch.Size([64])
Loaded: rmpa.msa_point_feature_fusion.deal_q.3.1.running_var, Shape: torch.Size([64])
Loaded: rmpa.msa_point_feature_fusion.deal_q.3.1.num_batches_tracked, Shape: torch.Size([])
Loaded: rmpa.msa_point_feature_fusion.stacked_q.0.0.weight, Shape: torch.Size([16, 16])
Loaded: rmpa.msa_point_feature_fusion.stacked_q.0.0.bias, Shape: torch.Size([16])
Loaded: rmpa.msa_point_feature_fusion.stacked_q.0.1.weight, Shape: torch.Size([16])
Loaded: rmpa.msa_point_feature_fusion.stacked_q.0.1.bias, Shape: torch.Size([16])
Loaded: rmpa.msa_point_feature_fusion.stacked_q.0.1.running_mean, Shape: torch.Size([16])
Loaded: rmpa.msa_point_feature_fusion.stacked_q.0.1.running_var, Shape: torch.Size([16])
Loaded: rmpa.msa_point_feature_fusion.stacked_q.0.1.num_batches_tracked, Shape: torch.Size([])
Loaded: rmpa.msa_point_feature_fusion.stacked_q.1.0.weight, Shape: torch.Size([32, 32])
Loaded: rmpa.msa_point_feature_fusion.stacked_q.1.0.bias, Shape: torch.Size([32])
Loaded: rmpa.msa_point_feature_fusion.stacked_q.1.1.weight, Shape: torch.Size([32])
Loaded: rmpa.msa_point_feature_fusion.stacked_q.1.1.bias, Shape: torch.Size([32])
Loaded: rmpa.msa_point_feature_fusion.stacked_q.1.1.running_mean, Shape: torch.Size([32])
Loaded: rmpa.msa_point_feature_fusion.stacked_q.1.1.running_var, Shape: torch.Size([32])
Loaded: rmpa.msa_point_feature_fusion.stacked_q.1.1.num_batches_tracked, Shape: torch.Size([])
Loaded: rmpa.msa_point_feature_fusion.stacked_q.2.0.weight, Shape: torch.Size([64, 64])
Loaded: rmpa.msa_point_feature_fusion.stacked_q.2.0.bias, Shape: torch.Size([64])
Loaded: rmpa.msa_point_feature_fusion.stacked_q.2.1.weight, Shape: torch.Size([64])
Loaded: rmpa.msa_point_feature_fusion.stacked_q.2.1.bias, Shape: torch.Size([64])
Loaded: rmpa.msa_point_feature_fusion.stacked_q.2.1.running_mean, Shape: torch.Size([64])
Loaded: rmpa.msa_point_feature_fusion.stacked_q.2.1.running_var, Shape: torch.Size([64])
Loaded: rmpa.msa_point_feature_fusion.stacked_q.2.1.num_batches_tracked, Shape: torch.Size([])
Loaded: rmpa.msa_point_feature_fusion.stacked_q.3.0.weight, Shape: torch.Size([128, 128])
Loaded: rmpa.msa_point_feature_fusion.stacked_q.3.0.bias, Shape: torch.Size([128])
Loaded: rmpa.msa_point_feature_fusion.stacked_q.3.1.weight, Shape: torch.Size([128])
Loaded: rmpa.msa_point_feature_fusion.stacked_q.3.1.bias, Shape: torch.Size([128])
Loaded: rmpa.msa_point_feature_fusion.stacked_q.3.1.running_mean, Shape: torch.Size([128])
Loaded: rmpa.msa_point_feature_fusion.stacked_q.3.1.running_var, Shape: torch.Size([128])
Loaded: rmpa.msa_point_feature_fusion.stacked_q.3.1.num_batches_tracked, Shape: torch.Size([])
Loaded: rmpa.msa_point_feature_fusion.point_feature_fusion.0.weight, Shape: torch.Size([32, 512])
Loaded: rmpa.msa_point_feature_fusion.point_feature_fusion.1.weight, Shape: torch.Size([32])
Loaded: rmpa.msa_point_feature_fusion.point_feature_fusion.1.bias, Shape: torch.Size([32])
Loaded: rmpa.msa_point_feature_fusion.point_feature_fusion.1.running_mean, Shape: torch.Size([32])
Loaded: rmpa.msa_point_feature_fusion.point_feature_fusion.1.running_var, Shape: torch.Size([32])
Loaded: rmpa.msa_point_feature_fusion.point_feature_fusion.1.num_batches_tracked, Shape: torch.Size([])
Loaded: rmpa.msa_point_feature_fusion.deal_k.0.0.weight, Shape: torch.Size([64, 64])
Loaded: rmpa.msa_point_feature_fusion.deal_k.0.0.bias, Shape: torch.Size([64])
Loaded: rmpa.msa_point_feature_fusion.deal_k.0.1.weight, Shape: torch.Size([64])
Loaded: rmpa.msa_point_feature_fusion.deal_k.0.1.bias, Shape: torch.Size([64])
Loaded: rmpa.msa_point_feature_fusion.deal_k.0.1.running_mean, Shape: torch.Size([64])
Loaded: rmpa.msa_point_feature_fusion.deal_k.0.1.running_var, Shape: torch.Size([64])
Loaded: rmpa.msa_point_feature_fusion.deal_k.0.1.num_batches_tracked, Shape: torch.Size([])
Loaded: rmpa.msa_point_feature_fusion.deal_k.1.0.weight, Shape: torch.Size([64, 64])
Loaded: rmpa.msa_point_feature_fusion.deal_k.1.0.bias, Shape: torch.Size([64])
Loaded: rmpa.msa_point_feature_fusion.deal_k.1.1.weight, Shape: torch.Size([64])
Loaded: rmpa.msa_point_feature_fusion.deal_k.1.1.bias, Shape: torch.Size([64])
Loaded: rmpa.msa_point_feature_fusion.deal_k.1.1.running_mean, Shape: torch.Size([64])
Loaded: rmpa.msa_point_feature_fusion.deal_k.1.1.running_var, Shape: torch.Size([64])
Loaded: rmpa.msa_point_feature_fusion.deal_k.1.1.num_batches_tracked, Shape: torch.Size([])
Loaded: rmpa.msa_point_feature_fusion.deal_k.2.0.weight, Shape: torch.Size([128, 128])
Loaded: rmpa.msa_point_feature_fusion.deal_k.2.0.bias, Shape: torch.Size([128])
Loaded: rmpa.msa_point_feature_fusion.deal_k.2.1.weight, Shape: torch.Size([128])
Loaded: rmpa.msa_point_feature_fusion.deal_k.2.1.bias, Shape: torch.Size([128])
Loaded: rmpa.msa_point_feature_fusion.deal_k.2.1.running_mean, Shape: torch.Size([128])
Loaded: rmpa.msa_point_feature_fusion.deal_k.2.1.running_var, Shape: torch.Size([128])
Loaded: rmpa.msa_point_feature_fusion.deal_k.2.1.num_batches_tracked, Shape: torch.Size([])
Loaded: rmpa.msa_point_feature_fusion.deal_k.3.0.weight, Shape: torch.Size([256, 256])
Loaded: rmpa.msa_point_feature_fusion.deal_k.3.0.bias, Shape: torch.Size([256])
Loaded: rmpa.msa_point_feature_fusion.deal_k.3.1.weight, Shape: torch.Size([256])
Loaded: rmpa.msa_point_feature_fusion.deal_k.3.1.bias, Shape: torch.Size([256])
Loaded: rmpa.msa_point_feature_fusion.deal_k.3.1.running_mean, Shape: torch.Size([256])
Loaded: rmpa.msa_point_feature_fusion.deal_k.3.1.running_var, Shape: torch.Size([256])
Loaded: rmpa.msa_point_feature_fusion.deal_k.3.1.num_batches_tracked, Shape: torch.Size([])
Loaded: roi_head.roi_grid_pool_layer.mlps.0.0.weight, Shape: torch.Size([64, 35, 1, 1])
Loaded: roi_head.roi_grid_pool_layer.mlps.0.1.weight, Shape: torch.Size([64])
Loaded: roi_head.roi_grid_pool_layer.mlps.0.1.bias, Shape: torch.Size([64])
Loaded: roi_head.roi_grid_pool_layer.mlps.0.1.running_mean, Shape: torch.Size([64])
Loaded: roi_head.roi_grid_pool_layer.mlps.0.1.running_var, Shape: torch.Size([64])
Loaded: roi_head.roi_grid_pool_layer.mlps.0.1.num_batches_tracked, Shape: torch.Size([])
Loaded: roi_head.roi_grid_pool_layer.mlps.0.3.weight, Shape: torch.Size([64, 64, 1, 1])
Loaded: roi_head.roi_grid_pool_layer.mlps.0.4.weight, Shape: torch.Size([64])
Loaded: roi_head.roi_grid_pool_layer.mlps.0.4.bias, Shape: torch.Size([64])
Loaded: roi_head.roi_grid_pool_layer.mlps.0.4.running_mean, Shape: torch.Size([64])
Loaded: roi_head.roi_grid_pool_layer.mlps.0.4.running_var, Shape: torch.Size([64])
Loaded: roi_head.roi_grid_pool_layer.mlps.0.4.num_batches_tracked, Shape: torch.Size([])
Loaded: roi_head.roi_grid_pool_layer.mlps.1.0.weight, Shape: torch.Size([64, 35, 1, 1])
Loaded: roi_head.roi_grid_pool_layer.mlps.1.1.weight, Shape: torch.Size([64])
Loaded: roi_head.roi_grid_pool_layer.mlps.1.1.bias, Shape: torch.Size([64])
Loaded: roi_head.roi_grid_pool_layer.mlps.1.1.running_mean, Shape: torch.Size([64])
Loaded: roi_head.roi_grid_pool_layer.mlps.1.1.running_var, Shape: torch.Size([64])
Loaded: roi_head.roi_grid_pool_layer.mlps.1.1.num_batches_tracked, Shape: torch.Size([])
Loaded: roi_head.roi_grid_pool_layer.mlps.1.3.weight, Shape: torch.Size([64, 64, 1, 1])
Loaded: roi_head.roi_grid_pool_layer.mlps.1.4.weight, Shape: torch.Size([64])
Loaded: roi_head.roi_grid_pool_layer.mlps.1.4.bias, Shape: torch.Size([64])
Loaded: roi_head.roi_grid_pool_layer.mlps.1.4.running_mean, Shape: torch.Size([64])
Loaded: roi_head.roi_grid_pool_layer.mlps.1.4.running_var, Shape: torch.Size([64])
Loaded: roi_head.roi_grid_pool_layer.mlps.1.4.num_batches_tracked, Shape: torch.Size([])
Loaded: roi_head.shared_fc_layers.0.weight, Shape: torch.Size([1024, 27648, 1])
Loaded: roi_head.shared_fc_layers.3.weight, Shape: torch.Size([512, 1024, 1])
Loaded: roi_head.convertor.0.weight, Shape: torch.Size([1024, 512, 1])
Loaded: roi_head.convertor.3.weight, Shape: torch.Size([512, 1024, 1])
Loaded: mdd.unet.temb.dense.0.weight, Shape: torch.Size([256, 64])
Loaded: mdd.unet.temb.dense.0.bias, Shape: torch.Size([256])
Loaded: mdd.unet.temb.dense.1.weight, Shape: torch.Size([256, 256])
Loaded: mdd.unet.temb.dense.1.bias, Shape: torch.Size([256])
Loaded: mdd.unet.conv_in.weight, Shape: torch.Size([64, 1, 3, 3])
Loaded: mdd.unet.conv_in.bias, Shape: torch.Size([64])
Loaded: mdd.unet.down.0.block.0.norm1.weight, Shape: torch.Size([64])
Loaded: mdd.unet.down.0.block.0.norm1.bias, Shape: torch.Size([64])
Loaded: mdd.unet.down.0.block.0.conv1.weight, Shape: torch.Size([64, 64, 3, 3])
Loaded: mdd.unet.down.0.block.0.conv1.bias, Shape: torch.Size([64])
Loaded: mdd.unet.down.0.block.0.temb_proj.weight, Shape: torch.Size([64, 256])
Loaded: mdd.unet.down.0.block.0.temb_proj.bias, Shape: torch.Size([64])
Loaded: mdd.unet.down.0.block.0.norm2.weight, Shape: torch.Size([64])
Loaded: mdd.unet.down.0.block.0.norm2.bias, Shape: torch.Size([64])
Loaded: mdd.unet.down.0.block.0.conv2.weight, Shape: torch.Size([64, 64, 3, 3])
Loaded: mdd.unet.down.0.block.0.conv2.bias, Shape: torch.Size([64])
Loaded: mdd.unet.down.0.block.1.norm1.weight, Shape: torch.Size([64])
Loaded: mdd.unet.down.0.block.1.norm1.bias, Shape: torch.Size([64])
Loaded: mdd.unet.down.0.block.1.conv1.weight, Shape: torch.Size([64, 64, 3, 3])
Loaded: mdd.unet.down.0.block.1.conv1.bias, Shape: torch.Size([64])
Loaded: mdd.unet.down.0.block.1.temb_proj.weight, Shape: torch.Size([64, 256])
Loaded: mdd.unet.down.0.block.1.temb_proj.bias, Shape: torch.Size([64])
Loaded: mdd.unet.down.0.block.1.norm2.weight, Shape: torch.Size([64])
Loaded: mdd.unet.down.0.block.1.norm2.bias, Shape: torch.Size([64])
Loaded: mdd.unet.down.0.block.1.conv2.weight, Shape: torch.Size([64, 64, 3, 3])
Loaded: mdd.unet.down.0.block.1.conv2.bias, Shape: torch.Size([64])
Loaded: mdd.unet.down.0.downsample.conv.weight, Shape: torch.Size([64, 64, 3, 3])
Loaded: mdd.unet.down.0.downsample.conv.bias, Shape: torch.Size([64])
Loaded: mdd.unet.down.1.block.0.norm1.weight, Shape: torch.Size([64])
Loaded: mdd.unet.down.1.block.0.norm1.bias, Shape: torch.Size([64])
Loaded: mdd.unet.down.1.block.0.conv1.weight, Shape: torch.Size([128, 64, 3, 3])
Loaded: mdd.unet.down.1.block.0.conv1.bias, Shape: torch.Size([128])
Loaded: mdd.unet.down.1.block.0.temb_proj.weight, Shape: torch.Size([128, 256])
Loaded: mdd.unet.down.1.block.0.temb_proj.bias, Shape: torch.Size([128])
Loaded: mdd.unet.down.1.block.0.norm2.weight, Shape: torch.Size([128])
Loaded: mdd.unet.down.1.block.0.norm2.bias, Shape: torch.Size([128])
Loaded: mdd.unet.down.1.block.0.conv2.weight, Shape: torch.Size([128, 128, 3, 3])
Loaded: mdd.unet.down.1.block.0.conv2.bias, Shape: torch.Size([128])
Loaded: mdd.unet.down.1.block.0.nin_shortcut.weight, Shape: torch.Size([128, 64, 1, 1])
Loaded: mdd.unet.down.1.block.0.nin_shortcut.bias, Shape: torch.Size([128])
Loaded: mdd.unet.down.1.block.1.norm1.weight, Shape: torch.Size([128])
Loaded: mdd.unet.down.1.block.1.norm1.bias, Shape: torch.Size([128])
Loaded: mdd.unet.down.1.block.1.conv1.weight, Shape: torch.Size([128, 128, 3, 3])
Loaded: mdd.unet.down.1.block.1.conv1.bias, Shape: torch.Size([128])
Loaded: mdd.unet.down.1.block.1.temb_proj.weight, Shape: torch.Size([128, 256])
Loaded: mdd.unet.down.1.block.1.temb_proj.bias, Shape: torch.Size([128])
Loaded: mdd.unet.down.1.block.1.norm2.weight, Shape: torch.Size([128])
Loaded: mdd.unet.down.1.block.1.norm2.bias, Shape: torch.Size([128])
Loaded: mdd.unet.down.1.block.1.conv2.weight, Shape: torch.Size([128, 128, 3, 3])
Loaded: mdd.unet.down.1.block.1.conv2.bias, Shape: torch.Size([128])
Loaded: mdd.unet.down.1.attn.0.self_attn.norm.weight, Shape: torch.Size([128])
Loaded: mdd.unet.down.1.attn.0.self_attn.norm.bias, Shape: torch.Size([128])
Loaded: mdd.unet.down.1.attn.0.self_attn.qkv.weight, Shape: torch.Size([384, 128, 1, 1])
Loaded: mdd.unet.down.1.attn.0.self_attn.qkv.bias, Shape: torch.Size([384])
Loaded: mdd.unet.down.1.attn.0.self_attn.proj.weight, Shape: torch.Size([128, 128, 1, 1])
Loaded: mdd.unet.down.1.attn.0.self_attn.proj.bias, Shape: torch.Size([128])
Loaded: mdd.unet.down.1.attn.0.cross_attn.scale, Shape: torch.Size([1])
Loaded: mdd.unet.down.1.attn.0.cross_attn.norm.weight, Shape: torch.Size([128])
Loaded: mdd.unet.down.1.attn.0.cross_attn.norm.bias, Shape: torch.Size([128])
Loaded: mdd.unet.down.1.attn.0.cross_attn.q_proj.weight, Shape: torch.Size([128, 128, 1, 1])
Loaded: mdd.unet.down.1.attn.0.cross_attn.q_proj.bias, Shape: torch.Size([128])
Loaded: mdd.unet.down.1.attn.0.cross_attn.k_proj.weight, Shape: torch.Size([128, 256])
Loaded: mdd.unet.down.1.attn.0.cross_attn.k_proj.bias, Shape: torch.Size([128])
Loaded: mdd.unet.down.1.attn.0.cross_attn.v_proj.weight, Shape: torch.Size([128, 256])
Loaded: mdd.unet.down.1.attn.0.cross_attn.v_proj.bias, Shape: torch.Size([128])
Loaded: mdd.unet.down.1.attn.0.cross_attn.proj.weight, Shape: torch.Size([128, 128, 1, 1])
Loaded: mdd.unet.down.1.attn.0.cross_attn.proj.bias, Shape: torch.Size([128])
Loaded: mdd.unet.down.1.attn.0.ff.norm.weight, Shape: torch.Size([128])
Loaded: mdd.unet.down.1.attn.0.ff.norm.bias, Shape: torch.Size([128])
Loaded: mdd.unet.down.1.attn.0.ff.proj1.weight, Shape: torch.Size([1024, 128, 1, 1])
Loaded: mdd.unet.down.1.attn.0.ff.proj1.bias, Shape: torch.Size([1024])
Loaded: mdd.unet.down.1.attn.0.ff.proj2.weight, Shape: torch.Size([128, 512, 1, 1])
Loaded: mdd.unet.down.1.attn.0.ff.proj2.bias, Shape: torch.Size([128])
Loaded: mdd.unet.down.1.attn.1.self_attn.norm.weight, Shape: torch.Size([128])
Loaded: mdd.unet.down.1.attn.1.self_attn.norm.bias, Shape: torch.Size([128])
Loaded: mdd.unet.down.1.attn.1.self_attn.qkv.weight, Shape: torch.Size([384, 128, 1, 1])
Loaded: mdd.unet.down.1.attn.1.self_attn.qkv.bias, Shape: torch.Size([384])
Loaded: mdd.unet.down.1.attn.1.self_attn.proj.weight, Shape: torch.Size([128, 128, 1, 1])
Loaded: mdd.unet.down.1.attn.1.self_attn.proj.bias, Shape: torch.Size([128])
Loaded: mdd.unet.down.1.attn.1.cross_attn.scale, Shape: torch.Size([1])
Loaded: mdd.unet.down.1.attn.1.cross_attn.norm.weight, Shape: torch.Size([128])
Loaded: mdd.unet.down.1.attn.1.cross_attn.norm.bias, Shape: torch.Size([128])
Loaded: mdd.unet.down.1.attn.1.cross_attn.q_proj.weight, Shape: torch.Size([128, 128, 1, 1])
Loaded: mdd.unet.down.1.attn.1.cross_attn.q_proj.bias, Shape: torch.Size([128])
Loaded: mdd.unet.down.1.attn.1.cross_attn.k_proj.weight, Shape: torch.Size([128, 256])
Loaded: mdd.unet.down.1.attn.1.cross_attn.k_proj.bias, Shape: torch.Size([128])
Loaded: mdd.unet.down.1.attn.1.cross_attn.v_proj.weight, Shape: torch.Size([128, 256])
Loaded: mdd.unet.down.1.attn.1.cross_attn.v_proj.bias, Shape: torch.Size([128])
Loaded: mdd.unet.down.1.attn.1.cross_attn.proj.weight, Shape: torch.Size([128, 128, 1, 1])
Loaded: mdd.unet.down.1.attn.1.cross_attn.proj.bias, Shape: torch.Size([128])
Loaded: mdd.unet.down.1.attn.1.ff.norm.weight, Shape: torch.Size([128])
Loaded: mdd.unet.down.1.attn.1.ff.norm.bias, Shape: torch.Size([128])
Loaded: mdd.unet.down.1.attn.1.ff.proj1.weight, Shape: torch.Size([1024, 128, 1, 1])
Loaded: mdd.unet.down.1.attn.1.ff.proj1.bias, Shape: torch.Size([1024])
Loaded: mdd.unet.down.1.attn.1.ff.proj2.weight, Shape: torch.Size([128, 512, 1, 1])
Loaded: mdd.unet.down.1.attn.1.ff.proj2.bias, Shape: torch.Size([128])
Loaded: mdd.unet.down.1.downsample.conv.weight, Shape: torch.Size([128, 128, 3, 3])
Loaded: mdd.unet.down.1.downsample.conv.bias, Shape: torch.Size([128])
Loaded: mdd.unet.down.2.block.0.norm1.weight, Shape: torch.Size([128])
Loaded: mdd.unet.down.2.block.0.norm1.bias, Shape: torch.Size([128])
Loaded: mdd.unet.down.2.block.0.conv1.weight, Shape: torch.Size([256, 128, 3, 3])
Loaded: mdd.unet.down.2.block.0.conv1.bias, Shape: torch.Size([256])
Loaded: mdd.unet.down.2.block.0.temb_proj.weight, Shape: torch.Size([256, 256])
Loaded: mdd.unet.down.2.block.0.temb_proj.bias, Shape: torch.Size([256])
Loaded: mdd.unet.down.2.block.0.norm2.weight, Shape: torch.Size([256])
Loaded: mdd.unet.down.2.block.0.norm2.bias, Shape: torch.Size([256])
Loaded: mdd.unet.down.2.block.0.conv2.weight, Shape: torch.Size([256, 256, 3, 3])
Loaded: mdd.unet.down.2.block.0.conv2.bias, Shape: torch.Size([256])
Loaded: mdd.unet.down.2.block.0.nin_shortcut.weight, Shape: torch.Size([256, 128, 1, 1])
Loaded: mdd.unet.down.2.block.0.nin_shortcut.bias, Shape: torch.Size([256])
Loaded: mdd.unet.down.2.block.1.norm1.weight, Shape: torch.Size([256])
Loaded: mdd.unet.down.2.block.1.norm1.bias, Shape: torch.Size([256])
Loaded: mdd.unet.down.2.block.1.conv1.weight, Shape: torch.Size([256, 256, 3, 3])
Loaded: mdd.unet.down.2.block.1.conv1.bias, Shape: torch.Size([256])
Loaded: mdd.unet.down.2.block.1.temb_proj.weight, Shape: torch.Size([256, 256])
Loaded: mdd.unet.down.2.block.1.temb_proj.bias, Shape: torch.Size([256])
Loaded: mdd.unet.down.2.block.1.norm2.weight, Shape: torch.Size([256])
Loaded: mdd.unet.down.2.block.1.norm2.bias, Shape: torch.Size([256])
Loaded: mdd.unet.down.2.block.1.conv2.weight, Shape: torch.Size([256, 256, 3, 3])
Loaded: mdd.unet.down.2.block.1.conv2.bias, Shape: torch.Size([256])
Loaded: mdd.unet.down.2.attn.0.self_attn.norm.weight, Shape: torch.Size([256])
Loaded: mdd.unet.down.2.attn.0.self_attn.norm.bias, Shape: torch.Size([256])
Loaded: mdd.unet.down.2.attn.0.self_attn.qkv.weight, Shape: torch.Size([768, 256, 1, 1])
Loaded: mdd.unet.down.2.attn.0.self_attn.qkv.bias, Shape: torch.Size([768])
Loaded: mdd.unet.down.2.attn.0.self_attn.proj.weight, Shape: torch.Size([256, 256, 1, 1])
Loaded: mdd.unet.down.2.attn.0.self_attn.proj.bias, Shape: torch.Size([256])
Loaded: mdd.unet.down.2.attn.0.cross_attn.scale, Shape: torch.Size([1])
Loaded: mdd.unet.down.2.attn.0.cross_attn.norm.weight, Shape: torch.Size([256])
Loaded: mdd.unet.down.2.attn.0.cross_attn.norm.bias, Shape: torch.Size([256])
Loaded: mdd.unet.down.2.attn.0.cross_attn.q_proj.weight, Shape: torch.Size([256, 256, 1, 1])
Loaded: mdd.unet.down.2.attn.0.cross_attn.q_proj.bias, Shape: torch.Size([256])
Loaded: mdd.unet.down.2.attn.0.cross_attn.k_proj.weight, Shape: torch.Size([256, 256])
Loaded: mdd.unet.down.2.attn.0.cross_attn.k_proj.bias, Shape: torch.Size([256])
Loaded: mdd.unet.down.2.attn.0.cross_attn.v_proj.weight, Shape: torch.Size([256, 256])
Loaded: mdd.unet.down.2.attn.0.cross_attn.v_proj.bias, Shape: torch.Size([256])
Loaded: mdd.unet.down.2.attn.0.cross_attn.proj.weight, Shape: torch.Size([256, 256, 1, 1])
Loaded: mdd.unet.down.2.attn.0.cross_attn.proj.bias, Shape: torch.Size([256])
Loaded: mdd.unet.down.2.attn.0.ff.norm.weight, Shape: torch.Size([256])
Loaded: mdd.unet.down.2.attn.0.ff.norm.bias, Shape: torch.Size([256])
Loaded: mdd.unet.down.2.attn.0.ff.proj1.weight, Shape: torch.Size([2048, 256, 1, 1])
Loaded: mdd.unet.down.2.attn.0.ff.proj1.bias, Shape: torch.Size([2048])
Loaded: mdd.unet.down.2.attn.0.ff.proj2.weight, Shape: torch.Size([256, 1024, 1, 1])
Loaded: mdd.unet.down.2.attn.0.ff.proj2.bias, Shape: torch.Size([256])
Loaded: mdd.unet.down.2.attn.1.self_attn.norm.weight, Shape: torch.Size([256])
Loaded: mdd.unet.down.2.attn.1.self_attn.norm.bias, Shape: torch.Size([256])
Loaded: mdd.unet.down.2.attn.1.self_attn.qkv.weight, Shape: torch.Size([768, 256, 1, 1])
Loaded: mdd.unet.down.2.attn.1.self_attn.qkv.bias, Shape: torch.Size([768])
Loaded: mdd.unet.down.2.attn.1.self_attn.proj.weight, Shape: torch.Size([256, 256, 1, 1])
Loaded: mdd.unet.down.2.attn.1.self_attn.proj.bias, Shape: torch.Size([256])
Loaded: mdd.unet.down.2.attn.1.cross_attn.scale, Shape: torch.Size([1])
Loaded: mdd.unet.down.2.attn.1.cross_attn.norm.weight, Shape: torch.Size([256])
Loaded: mdd.unet.down.2.attn.1.cross_attn.norm.bias, Shape: torch.Size([256])
Loaded: mdd.unet.down.2.attn.1.cross_attn.q_proj.weight, Shape: torch.Size([256, 256, 1, 1])
Loaded: mdd.unet.down.2.attn.1.cross_attn.q_proj.bias, Shape: torch.Size([256])
Loaded: mdd.unet.down.2.attn.1.cross_attn.k_proj.weight, Shape: torch.Size([256, 256])
Loaded: mdd.unet.down.2.attn.1.cross_attn.k_proj.bias, Shape: torch.Size([256])
Loaded: mdd.unet.down.2.attn.1.cross_attn.v_proj.weight, Shape: torch.Size([256, 256])
Loaded: mdd.unet.down.2.attn.1.cross_attn.v_proj.bias, Shape: torch.Size([256])
Loaded: mdd.unet.down.2.attn.1.cross_attn.proj.weight, Shape: torch.Size([256, 256, 1, 1])
Loaded: mdd.unet.down.2.attn.1.cross_attn.proj.bias, Shape: torch.Size([256])
Loaded: mdd.unet.down.2.attn.1.ff.norm.weight, Shape: torch.Size([256])
Loaded: mdd.unet.down.2.attn.1.ff.norm.bias, Shape: torch.Size([256])
Loaded: mdd.unet.down.2.attn.1.ff.proj1.weight, Shape: torch.Size([2048, 256, 1, 1])
Loaded: mdd.unet.down.2.attn.1.ff.proj1.bias, Shape: torch.Size([2048])
Loaded: mdd.unet.down.2.attn.1.ff.proj2.weight, Shape: torch.Size([256, 1024, 1, 1])
Loaded: mdd.unet.down.2.attn.1.ff.proj2.bias, Shape: torch.Size([256])
Loaded: mdd.unet.mid.block_1.norm1.weight, Shape: torch.Size([256])
Loaded: mdd.unet.mid.block_1.norm1.bias, Shape: torch.Size([256])
Loaded: mdd.unet.mid.block_1.conv1.weight, Shape: torch.Size([256, 256, 3, 3])
Loaded: mdd.unet.mid.block_1.conv1.bias, Shape: torch.Size([256])
Loaded: mdd.unet.mid.block_1.temb_proj.weight, Shape: torch.Size([256, 256])
Loaded: mdd.unet.mid.block_1.temb_proj.bias, Shape: torch.Size([256])
Loaded: mdd.unet.mid.block_1.norm2.weight, Shape: torch.Size([256])
Loaded: mdd.unet.mid.block_1.norm2.bias, Shape: torch.Size([256])
Loaded: mdd.unet.mid.block_1.conv2.weight, Shape: torch.Size([256, 256, 3, 3])
Loaded: mdd.unet.mid.block_1.conv2.bias, Shape: torch.Size([256])
Loaded: mdd.unet.mid.att.self_attn.norm.weight, Shape: torch.Size([256])
Loaded: mdd.unet.mid.att.self_attn.norm.bias, Shape: torch.Size([256])
Loaded: mdd.unet.mid.att.self_attn.qkv.weight, Shape: torch.Size([768, 256, 1, 1])
Loaded: mdd.unet.mid.att.self_attn.qkv.bias, Shape: torch.Size([768])
Loaded: mdd.unet.mid.att.self_attn.proj.weight, Shape: torch.Size([256, 256, 1, 1])
Loaded: mdd.unet.mid.att.self_attn.proj.bias, Shape: torch.Size([256])
Loaded: mdd.unet.mid.att.cross_attn.scale, Shape: torch.Size([1])
Loaded: mdd.unet.mid.att.cross_attn.norm.weight, Shape: torch.Size([256])
Loaded: mdd.unet.mid.att.cross_attn.norm.bias, Shape: torch.Size([256])
Loaded: mdd.unet.mid.att.cross_attn.q_proj.weight, Shape: torch.Size([256, 256, 1, 1])
Loaded: mdd.unet.mid.att.cross_attn.q_proj.bias, Shape: torch.Size([256])
Loaded: mdd.unet.mid.att.cross_attn.k_proj.weight, Shape: torch.Size([256, 256])
Loaded: mdd.unet.mid.att.cross_attn.k_proj.bias, Shape: torch.Size([256])
Loaded: mdd.unet.mid.att.cross_attn.v_proj.weight, Shape: torch.Size([256, 256])
Loaded: mdd.unet.mid.att.cross_attn.v_proj.bias, Shape: torch.Size([256])
Loaded: mdd.unet.mid.att.cross_attn.proj.weight, Shape: torch.Size([256, 256, 1, 1])
Loaded: mdd.unet.mid.att.cross_attn.proj.bias, Shape: torch.Size([256])
Loaded: mdd.unet.mid.att.ff.norm.weight, Shape: torch.Size([256])
Loaded: mdd.unet.mid.att.ff.norm.bias, Shape: torch.Size([256])
Loaded: mdd.unet.mid.att.ff.proj1.weight, Shape: torch.Size([2048, 256, 1, 1])
Loaded: mdd.unet.mid.att.ff.proj1.bias, Shape: torch.Size([2048])
Loaded: mdd.unet.mid.att.ff.proj2.weight, Shape: torch.Size([256, 1024, 1, 1])
Loaded: mdd.unet.mid.att.ff.proj2.bias, Shape: torch.Size([256])
Loaded: mdd.unet.mid.block_2.norm1.weight, Shape: torch.Size([256])
Loaded: mdd.unet.mid.block_2.norm1.bias, Shape: torch.Size([256])
Loaded: mdd.unet.mid.block_2.conv1.weight, Shape: torch.Size([256, 256, 3, 3])
Loaded: mdd.unet.mid.block_2.conv1.bias, Shape: torch.Size([256])
Loaded: mdd.unet.mid.block_2.temb_proj.weight, Shape: torch.Size([256, 256])
Loaded: mdd.unet.mid.block_2.temb_proj.bias, Shape: torch.Size([256])
Loaded: mdd.unet.mid.block_2.norm2.weight, Shape: torch.Size([256])
Loaded: mdd.unet.mid.block_2.norm2.bias, Shape: torch.Size([256])
Loaded: mdd.unet.mid.block_2.conv2.weight, Shape: torch.Size([256, 256, 3, 3])
Loaded: mdd.unet.mid.block_2.conv2.bias, Shape: torch.Size([256])
Loaded: mdd.unet.up.0.block.0.norm1.weight, Shape: torch.Size([192])
Loaded: mdd.unet.up.0.block.0.norm1.bias, Shape: torch.Size([192])
Loaded: mdd.unet.up.0.block.0.conv1.weight, Shape: torch.Size([64, 192, 3, 3])
Loaded: mdd.unet.up.0.block.0.conv1.bias, Shape: torch.Size([64])
Loaded: mdd.unet.up.0.block.0.temb_proj.weight, Shape: torch.Size([64, 256])
Loaded: mdd.unet.up.0.block.0.temb_proj.bias, Shape: torch.Size([64])
Loaded: mdd.unet.up.0.block.0.norm2.weight, Shape: torch.Size([64])
Loaded: mdd.unet.up.0.block.0.norm2.bias, Shape: torch.Size([64])
Loaded: mdd.unet.up.0.block.0.conv2.weight, Shape: torch.Size([64, 64, 3, 3])
Loaded: mdd.unet.up.0.block.0.conv2.bias, Shape: torch.Size([64])
Loaded: mdd.unet.up.0.block.0.nin_shortcut.weight, Shape: torch.Size([64, 192, 1, 1])
Loaded: mdd.unet.up.0.block.0.nin_shortcut.bias, Shape: torch.Size([64])
Loaded: mdd.unet.up.0.block.1.norm1.weight, Shape: torch.Size([128])
Loaded: mdd.unet.up.0.block.1.norm1.bias, Shape: torch.Size([128])
Loaded: mdd.unet.up.0.block.1.conv1.weight, Shape: torch.Size([64, 128, 3, 3])
Loaded: mdd.unet.up.0.block.1.conv1.bias, Shape: torch.Size([64])
Loaded: mdd.unet.up.0.block.1.temb_proj.weight, Shape: torch.Size([64, 256])
Loaded: mdd.unet.up.0.block.1.temb_proj.bias, Shape: torch.Size([64])
Loaded: mdd.unet.up.0.block.1.norm2.weight, Shape: torch.Size([64])
Loaded: mdd.unet.up.0.block.1.norm2.bias, Shape: torch.Size([64])
Loaded: mdd.unet.up.0.block.1.conv2.weight, Shape: torch.Size([64, 64, 3, 3])
Loaded: mdd.unet.up.0.block.1.conv2.bias, Shape: torch.Size([64])
Loaded: mdd.unet.up.0.block.1.nin_shortcut.weight, Shape: torch.Size([64, 128, 1, 1])
Loaded: mdd.unet.up.0.block.1.nin_shortcut.bias, Shape: torch.Size([64])
Loaded: mdd.unet.up.0.block.2.norm1.weight, Shape: torch.Size([128])
Loaded: mdd.unet.up.0.block.2.norm1.bias, Shape: torch.Size([128])
Loaded: mdd.unet.up.0.block.2.conv1.weight, Shape: torch.Size([64, 128, 3, 3])
Loaded: mdd.unet.up.0.block.2.conv1.bias, Shape: torch.Size([64])
Loaded: mdd.unet.up.0.block.2.temb_proj.weight, Shape: torch.Size([64, 256])
Loaded: mdd.unet.up.0.block.2.temb_proj.bias, Shape: torch.Size([64])
Loaded: mdd.unet.up.0.block.2.norm2.weight, Shape: torch.Size([64])
Loaded: mdd.unet.up.0.block.2.norm2.bias, Shape: torch.Size([64])
Loaded: mdd.unet.up.0.block.2.conv2.weight, Shape: torch.Size([64, 64, 3, 3])
Loaded: mdd.unet.up.0.block.2.conv2.bias, Shape: torch.Size([64])
Loaded: mdd.unet.up.0.block.2.nin_shortcut.weight, Shape: torch.Size([64, 128, 1, 1])
Loaded: mdd.unet.up.0.block.2.nin_shortcut.bias, Shape: torch.Size([64])
Loaded: mdd.unet.up.1.block.0.norm1.weight, Shape: torch.Size([384])
Loaded: mdd.unet.up.1.block.0.norm1.bias, Shape: torch.Size([384])
Loaded: mdd.unet.up.1.block.0.conv1.weight, Shape: torch.Size([128, 384, 3, 3])
Loaded: mdd.unet.up.1.block.0.conv1.bias, Shape: torch.Size([128])
Loaded: mdd.unet.up.1.block.0.temb_proj.weight, Shape: torch.Size([128, 256])
Loaded: mdd.unet.up.1.block.0.temb_proj.bias, Shape: torch.Size([128])
Loaded: mdd.unet.up.1.block.0.norm2.weight, Shape: torch.Size([128])
Loaded: mdd.unet.up.1.block.0.norm2.bias, Shape: torch.Size([128])
Loaded: mdd.unet.up.1.block.0.conv2.weight, Shape: torch.Size([128, 128, 3, 3])
Loaded: mdd.unet.up.1.block.0.conv2.bias, Shape: torch.Size([128])
Loaded: mdd.unet.up.1.block.0.nin_shortcut.weight, Shape: torch.Size([128, 384, 1, 1])
Loaded: mdd.unet.up.1.block.0.nin_shortcut.bias, Shape: torch.Size([128])
Loaded: mdd.unet.up.1.block.1.norm1.weight, Shape: torch.Size([256])
Loaded: mdd.unet.up.1.block.1.norm1.bias, Shape: torch.Size([256])
Loaded: mdd.unet.up.1.block.1.conv1.weight, Shape: torch.Size([128, 256, 3, 3])
Loaded: mdd.unet.up.1.block.1.conv1.bias, Shape: torch.Size([128])
Loaded: mdd.unet.up.1.block.1.temb_proj.weight, Shape: torch.Size([128, 256])
Loaded: mdd.unet.up.1.block.1.temb_proj.bias, Shape: torch.Size([128])
Loaded: mdd.unet.up.1.block.1.norm2.weight, Shape: torch.Size([128])
Loaded: mdd.unet.up.1.block.1.norm2.bias, Shape: torch.Size([128])
Loaded: mdd.unet.up.1.block.1.conv2.weight, Shape: torch.Size([128, 128, 3, 3])
Loaded: mdd.unet.up.1.block.1.conv2.bias, Shape: torch.Size([128])
Loaded: mdd.unet.up.1.block.1.nin_shortcut.weight, Shape: torch.Size([128, 256, 1, 1])
Loaded: mdd.unet.up.1.block.1.nin_shortcut.bias, Shape: torch.Size([128])
Loaded: mdd.unet.up.1.block.2.norm1.weight, Shape: torch.Size([192])
Loaded: mdd.unet.up.1.block.2.norm1.bias, Shape: torch.Size([192])
Loaded: mdd.unet.up.1.block.2.conv1.weight, Shape: torch.Size([128, 192, 3, 3])
Loaded: mdd.unet.up.1.block.2.conv1.bias, Shape: torch.Size([128])
Loaded: mdd.unet.up.1.block.2.temb_proj.weight, Shape: torch.Size([128, 256])
Loaded: mdd.unet.up.1.block.2.temb_proj.bias, Shape: torch.Size([128])
Loaded: mdd.unet.up.1.block.2.norm2.weight, Shape: torch.Size([128])
Loaded: mdd.unet.up.1.block.2.norm2.bias, Shape: torch.Size([128])
Loaded: mdd.unet.up.1.block.2.conv2.weight, Shape: torch.Size([128, 128, 3, 3])
Loaded: mdd.unet.up.1.block.2.conv2.bias, Shape: torch.Size([128])
Loaded: mdd.unet.up.1.block.2.nin_shortcut.weight, Shape: torch.Size([128, 192, 1, 1])
Loaded: mdd.unet.up.1.block.2.nin_shortcut.bias, Shape: torch.Size([128])
Loaded: mdd.unet.up.1.attn.0.self_attn.norm.weight, Shape: torch.Size([128])
Loaded: mdd.unet.up.1.attn.0.self_attn.norm.bias, Shape: torch.Size([128])
Loaded: mdd.unet.up.1.attn.0.self_attn.qkv.weight, Shape: torch.Size([384, 128, 1, 1])
Loaded: mdd.unet.up.1.attn.0.self_attn.qkv.bias, Shape: torch.Size([384])
Loaded: mdd.unet.up.1.attn.0.self_attn.proj.weight, Shape: torch.Size([128, 128, 1, 1])
Loaded: mdd.unet.up.1.attn.0.self_attn.proj.bias, Shape: torch.Size([128])
Loaded: mdd.unet.up.1.attn.0.cross_attn.scale, Shape: torch.Size([1])
Loaded: mdd.unet.up.1.attn.0.cross_attn.norm.weight, Shape: torch.Size([128])
Loaded: mdd.unet.up.1.attn.0.cross_attn.norm.bias, Shape: torch.Size([128])
Loaded: mdd.unet.up.1.attn.0.cross_attn.q_proj.weight, Shape: torch.Size([128, 128, 1, 1])
Loaded: mdd.unet.up.1.attn.0.cross_attn.q_proj.bias, Shape: torch.Size([128])
Loaded: mdd.unet.up.1.attn.0.cross_attn.k_proj.weight, Shape: torch.Size([128, 256])
Loaded: mdd.unet.up.1.attn.0.cross_attn.k_proj.bias, Shape: torch.Size([128])
Loaded: mdd.unet.up.1.attn.0.cross_attn.v_proj.weight, Shape: torch.Size([128, 256])
Loaded: mdd.unet.up.1.attn.0.cross_attn.v_proj.bias, Shape: torch.Size([128])
Loaded: mdd.unet.up.1.attn.0.cross_attn.proj.weight, Shape: torch.Size([128, 128, 1, 1])
Loaded: mdd.unet.up.1.attn.0.cross_attn.proj.bias, Shape: torch.Size([128])
Loaded: mdd.unet.up.1.attn.0.ff.norm.weight, Shape: torch.Size([128])
Loaded: mdd.unet.up.1.attn.0.ff.norm.bias, Shape: torch.Size([128])
Loaded: mdd.unet.up.1.attn.0.ff.proj1.weight, Shape: torch.Size([1024, 128, 1, 1])
Loaded: mdd.unet.up.1.attn.0.ff.proj1.bias, Shape: torch.Size([1024])
Loaded: mdd.unet.up.1.attn.0.ff.proj2.weight, Shape: torch.Size([128, 512, 1, 1])
Loaded: mdd.unet.up.1.attn.0.ff.proj2.bias, Shape: torch.Size([128])
Loaded: mdd.unet.up.1.attn.1.self_attn.norm.weight, Shape: torch.Size([128])
Loaded: mdd.unet.up.1.attn.1.self_attn.norm.bias, Shape: torch.Size([128])
Loaded: mdd.unet.up.1.attn.1.self_attn.qkv.weight, Shape: torch.Size([384, 128, 1, 1])
Loaded: mdd.unet.up.1.attn.1.self_attn.qkv.bias, Shape: torch.Size([384])
Loaded: mdd.unet.up.1.attn.1.self_attn.proj.weight, Shape: torch.Size([128, 128, 1, 1])
Loaded: mdd.unet.up.1.attn.1.self_attn.proj.bias, Shape: torch.Size([128])
Loaded: mdd.unet.up.1.attn.1.cross_attn.scale, Shape: torch.Size([1])
Loaded: mdd.unet.up.1.attn.1.cross_attn.norm.weight, Shape: torch.Size([128])
Loaded: mdd.unet.up.1.attn.1.cross_attn.norm.bias, Shape: torch.Size([128])
Loaded: mdd.unet.up.1.attn.1.cross_attn.q_proj.weight, Shape: torch.Size([128, 128, 1, 1])
Loaded: mdd.unet.up.1.attn.1.cross_attn.q_proj.bias, Shape: torch.Size([128])
Loaded: mdd.unet.up.1.attn.1.cross_attn.k_proj.weight, Shape: torch.Size([128, 256])
Loaded: mdd.unet.up.1.attn.1.cross_attn.k_proj.bias, Shape: torch.Size([128])
Loaded: mdd.unet.up.1.attn.1.cross_attn.v_proj.weight, Shape: torch.Size([128, 256])
Loaded: mdd.unet.up.1.attn.1.cross_attn.v_proj.bias, Shape: torch.Size([128])
Loaded: mdd.unet.up.1.attn.1.cross_attn.proj.weight, Shape: torch.Size([128, 128, 1, 1])
Loaded: mdd.unet.up.1.attn.1.cross_attn.proj.bias, Shape: torch.Size([128])
Loaded: mdd.unet.up.1.attn.1.ff.norm.weight, Shape: torch.Size([128])
Loaded: mdd.unet.up.1.attn.1.ff.norm.bias, Shape: torch.Size([128])
Loaded: mdd.unet.up.1.attn.1.ff.proj1.weight, Shape: torch.Size([1024, 128, 1, 1])
Loaded: mdd.unet.up.1.attn.1.ff.proj1.bias, Shape: torch.Size([1024])
Loaded: mdd.unet.up.1.attn.1.ff.proj2.weight, Shape: torch.Size([128, 512, 1, 1])
Loaded: mdd.unet.up.1.attn.1.ff.proj2.bias, Shape: torch.Size([128])
Loaded: mdd.unet.up.1.attn.2.self_attn.norm.weight, Shape: torch.Size([128])
Loaded: mdd.unet.up.1.attn.2.self_attn.norm.bias, Shape: torch.Size([128])
Loaded: mdd.unet.up.1.attn.2.self_attn.qkv.weight, Shape: torch.Size([384, 128, 1, 1])
Loaded: mdd.unet.up.1.attn.2.self_attn.qkv.bias, Shape: torch.Size([384])
Loaded: mdd.unet.up.1.attn.2.self_attn.proj.weight, Shape: torch.Size([128, 128, 1, 1])
Loaded: mdd.unet.up.1.attn.2.self_attn.proj.bias, Shape: torch.Size([128])
Loaded: mdd.unet.up.1.attn.2.cross_attn.scale, Shape: torch.Size([1])
Loaded: mdd.unet.up.1.attn.2.cross_attn.norm.weight, Shape: torch.Size([128])
Loaded: mdd.unet.up.1.attn.2.cross_attn.norm.bias, Shape: torch.Size([128])
Loaded: mdd.unet.up.1.attn.2.cross_attn.q_proj.weight, Shape: torch.Size([128, 128, 1, 1])
Loaded: mdd.unet.up.1.attn.2.cross_attn.q_proj.bias, Shape: torch.Size([128])
Loaded: mdd.unet.up.1.attn.2.cross_attn.k_proj.weight, Shape: torch.Size([128, 256])
Loaded: mdd.unet.up.1.attn.2.cross_attn.k_proj.bias, Shape: torch.Size([128])
Loaded: mdd.unet.up.1.attn.2.cross_attn.v_proj.weight, Shape: torch.Size([128, 256])
Loaded: mdd.unet.up.1.attn.2.cross_attn.v_proj.bias, Shape: torch.Size([128])
Loaded: mdd.unet.up.1.attn.2.cross_attn.proj.weight, Shape: torch.Size([128, 128, 1, 1])
Loaded: mdd.unet.up.1.attn.2.cross_attn.proj.bias, Shape: torch.Size([128])
Loaded: mdd.unet.up.1.attn.2.ff.norm.weight, Shape: torch.Size([128])
Loaded: mdd.unet.up.1.attn.2.ff.norm.bias, Shape: torch.Size([128])
Loaded: mdd.unet.up.1.attn.2.ff.proj1.weight, Shape: torch.Size([1024, 128, 1, 1])
Loaded: mdd.unet.up.1.attn.2.ff.proj1.bias, Shape: torch.Size([1024])
Loaded: mdd.unet.up.1.attn.2.ff.proj2.weight, Shape: torch.Size([128, 512, 1, 1])
Loaded: mdd.unet.up.1.attn.2.ff.proj2.bias, Shape: torch.Size([128])
Loaded: mdd.unet.up.1.upsample.conv.weight, Shape: torch.Size([128, 128, 3, 3])
Loaded: mdd.unet.up.1.upsample.conv.bias, Shape: torch.Size([128])
Loaded: mdd.unet.up.2.block.0.norm1.weight, Shape: torch.Size([512])
Loaded: mdd.unet.up.2.block.0.norm1.bias, Shape: torch.Size([512])
Loaded: mdd.unet.up.2.block.0.conv1.weight, Shape: torch.Size([256, 512, 3, 3])
Loaded: mdd.unet.up.2.block.0.conv1.bias, Shape: torch.Size([256])
Loaded: mdd.unet.up.2.block.0.temb_proj.weight, Shape: torch.Size([256, 256])
Loaded: mdd.unet.up.2.block.0.temb_proj.bias, Shape: torch.Size([256])
Loaded: mdd.unet.up.2.block.0.norm2.weight, Shape: torch.Size([256])
Loaded: mdd.unet.up.2.block.0.norm2.bias, Shape: torch.Size([256])
Loaded: mdd.unet.up.2.block.0.conv2.weight, Shape: torch.Size([256, 256, 3, 3])
Loaded: mdd.unet.up.2.block.0.conv2.bias, Shape: torch.Size([256])
Loaded: mdd.unet.up.2.block.0.nin_shortcut.weight, Shape: torch.Size([256, 512, 1, 1])
Loaded: mdd.unet.up.2.block.0.nin_shortcut.bias, Shape: torch.Size([256])
Loaded: mdd.unet.up.2.block.1.norm1.weight, Shape: torch.Size([512])
Loaded: mdd.unet.up.2.block.1.norm1.bias, Shape: torch.Size([512])
Loaded: mdd.unet.up.2.block.1.conv1.weight, Shape: torch.Size([256, 512, 3, 3])
Loaded: mdd.unet.up.2.block.1.conv1.bias, Shape: torch.Size([256])
Loaded: mdd.unet.up.2.block.1.temb_proj.weight, Shape: torch.Size([256, 256])
Loaded: mdd.unet.up.2.block.1.temb_proj.bias, Shape: torch.Size([256])
Loaded: mdd.unet.up.2.block.1.norm2.weight, Shape: torch.Size([256])
Loaded: mdd.unet.up.2.block.1.norm2.bias, Shape: torch.Size([256])
Loaded: mdd.unet.up.2.block.1.conv2.weight, Shape: torch.Size([256, 256, 3, 3])
Loaded: mdd.unet.up.2.block.1.conv2.bias, Shape: torch.Size([256])
Loaded: mdd.unet.up.2.block.1.nin_shortcut.weight, Shape: torch.Size([256, 512, 1, 1])
Loaded: mdd.unet.up.2.block.1.nin_shortcut.bias, Shape: torch.Size([256])
Loaded: mdd.unet.up.2.block.2.norm1.weight, Shape: torch.Size([384])
Loaded: mdd.unet.up.2.block.2.norm1.bias, Shape: torch.Size([384])
Loaded: mdd.unet.up.2.block.2.conv1.weight, Shape: torch.Size([256, 384, 3, 3])
Loaded: mdd.unet.up.2.block.2.conv1.bias, Shape: torch.Size([256])
Loaded: mdd.unet.up.2.block.2.temb_proj.weight, Shape: torch.Size([256, 256])
Loaded: mdd.unet.up.2.block.2.temb_proj.bias, Shape: torch.Size([256])
Loaded: mdd.unet.up.2.block.2.norm2.weight, Shape: torch.Size([256])
Loaded: mdd.unet.up.2.block.2.norm2.bias, Shape: torch.Size([256])
Loaded: mdd.unet.up.2.block.2.conv2.weight, Shape: torch.Size([256, 256, 3, 3])
Loaded: mdd.unet.up.2.block.2.conv2.bias, Shape: torch.Size([256])
Loaded: mdd.unet.up.2.block.2.nin_shortcut.weight, Shape: torch.Size([256, 384, 1, 1])
Loaded: mdd.unet.up.2.block.2.nin_shortcut.bias, Shape: torch.Size([256])
Loaded: mdd.unet.up.2.attn.0.self_attn.norm.weight, Shape: torch.Size([256])
Loaded: mdd.unet.up.2.attn.0.self_attn.norm.bias, Shape: torch.Size([256])
Loaded: mdd.unet.up.2.attn.0.self_attn.qkv.weight, Shape: torch.Size([768, 256, 1, 1])
Loaded: mdd.unet.up.2.attn.0.self_attn.qkv.bias, Shape: torch.Size([768])
Loaded: mdd.unet.up.2.attn.0.self_attn.proj.weight, Shape: torch.Size([256, 256, 1, 1])
Loaded: mdd.unet.up.2.attn.0.self_attn.proj.bias, Shape: torch.Size([256])
Loaded: mdd.unet.up.2.attn.0.cross_attn.scale, Shape: torch.Size([1])
Loaded: mdd.unet.up.2.attn.0.cross_attn.norm.weight, Shape: torch.Size([256])
Loaded: mdd.unet.up.2.attn.0.cross_attn.norm.bias, Shape: torch.Size([256])
Loaded: mdd.unet.up.2.attn.0.cross_attn.q_proj.weight, Shape: torch.Size([256, 256, 1, 1])
Loaded: mdd.unet.up.2.attn.0.cross_attn.q_proj.bias, Shape: torch.Size([256])
Loaded: mdd.unet.up.2.attn.0.cross_attn.k_proj.weight, Shape: torch.Size([256, 256])
Loaded: mdd.unet.up.2.attn.0.cross_attn.k_proj.bias, Shape: torch.Size([256])
Loaded: mdd.unet.up.2.attn.0.cross_attn.v_proj.weight, Shape: torch.Size([256, 256])
Loaded: mdd.unet.up.2.attn.0.cross_attn.v_proj.bias, Shape: torch.Size([256])
Loaded: mdd.unet.up.2.attn.0.cross_attn.proj.weight, Shape: torch.Size([256, 256, 1, 1])
Loaded: mdd.unet.up.2.attn.0.cross_attn.proj.bias, Shape: torch.Size([256])
Loaded: mdd.unet.up.2.attn.0.ff.norm.weight, Shape: torch.Size([256])
Loaded: mdd.unet.up.2.attn.0.ff.norm.bias, Shape: torch.Size([256])
Loaded: mdd.unet.up.2.attn.0.ff.proj1.weight, Shape: torch.Size([2048, 256, 1, 1])
Loaded: mdd.unet.up.2.attn.0.ff.proj1.bias, Shape: torch.Size([2048])
Loaded: mdd.unet.up.2.attn.0.ff.proj2.weight, Shape: torch.Size([256, 1024, 1, 1])
Loaded: mdd.unet.up.2.attn.0.ff.proj2.bias, Shape: torch.Size([256])
Loaded: mdd.unet.up.2.attn.1.self_attn.norm.weight, Shape: torch.Size([256])
Loaded: mdd.unet.up.2.attn.1.self_attn.norm.bias, Shape: torch.Size([256])
Loaded: mdd.unet.up.2.attn.1.self_attn.qkv.weight, Shape: torch.Size([768, 256, 1, 1])
Loaded: mdd.unet.up.2.attn.1.self_attn.qkv.bias, Shape: torch.Size([768])
Loaded: mdd.unet.up.2.attn.1.self_attn.proj.weight, Shape: torch.Size([256, 256, 1, 1])
Loaded: mdd.unet.up.2.attn.1.self_attn.proj.bias, Shape: torch.Size([256])
Loaded: mdd.unet.up.2.attn.1.cross_attn.scale, Shape: torch.Size([1])
Loaded: mdd.unet.up.2.attn.1.cross_attn.norm.weight, Shape: torch.Size([256])
Loaded: mdd.unet.up.2.attn.1.cross_attn.norm.bias, Shape: torch.Size([256])
Loaded: mdd.unet.up.2.attn.1.cross_attn.q_proj.weight, Shape: torch.Size([256, 256, 1, 1])
Loaded: mdd.unet.up.2.attn.1.cross_attn.q_proj.bias, Shape: torch.Size([256])
Loaded: mdd.unet.up.2.attn.1.cross_attn.k_proj.weight, Shape: torch.Size([256, 256])
Loaded: mdd.unet.up.2.attn.1.cross_attn.k_proj.bias, Shape: torch.Size([256])
Loaded: mdd.unet.up.2.attn.1.cross_attn.v_proj.weight, Shape: torch.Size([256, 256])
Loaded: mdd.unet.up.2.attn.1.cross_attn.v_proj.bias, Shape: torch.Size([256])
Loaded: mdd.unet.up.2.attn.1.cross_attn.proj.weight, Shape: torch.Size([256, 256, 1, 1])
Loaded: mdd.unet.up.2.attn.1.cross_attn.proj.bias, Shape: torch.Size([256])
Loaded: mdd.unet.up.2.attn.1.ff.norm.weight, Shape: torch.Size([256])
Loaded: mdd.unet.up.2.attn.1.ff.norm.bias, Shape: torch.Size([256])
Loaded: mdd.unet.up.2.attn.1.ff.proj1.weight, Shape: torch.Size([2048, 256, 1, 1])
Loaded: mdd.unet.up.2.attn.1.ff.proj1.bias, Shape: torch.Size([2048])
Loaded: mdd.unet.up.2.attn.1.ff.proj2.weight, Shape: torch.Size([256, 1024, 1, 1])
Loaded: mdd.unet.up.2.attn.1.ff.proj2.bias, Shape: torch.Size([256])
Loaded: mdd.unet.up.2.attn.2.self_attn.norm.weight, Shape: torch.Size([256])
Loaded: mdd.unet.up.2.attn.2.self_attn.norm.bias, Shape: torch.Size([256])
Loaded: mdd.unet.up.2.attn.2.self_attn.qkv.weight, Shape: torch.Size([768, 256, 1, 1])
Loaded: mdd.unet.up.2.attn.2.self_attn.qkv.bias, Shape: torch.Size([768])
Loaded: mdd.unet.up.2.attn.2.self_attn.proj.weight, Shape: torch.Size([256, 256, 1, 1])
Loaded: mdd.unet.up.2.attn.2.self_attn.proj.bias, Shape: torch.Size([256])
Loaded: mdd.unet.up.2.attn.2.cross_attn.scale, Shape: torch.Size([1])
Loaded: mdd.unet.up.2.attn.2.cross_attn.norm.weight, Shape: torch.Size([256])
Loaded: mdd.unet.up.2.attn.2.cross_attn.norm.bias, Shape: torch.Size([256])
Loaded: mdd.unet.up.2.attn.2.cross_attn.q_proj.weight, Shape: torch.Size([256, 256, 1, 1])
Loaded: mdd.unet.up.2.attn.2.cross_attn.q_proj.bias, Shape: torch.Size([256])
Loaded: mdd.unet.up.2.attn.2.cross_attn.k_proj.weight, Shape: torch.Size([256, 256])
Loaded: mdd.unet.up.2.attn.2.cross_attn.k_proj.bias, Shape: torch.Size([256])
Loaded: mdd.unet.up.2.attn.2.cross_attn.v_proj.weight, Shape: torch.Size([256, 256])
Loaded: mdd.unet.up.2.attn.2.cross_attn.v_proj.bias, Shape: torch.Size([256])
Loaded: mdd.unet.up.2.attn.2.cross_attn.proj.weight, Shape: torch.Size([256, 256, 1, 1])
Loaded: mdd.unet.up.2.attn.2.cross_attn.proj.bias, Shape: torch.Size([256])
Loaded: mdd.unet.up.2.attn.2.ff.norm.weight, Shape: torch.Size([256])
Loaded: mdd.unet.up.2.attn.2.ff.norm.bias, Shape: torch.Size([256])
Loaded: mdd.unet.up.2.attn.2.ff.proj1.weight, Shape: torch.Size([2048, 256, 1, 1])
Loaded: mdd.unet.up.2.attn.2.ff.proj1.bias, Shape: torch.Size([2048])
Loaded: mdd.unet.up.2.attn.2.ff.proj2.weight, Shape: torch.Size([256, 1024, 1, 1])
Loaded: mdd.unet.up.2.attn.2.ff.proj2.bias, Shape: torch.Size([256])
Loaded: mdd.unet.up.2.upsample.conv.weight, Shape: torch.Size([256, 256, 3, 3])
Loaded: mdd.unet.up.2.upsample.conv.bias, Shape: torch.Size([256])
Loaded: mdd.unet.norm_out.weight, Shape: torch.Size([64])
Loaded: mdd.unet.norm_out.bias, Shape: torch.Size([64])
Loaded: mdd.unet.conv_out.weight, Shape: torch.Size([1, 64, 3, 3])
Loaded: mdd.unet.conv_out.bias, Shape: torch.Size([1])
Loaded: mdd.condition_encoder.0.weight, Shape: torch.Size([512])
Loaded: mdd.condition_encoder.0.bias, Shape: torch.Size([512])
Loaded: mdd.condition_encoder.1.weight, Shape: torch.Size([256, 512])
Loaded: mdd.condition_encoder.1.bias, Shape: torch.Size([256])
Loaded: mdd.condition_encoder.3.weight, Shape: torch.Size([256])
Loaded: mdd.condition_encoder.3.bias, Shape: torch.Size([256])
Loaded: dete_convertor.0.weight, Shape: torch.Size([512, 512])
Loaded: dete_convertor.0.bias, Shape: torch.Size([512])
Loaded: dete_convertor.2.weight, Shape: torch.Size([512, 512])
Loaded: dete_convertor.2.bias, Shape: torch.Size([512])
Loaded: cls_layers.0.weight, Shape: torch.Size([256, 512, 1])
Loaded: cls_layers.3.weight, Shape: torch.Size([128, 256, 1])
Loaded: cls_layers.6.weight, Shape: torch.Size([1, 128, 1])
Loaded: cls_layers.6.bias, Shape: torch.Size([1])
Loaded: iou_layers.0.weight, Shape: torch.Size([256, 512, 1])
Loaded: iou_layers.3.weight, Shape: torch.Size([128, 256, 1])
Loaded: iou_layers.6.weight, Shape: torch.Size([1, 128, 1])
Loaded: iou_layers.6.bias, Shape: torch.Size([1])
Loaded: reg_layers.0.weight, Shape: torch.Size([256, 512, 1])
Loaded: reg_layers.3.weight, Shape: torch.Size([128, 256, 1])
Loaded: reg_layers.6.weight, Shape: torch.Size([7, 128, 1])
Loaded: reg_layers.6.bias, Shape: torch.Size([7])

Number of parameters successfully loaded: 848/848
model data =  tensor(10950811.)
<class 'opencood.models.point_pillar_diffusion_dec_det.PointPillarDiffusionDecDet'>
Dataset Building
Noise Added: 0/0/0/0.
Postprocessor Stage2 ReDetect:  False
Dataset dir: /datasets/v2xset/test
0_0_0_0_intermediate_0
/data/gkx/Code/opencood/pcdet_utils/iou3d_nms/iou3d_nms_utils.py:166: UserWarning: The torch.cuda.*DtypeTensor constructors are no longer recommended. It's best to use methods such as torch.tensor(data, dtype=*, device='cuda') to create tensors. (Triggered internally at ../torch/csrc/tensor/python_tensor.cpp:83.)
  overlaps_bev = torch.cuda.FloatTensor(torch.Size((boxes_a.shape[0], boxes_b.shape[0]))).zero_().to(boxes_a.device)  # (N, M)
0_0_0_0_intermediate_1
0_0_0_0_intermediate_2
0_0_0_0_intermediate_3
0_0_0_0_intermediate_4
0_0_0_0_intermediate_5
0_0_0_0_intermediate_6
0_0_0_0_intermediate_7
0_0_0_0_intermediate_8
0_0_0_0_intermediate_9
0_0_0_0_intermediate_10
0_0_0_0_intermediate_11
0_0_0_0_intermediate_12
0_0_0_0_intermediate_13
0_0_0_0_intermediate_14
0_0_0_0_intermediate_15
0_0_0_0_intermediate_16
0_0_0_0_intermediate_17
0_0_0_0_intermediate_18
0_0_0_0_intermediate_19
0_0_0_0_intermediate_20
0_0_0_0_intermediate_21
0_0_0_0_intermediate_22
0_0_0_0_intermediate_23
0_0_0_0_intermediate_24
0_0_0_0_intermediate_25
0_0_0_0_intermediate_26
0_0_0_0_intermediate_27
0_0_0_0_intermediate_28
0_0_0_0_intermediate_29
0_0_0_0_intermediate_30
0_0_0_0_intermediate_31
0_0_0_0_intermediate_32
0_0_0_0_intermediate_33
0_0_0_0_intermediate_34
0_0_0_0_intermediate_35
0_0_0_0_intermediate_36
0_0_0_0_intermediate_37
0_0_0_0_intermediate_38
0_0_0_0_intermediate_39
0_0_0_0_intermediate_40
0_0_0_0_intermediate_41
0_0_0_0_intermediate_42
0_0_0_0_intermediate_43
0_0_0_0_intermediate_44
0_0_0_0_intermediate_45
0_0_0_0_intermediate_46
0_0_0_0_intermediate_47
0_0_0_0_intermediate_48
0_0_0_0_intermediate_49
0_0_0_0_intermediate_50
0_0_0_0_intermediate_51
0_0_0_0_intermediate_52
0_0_0_0_intermediate_53
0_0_0_0_intermediate_54
0_0_0_0_intermediate_55
0_0_0_0_intermediate_56
0_0_0_0_intermediate_57
0_0_0_0_intermediate_58
0_0_0_0_intermediate_59
0_0_0_0_intermediate_60
0_0_0_0_intermediate_61
0_0_0_0_intermediate_62
0_0_0_0_intermediate_63
0_0_0_0_intermediate_64
0_0_0_0_intermediate_65
0_0_0_0_intermediate_66
0_0_0_0_intermediate_67
0_0_0_0_intermediate_68
0_0_0_0_intermediate_69
0_0_0_0_intermediate_70
0_0_0_0_intermediate_71
0_0_0_0_intermediate_72
0_0_0_0_intermediate_73
0_0_0_0_intermediate_74
0_0_0_0_intermediate_75
0_0_0_0_intermediate_76
0_0_0_0_intermediate_77
0_0_0_0_intermediate_78
0_0_0_0_intermediate_79
0_0_0_0_intermediate_80
0_0_0_0_intermediate_81
0_0_0_0_intermediate_82
0_0_0_0_intermediate_83
0_0_0_0_intermediate_84
0_0_0_0_intermediate_85
0_0_0_0_intermediate_86
0_0_0_0_intermediate_87
0_0_0_0_intermediate_88
0_0_0_0_intermediate_89
0_0_0_0_intermediate_90
0_0_0_0_intermediate_91
0_0_0_0_intermediate_92
0_0_0_0_intermediate_93
0_0_0_0_intermediate_94
0_0_0_0_intermediate_95
0_0_0_0_intermediate_96
0_0_0_0_intermediate_97
0_0_0_0_intermediate_98
0_0_0_0_intermediate_99
0_0_0_0_intermediate_100
0_0_0_0_intermediate_101
0_0_0_0_intermediate_102
0_0_0_0_intermediate_103
0_0_0_0_intermediate_104
0_0_0_0_intermediate_105
0_0_0_0_intermediate_106
0_0_0_0_intermediate_107
0_0_0_0_intermediate_108
0_0_0_0_intermediate_109
0_0_0_0_intermediate_110
0_0_0_0_intermediate_111
0_0_0_0_intermediate_112
0_0_0_0_intermediate_113
0_0_0_0_intermediate_114
0_0_0_0_intermediate_115
0_0_0_0_intermediate_116
0_0_0_0_intermediate_117
0_0_0_0_intermediate_118
0_0_0_0_intermediate_119
0_0_0_0_intermediate_120
0_0_0_0_intermediate_121
0_0_0_0_intermediate_122
0_0_0_0_intermediate_123
0_0_0_0_intermediate_124
0_0_0_0_intermediate_125
0_0_0_0_intermediate_126
0_0_0_0_intermediate_127
0_0_0_0_intermediate_128
0_0_0_0_intermediate_129
0_0_0_0_intermediate_130
0_0_0_0_intermediate_131
0_0_0_0_intermediate_132
0_0_0_0_intermediate_133
0_0_0_0_intermediate_134
0_0_0_0_intermediate_135
0_0_0_0_intermediate_136
0_0_0_0_intermediate_137
0_0_0_0_intermediate_138
0_0_0_0_intermediate_139
0_0_0_0_intermediate_140
0_0_0_0_intermediate_141
0_0_0_0_intermediate_142
0_0_0_0_intermediate_143
0_0_0_0_intermediate_144
0_0_0_0_intermediate_145
0_0_0_0_intermediate_146
0_0_0_0_intermediate_147
0_0_0_0_intermediate_148
0_0_0_0_intermediate_149
0_0_0_0_intermediate_150
0_0_0_0_intermediate_151
0_0_0_0_intermediate_152
0_0_0_0_intermediate_153
0_0_0_0_intermediate_154
0_0_0_0_intermediate_155
0_0_0_0_intermediate_156
0_0_0_0_intermediate_157
0_0_0_0_intermediate_158
0_0_0_0_intermediate_159
0_0_0_0_intermediate_160
0_0_0_0_intermediate_161
0_0_0_0_intermediate_162
0_0_0_0_intermediate_163
0_0_0_0_intermediate_164
0_0_0_0_intermediate_165
0_0_0_0_intermediate_166
0_0_0_0_intermediate_167
0_0_0_0_intermediate_168
0_0_0_0_intermediate_169
0_0_0_0_intermediate_170
0_0_0_0_intermediate_171
0_0_0_0_intermediate_172
0_0_0_0_intermediate_173
0_0_0_0_intermediate_174
0_0_0_0_intermediate_175
0_0_0_0_intermediate_176
0_0_0_0_intermediate_177
0_0_0_0_intermediate_178
0_0_0_0_intermediate_179
0_0_0_0_intermediate_180
0_0_0_0_intermediate_181
0_0_0_0_intermediate_182
0_0_0_0_intermediate_183
0_0_0_0_intermediate_184
0_0_0_0_intermediate_185
0_0_0_0_intermediate_186
0_0_0_0_intermediate_187
0_0_0_0_intermediate_188
0_0_0_0_intermediate_189
0_0_0_0_intermediate_190
0_0_0_0_intermediate_191
0_0_0_0_intermediate_192
0_0_0_0_intermediate_193
0_0_0_0_intermediate_194
0_0_0_0_intermediate_195
0_0_0_0_intermediate_196
0_0_0_0_intermediate_197
0_0_0_0_intermediate_198
0_0_0_0_intermediate_199
0_0_0_0_intermediate_200
0_0_0_0_intermediate_201
0_0_0_0_intermediate_202
0_0_0_0_intermediate_203
0_0_0_0_intermediate_204
0_0_0_0_intermediate_205
0_0_0_0_intermediate_206
0_0_0_0_intermediate_207
0_0_0_0_intermediate_208
0_0_0_0_intermediate_209
0_0_0_0_intermediate_210
0_0_0_0_intermediate_211
0_0_0_0_intermediate_212
0_0_0_0_intermediate_213
0_0_0_0_intermediate_214
0_0_0_0_intermediate_215
0_0_0_0_intermediate_216
0_0_0_0_intermediate_217
0_0_0_0_intermediate_218
0_0_0_0_intermediate_219
0_0_0_0_intermediate_220
0_0_0_0_intermediate_221
0_0_0_0_intermediate_222
0_0_0_0_intermediate_223
0_0_0_0_intermediate_224
0_0_0_0_intermediate_225
0_0_0_0_intermediate_226
0_0_0_0_intermediate_227
0_0_0_0_intermediate_228
0_0_0_0_intermediate_229
0_0_0_0_intermediate_230
0_0_0_0_intermediate_231
0_0_0_0_intermediate_232
0_0_0_0_intermediate_233
0_0_0_0_intermediate_234
0_0_0_0_intermediate_235
0_0_0_0_intermediate_236
0_0_0_0_intermediate_237
0_0_0_0_intermediate_238
0_0_0_0_intermediate_239
0_0_0_0_intermediate_240
0_0_0_0_intermediate_241
0_0_0_0_intermediate_242
0_0_0_0_intermediate_243
0_0_0_0_intermediate_244
0_0_0_0_intermediate_245
0_0_0_0_intermediate_246
0_0_0_0_intermediate_247
0_0_0_0_intermediate_248
0_0_0_0_intermediate_249
0_0_0_0_intermediate_250
0_0_0_0_intermediate_251
0_0_0_0_intermediate_252
0_0_0_0_intermediate_253
0_0_0_0_intermediate_254
0_0_0_0_intermediate_255
0_0_0_0_intermediate_256
0_0_0_0_intermediate_257
0_0_0_0_intermediate_258
0_0_0_0_intermediate_259
0_0_0_0_intermediate_260
0_0_0_0_intermediate_261
0_0_0_0_intermediate_262
0_0_0_0_intermediate_263
0_0_0_0_intermediate_264
0_0_0_0_intermediate_265
0_0_0_0_intermediate_266
0_0_0_0_intermediate_267
0_0_0_0_intermediate_268
0_0_0_0_intermediate_269
0_0_0_0_intermediate_270
0_0_0_0_intermediate_271
0_0_0_0_intermediate_272
0_0_0_0_intermediate_273
0_0_0_0_intermediate_274
0_0_0_0_intermediate_275
0_0_0_0_intermediate_276
0_0_0_0_intermediate_277
0_0_0_0_intermediate_278
0_0_0_0_intermediate_279
0_0_0_0_intermediate_280
0_0_0_0_intermediate_281
0_0_0_0_intermediate_282
0_0_0_0_intermediate_283
0_0_0_0_intermediate_284
0_0_0_0_intermediate_285
0_0_0_0_intermediate_286
0_0_0_0_intermediate_287
0_0_0_0_intermediate_288
0_0_0_0_intermediate_289
0_0_0_0_intermediate_290
0_0_0_0_intermediate_291
0_0_0_0_intermediate_292
0_0_0_0_intermediate_293
0_0_0_0_intermediate_294
0_0_0_0_intermediate_295
0_0_0_0_intermediate_296
0_0_0_0_intermediate_297
0_0_0_0_intermediate_298
0_0_0_0_intermediate_299
0_0_0_0_intermediate_300
0_0_0_0_intermediate_301
0_0_0_0_intermediate_302
0_0_0_0_intermediate_303
0_0_0_0_intermediate_304
0_0_0_0_intermediate_305
0_0_0_0_intermediate_306
0_0_0_0_intermediate_307
0_0_0_0_intermediate_308
0_0_0_0_intermediate_309
0_0_0_0_intermediate_310
0_0_0_0_intermediate_311
0_0_0_0_intermediate_312
0_0_0_0_intermediate_313
0_0_0_0_intermediate_314
0_0_0_0_intermediate_315
0_0_0_0_intermediate_316
0_0_0_0_intermediate_317
0_0_0_0_intermediate_318
0_0_0_0_intermediate_319
0_0_0_0_intermediate_320
0_0_0_0_intermediate_321
0_0_0_0_intermediate_322
0_0_0_0_intermediate_323
0_0_0_0_intermediate_324
0_0_0_0_intermediate_325
0_0_0_0_intermediate_326
0_0_0_0_intermediate_327
0_0_0_0_intermediate_328
0_0_0_0_intermediate_329
0_0_0_0_intermediate_330
0_0_0_0_intermediate_331
0_0_0_0_intermediate_332
0_0_0_0_intermediate_333
0_0_0_0_intermediate_334
0_0_0_0_intermediate_335
0_0_0_0_intermediate_336
0_0_0_0_intermediate_337
0_0_0_0_intermediate_338
0_0_0_0_intermediate_339
0_0_0_0_intermediate_340
0_0_0_0_intermediate_341
0_0_0_0_intermediate_342
0_0_0_0_intermediate_343
0_0_0_0_intermediate_344
0_0_0_0_intermediate_345
0_0_0_0_intermediate_346
0_0_0_0_intermediate_347
0_0_0_0_intermediate_348
0_0_0_0_intermediate_349
0_0_0_0_intermediate_350
0_0_0_0_intermediate_351
0_0_0_0_intermediate_352
0_0_0_0_intermediate_353
0_0_0_0_intermediate_354
0_0_0_0_intermediate_355
0_0_0_0_intermediate_356
0_0_0_0_intermediate_357
0_0_0_0_intermediate_358
0_0_0_0_intermediate_359
0_0_0_0_intermediate_360
0_0_0_0_intermediate_361
0_0_0_0_intermediate_362
0_0_0_0_intermediate_363
0_0_0_0_intermediate_364
0_0_0_0_intermediate_365
0_0_0_0_intermediate_366
0_0_0_0_intermediate_367
0_0_0_0_intermediate_368
0_0_0_0_intermediate_369
0_0_0_0_intermediate_370
0_0_0_0_intermediate_371
0_0_0_0_intermediate_372
0_0_0_0_intermediate_373
0_0_0_0_intermediate_374
0_0_0_0_intermediate_375
0_0_0_0_intermediate_376
0_0_0_0_intermediate_377
0_0_0_0_intermediate_378
0_0_0_0_intermediate_379
0_0_0_0_intermediate_380
0_0_0_0_intermediate_381
0_0_0_0_intermediate_382
0_0_0_0_intermediate_383
0_0_0_0_intermediate_384
0_0_0_0_intermediate_385
0_0_0_0_intermediate_386
0_0_0_0_intermediate_387
0_0_0_0_intermediate_388
0_0_0_0_intermediate_389
0_0_0_0_intermediate_390
0_0_0_0_intermediate_391
0_0_0_0_intermediate_392
0_0_0_0_intermediate_393
0_0_0_0_intermediate_394
0_0_0_0_intermediate_395
0_0_0_0_intermediate_396
0_0_0_0_intermediate_397
0_0_0_0_intermediate_398
0_0_0_0_intermediate_399
0_0_0_0_intermediate_400
0_0_0_0_intermediate_401
0_0_0_0_intermediate_402
0_0_0_0_intermediate_403
0_0_0_0_intermediate_404
0_0_0_0_intermediate_405
0_0_0_0_intermediate_406
0_0_0_0_intermediate_407
0_0_0_0_intermediate_408
0_0_0_0_intermediate_409
0_0_0_0_intermediate_410
0_0_0_0_intermediate_411
0_0_0_0_intermediate_412
0_0_0_0_intermediate_413
0_0_0_0_intermediate_414
0_0_0_0_intermediate_415
0_0_0_0_intermediate_416
0_0_0_0_intermediate_417
0_0_0_0_intermediate_418
0_0_0_0_intermediate_419
0_0_0_0_intermediate_420
0_0_0_0_intermediate_421
0_0_0_0_intermediate_422
0_0_0_0_intermediate_423
0_0_0_0_intermediate_424
0_0_0_0_intermediate_425
0_0_0_0_intermediate_426
0_0_0_0_intermediate_427
0_0_0_0_intermediate_428
0_0_0_0_intermediate_429
0_0_0_0_intermediate_430
0_0_0_0_intermediate_431
0_0_0_0_intermediate_432
0_0_0_0_intermediate_433
0_0_0_0_intermediate_434
0_0_0_0_intermediate_435
0_0_0_0_intermediate_436
0_0_0_0_intermediate_437
0_0_0_0_intermediate_438
0_0_0_0_intermediate_439
0_0_0_0_intermediate_440
0_0_0_0_intermediate_441
0_0_0_0_intermediate_442
0_0_0_0_intermediate_443
0_0_0_0_intermediate_444
0_0_0_0_intermediate_445
0_0_0_0_intermediate_446
0_0_0_0_intermediate_447
0_0_0_0_intermediate_448
0_0_0_0_intermediate_449
0_0_0_0_intermediate_450
0_0_0_0_intermediate_451
0_0_0_0_intermediate_452
0_0_0_0_intermediate_453
0_0_0_0_intermediate_454
0_0_0_0_intermediate_455
0_0_0_0_intermediate_456
0_0_0_0_intermediate_457
0_0_0_0_intermediate_458
0_0_0_0_intermediate_459
0_0_0_0_intermediate_460
0_0_0_0_intermediate_461
0_0_0_0_intermediate_462
0_0_0_0_intermediate_463
0_0_0_0_intermediate_464
0_0_0_0_intermediate_465
0_0_0_0_intermediate_466
0_0_0_0_intermediate_467
0_0_0_0_intermediate_468
0_0_0_0_intermediate_469
0_0_0_0_intermediate_470
0_0_0_0_intermediate_471
0_0_0_0_intermediate_472
0_0_0_0_intermediate_473
0_0_0_0_intermediate_474
0_0_0_0_intermediate_475
0_0_0_0_intermediate_476
0_0_0_0_intermediate_477
0_0_0_0_intermediate_478
0_0_0_0_intermediate_479
0_0_0_0_intermediate_480
0_0_0_0_intermediate_481
0_0_0_0_intermediate_482
0_0_0_0_intermediate_483
0_0_0_0_intermediate_484
0_0_0_0_intermediate_485
0_0_0_0_intermediate_486
0_0_0_0_intermediate_487
0_0_0_0_intermediate_488
0_0_0_0_intermediate_489
0_0_0_0_intermediate_490
0_0_0_0_intermediate_491
0_0_0_0_intermediate_492
0_0_0_0_intermediate_493
0_0_0_0_intermediate_494
0_0_0_0_intermediate_495
0_0_0_0_intermediate_496
0_0_0_0_intermediate_497
0_0_0_0_intermediate_498
0_0_0_0_intermediate_499
0_0_0_0_intermediate_500
0_0_0_0_intermediate_501
0_0_0_0_intermediate_502
0_0_0_0_intermediate_503
0_0_0_0_intermediate_504
0_0_0_0_intermediate_505
0_0_0_0_intermediate_506
0_0_0_0_intermediate_507
0_0_0_0_intermediate_508
0_0_0_0_intermediate_509
0_0_0_0_intermediate_510
0_0_0_0_intermediate_511
0_0_0_0_intermediate_512
0_0_0_0_intermediate_513
0_0_0_0_intermediate_514
0_0_0_0_intermediate_515
0_0_0_0_intermediate_516
0_0_0_0_intermediate_517
0_0_0_0_intermediate_518
0_0_0_0_intermediate_519
0_0_0_0_intermediate_520
0_0_0_0_intermediate_521
0_0_0_0_intermediate_522
0_0_0_0_intermediate_523
0_0_0_0_intermediate_524
0_0_0_0_intermediate_525
0_0_0_0_intermediate_526
0_0_0_0_intermediate_527
0_0_0_0_intermediate_528
0_0_0_0_intermediate_529
0_0_0_0_intermediate_530
0_0_0_0_intermediate_531
0_0_0_0_intermediate_532
0_0_0_0_intermediate_533
0_0_0_0_intermediate_534
0_0_0_0_intermediate_535
0_0_0_0_intermediate_536
0_0_0_0_intermediate_537
0_0_0_0_intermediate_538
0_0_0_0_intermediate_539
0_0_0_0_intermediate_540
0_0_0_0_intermediate_541
0_0_0_0_intermediate_542
0_0_0_0_intermediate_543
0_0_0_0_intermediate_544
0_0_0_0_intermediate_545
0_0_0_0_intermediate_546
0_0_0_0_intermediate_547
0_0_0_0_intermediate_548
0_0_0_0_intermediate_549
0_0_0_0_intermediate_550
0_0_0_0_intermediate_551
0_0_0_0_intermediate_552
0_0_0_0_intermediate_553
0_0_0_0_intermediate_554
0_0_0_0_intermediate_555
0_0_0_0_intermediate_556
0_0_0_0_intermediate_557
0_0_0_0_intermediate_558
0_0_0_0_intermediate_559
0_0_0_0_intermediate_560
0_0_0_0_intermediate_561
0_0_0_0_intermediate_562
0_0_0_0_intermediate_563
0_0_0_0_intermediate_564
0_0_0_0_intermediate_565
0_0_0_0_intermediate_566
0_0_0_0_intermediate_567
0_0_0_0_intermediate_568
0_0_0_0_intermediate_569
0_0_0_0_intermediate_570
0_0_0_0_intermediate_571
0_0_0_0_intermediate_572
0_0_0_0_intermediate_573
0_0_0_0_intermediate_574
0_0_0_0_intermediate_575
0_0_0_0_intermediate_576
0_0_0_0_intermediate_577
0_0_0_0_intermediate_578
0_0_0_0_intermediate_579
0_0_0_0_intermediate_580
0_0_0_0_intermediate_581
0_0_0_0_intermediate_582
0_0_0_0_intermediate_583
0_0_0_0_intermediate_584
0_0_0_0_intermediate_585
0_0_0_0_intermediate_586
0_0_0_0_intermediate_587
0_0_0_0_intermediate_588
0_0_0_0_intermediate_589
0_0_0_0_intermediate_590
0_0_0_0_intermediate_591
0_0_0_0_intermediate_592
0_0_0_0_intermediate_593
0_0_0_0_intermediate_594
0_0_0_0_intermediate_595
0_0_0_0_intermediate_596
0_0_0_0_intermediate_597
0_0_0_0_intermediate_598
0_0_0_0_intermediate_599
0_0_0_0_intermediate_600
0_0_0_0_intermediate_601
0_0_0_0_intermediate_602
0_0_0_0_intermediate_603
0_0_0_0_intermediate_604
0_0_0_0_intermediate_605
0_0_0_0_intermediate_606
0_0_0_0_intermediate_607
0_0_0_0_intermediate_608
0_0_0_0_intermediate_609
0_0_0_0_intermediate_610
0_0_0_0_intermediate_611
0_0_0_0_intermediate_612
0_0_0_0_intermediate_613
0_0_0_0_intermediate_614
0_0_0_0_intermediate_615
0_0_0_0_intermediate_616
0_0_0_0_intermediate_617
0_0_0_0_intermediate_618
0_0_0_0_intermediate_619
0_0_0_0_intermediate_620
0_0_0_0_intermediate_621
0_0_0_0_intermediate_622
0_0_0_0_intermediate_623
0_0_0_0_intermediate_624
0_0_0_0_intermediate_625
0_0_0_0_intermediate_626
0_0_0_0_intermediate_627
0_0_0_0_intermediate_628
0_0_0_0_intermediate_629
0_0_0_0_intermediate_630
0_0_0_0_intermediate_631
0_0_0_0_intermediate_632
0_0_0_0_intermediate_633
0_0_0_0_intermediate_634
0_0_0_0_intermediate_635
0_0_0_0_intermediate_636
0_0_0_0_intermediate_637
0_0_0_0_intermediate_638
0_0_0_0_intermediate_639
0_0_0_0_intermediate_640
0_0_0_0_intermediate_641
0_0_0_0_intermediate_642
0_0_0_0_intermediate_643
0_0_0_0_intermediate_644
0_0_0_0_intermediate_645
0_0_0_0_intermediate_646
0_0_0_0_intermediate_647
0_0_0_0_intermediate_648
0_0_0_0_intermediate_649
0_0_0_0_intermediate_650
0_0_0_0_intermediate_651
0_0_0_0_intermediate_652
0_0_0_0_intermediate_653
0_0_0_0_intermediate_654
0_0_0_0_intermediate_655
0_0_0_0_intermediate_656
0_0_0_0_intermediate_657
0_0_0_0_intermediate_658
0_0_0_0_intermediate_659
0_0_0_0_intermediate_660
0_0_0_0_intermediate_661
0_0_0_0_intermediate_662
0_0_0_0_intermediate_663
0_0_0_0_intermediate_664
0_0_0_0_intermediate_665
0_0_0_0_intermediate_666
0_0_0_0_intermediate_667
0_0_0_0_intermediate_668
0_0_0_0_intermediate_669
0_0_0_0_intermediate_670
0_0_0_0_intermediate_671
0_0_0_0_intermediate_672
0_0_0_0_intermediate_673
0_0_0_0_intermediate_674
0_0_0_0_intermediate_675
0_0_0_0_intermediate_676
0_0_0_0_intermediate_677
0_0_0_0_intermediate_678
0_0_0_0_intermediate_679
0_0_0_0_intermediate_680
0_0_0_0_intermediate_681
0_0_0_0_intermediate_682
0_0_0_0_intermediate_683
0_0_0_0_intermediate_684
0_0_0_0_intermediate_685
0_0_0_0_intermediate_686
0_0_0_0_intermediate_687
0_0_0_0_intermediate_688
0_0_0_0_intermediate_689
0_0_0_0_intermediate_690
0_0_0_0_intermediate_691
0_0_0_0_intermediate_692
0_0_0_0_intermediate_693
0_0_0_0_intermediate_694
0_0_0_0_intermediate_695
0_0_0_0_intermediate_696
0_0_0_0_intermediate_697
0_0_0_0_intermediate_698
0_0_0_0_intermediate_699
0_0_0_0_intermediate_700
0_0_0_0_intermediate_701
0_0_0_0_intermediate_702
0_0_0_0_intermediate_703
0_0_0_0_intermediate_704
0_0_0_0_intermediate_705
0_0_0_0_intermediate_706
0_0_0_0_intermediate_707
0_0_0_0_intermediate_708
0_0_0_0_intermediate_709
0_0_0_0_intermediate_710
0_0_0_0_intermediate_711
0_0_0_0_intermediate_712
0_0_0_0_intermediate_713
0_0_0_0_intermediate_714
0_0_0_0_intermediate_715
0_0_0_0_intermediate_716
0_0_0_0_intermediate_717
0_0_0_0_intermediate_718
0_0_0_0_intermediate_719
0_0_0_0_intermediate_720
0_0_0_0_intermediate_721
0_0_0_0_intermediate_722
0_0_0_0_intermediate_723
0_0_0_0_intermediate_724
0_0_0_0_intermediate_725
0_0_0_0_intermediate_726
0_0_0_0_intermediate_727
0_0_0_0_intermediate_728
0_0_0_0_intermediate_729
0_0_0_0_intermediate_730
0_0_0_0_intermediate_731
0_0_0_0_intermediate_732
0_0_0_0_intermediate_733
0_0_0_0_intermediate_734
0_0_0_0_intermediate_735
0_0_0_0_intermediate_736
0_0_0_0_intermediate_737
0_0_0_0_intermediate_738
0_0_0_0_intermediate_739
0_0_0_0_intermediate_740
0_0_0_0_intermediate_741
0_0_0_0_intermediate_742
0_0_0_0_intermediate_743
0_0_0_0_intermediate_744
0_0_0_0_intermediate_745
0_0_0_0_intermediate_746
0_0_0_0_intermediate_747
0_0_0_0_intermediate_748
0_0_0_0_intermediate_749
0_0_0_0_intermediate_750
0_0_0_0_intermediate_751
0_0_0_0_intermediate_752
0_0_0_0_intermediate_753
0_0_0_0_intermediate_754
0_0_0_0_intermediate_755
0_0_0_0_intermediate_756
0_0_0_0_intermediate_757
0_0_0_0_intermediate_758
0_0_0_0_intermediate_759
0_0_0_0_intermediate_760
0_0_0_0_intermediate_761
0_0_0_0_intermediate_762
0_0_0_0_intermediate_763
0_0_0_0_intermediate_764
0_0_0_0_intermediate_765
0_0_0_0_intermediate_766
0_0_0_0_intermediate_767
0_0_0_0_intermediate_768
0_0_0_0_intermediate_769
0_0_0_0_intermediate_770
0_0_0_0_intermediate_771
0_0_0_0_intermediate_772
0_0_0_0_intermediate_773
0_0_0_0_intermediate_774
0_0_0_0_intermediate_775
0_0_0_0_intermediate_776
0_0_0_0_intermediate_777
0_0_0_0_intermediate_778
0_0_0_0_intermediate_779
0_0_0_0_intermediate_780
0_0_0_0_intermediate_781
0_0_0_0_intermediate_782
0_0_0_0_intermediate_783
0_0_0_0_intermediate_784
0_0_0_0_intermediate_785
0_0_0_0_intermediate_786
0_0_0_0_intermediate_787
0_0_0_0_intermediate_788
0_0_0_0_intermediate_789
0_0_0_0_intermediate_790
0_0_0_0_intermediate_791
0_0_0_0_intermediate_792
0_0_0_0_intermediate_793
0_0_0_0_intermediate_794
0_0_0_0_intermediate_795
0_0_0_0_intermediate_796
0_0_0_0_intermediate_797
0_0_0_0_intermediate_798
0_0_0_0_intermediate_799
0_0_0_0_intermediate_800
0_0_0_0_intermediate_801
0_0_0_0_intermediate_802
0_0_0_0_intermediate_803
0_0_0_0_intermediate_804
0_0_0_0_intermediate_805
0_0_0_0_intermediate_806
0_0_0_0_intermediate_807
0_0_0_0_intermediate_808
0_0_0_0_intermediate_809
0_0_0_0_intermediate_810
0_0_0_0_intermediate_811
0_0_0_0_intermediate_812
0_0_0_0_intermediate_813
0_0_0_0_intermediate_814
0_0_0_0_intermediate_815
0_0_0_0_intermediate_816
0_0_0_0_intermediate_817
0_0_0_0_intermediate_818
0_0_0_0_intermediate_819
0_0_0_0_intermediate_820
0_0_0_0_intermediate_821
0_0_0_0_intermediate_822
0_0_0_0_intermediate_823
0_0_0_0_intermediate_824
0_0_0_0_intermediate_825
0_0_0_0_intermediate_826
0_0_0_0_intermediate_827
0_0_0_0_intermediate_828
0_0_0_0_intermediate_829
0_0_0_0_intermediate_830
0_0_0_0_intermediate_831
0_0_0_0_intermediate_832
0_0_0_0_intermediate_833
0_0_0_0_intermediate_834
0_0_0_0_intermediate_835
0_0_0_0_intermediate_836
0_0_0_0_intermediate_837
0_0_0_0_intermediate_838
0_0_0_0_intermediate_839
0_0_0_0_intermediate_840
0_0_0_0_intermediate_841
0_0_0_0_intermediate_842
0_0_0_0_intermediate_843
0_0_0_0_intermediate_844
0_0_0_0_intermediate_845
0_0_0_0_intermediate_846
0_0_0_0_intermediate_847
0_0_0_0_intermediate_848
0_0_0_0_intermediate_849
0_0_0_0_intermediate_850
0_0_0_0_intermediate_851
0_0_0_0_intermediate_852
0_0_0_0_intermediate_853
0_0_0_0_intermediate_854
0_0_0_0_intermediate_855
0_0_0_0_intermediate_856
0_0_0_0_intermediate_857
0_0_0_0_intermediate_858
0_0_0_0_intermediate_859
0_0_0_0_intermediate_860
0_0_0_0_intermediate_861
0_0_0_0_intermediate_862
0_0_0_0_intermediate_863
0_0_0_0_intermediate_864
0_0_0_0_intermediate_865
0_0_0_0_intermediate_866
0_0_0_0_intermediate_867
0_0_0_0_intermediate_868
0_0_0_0_intermediate_869
0_0_0_0_intermediate_870
0_0_0_0_intermediate_871
0_0_0_0_intermediate_872
0_0_0_0_intermediate_873
0_0_0_0_intermediate_874
0_0_0_0_intermediate_875
0_0_0_0_intermediate_876
0_0_0_0_intermediate_877
0_0_0_0_intermediate_878
0_0_0_0_intermediate_879
0_0_0_0_intermediate_880
0_0_0_0_intermediate_881
0_0_0_0_intermediate_882
0_0_0_0_intermediate_883
0_0_0_0_intermediate_884
0_0_0_0_intermediate_885
0_0_0_0_intermediate_886
0_0_0_0_intermediate_887
0_0_0_0_intermediate_888
0_0_0_0_intermediate_889
0_0_0_0_intermediate_890
0_0_0_0_intermediate_891
0_0_0_0_intermediate_892
0_0_0_0_intermediate_893
0_0_0_0_intermediate_894
0_0_0_0_intermediate_895
0_0_0_0_intermediate_896
0_0_0_0_intermediate_897
0_0_0_0_intermediate_898
0_0_0_0_intermediate_899
0_0_0_0_intermediate_900
0_0_0_0_intermediate_901
0_0_0_0_intermediate_902
0_0_0_0_intermediate_903
0_0_0_0_intermediate_904
0_0_0_0_intermediate_905
0_0_0_0_intermediate_906
0_0_0_0_intermediate_907
0_0_0_0_intermediate_908
0_0_0_0_intermediate_909
0_0_0_0_intermediate_910
0_0_0_0_intermediate_911
0_0_0_0_intermediate_912
0_0_0_0_intermediate_913
0_0_0_0_intermediate_914
0_0_0_0_intermediate_915
0_0_0_0_intermediate_916
0_0_0_0_intermediate_917
0_0_0_0_intermediate_918
0_0_0_0_intermediate_919
0_0_0_0_intermediate_920
0_0_0_0_intermediate_921
0_0_0_0_intermediate_922
0_0_0_0_intermediate_923
0_0_0_0_intermediate_924
0_0_0_0_intermediate_925
0_0_0_0_intermediate_926
0_0_0_0_intermediate_927
0_0_0_0_intermediate_928
0_0_0_0_intermediate_929
0_0_0_0_intermediate_930
0_0_0_0_intermediate_931
0_0_0_0_intermediate_932
0_0_0_0_intermediate_933
0_0_0_0_intermediate_934
0_0_0_0_intermediate_935
0_0_0_0_intermediate_936
0_0_0_0_intermediate_937
0_0_0_0_intermediate_938
0_0_0_0_intermediate_939
0_0_0_0_intermediate_940
0_0_0_0_intermediate_941
0_0_0_0_intermediate_942
0_0_0_0_intermediate_943
0_0_0_0_intermediate_944
0_0_0_0_intermediate_945
0_0_0_0_intermediate_946
0_0_0_0_intermediate_947
0_0_0_0_intermediate_948
0_0_0_0_intermediate_949
0_0_0_0_intermediate_950
0_0_0_0_intermediate_951
0_0_0_0_intermediate_952
0_0_0_0_intermediate_953
0_0_0_0_intermediate_954
0_0_0_0_intermediate_955
0_0_0_0_intermediate_956
0_0_0_0_intermediate_957
0_0_0_0_intermediate_958
0_0_0_0_intermediate_959
0_0_0_0_intermediate_960
0_0_0_0_intermediate_961
0_0_0_0_intermediate_962
0_0_0_0_intermediate_963
0_0_0_0_intermediate_964
0_0_0_0_intermediate_965
0_0_0_0_intermediate_966
0_0_0_0_intermediate_967
0_0_0_0_intermediate_968
0_0_0_0_intermediate_969
0_0_0_0_intermediate_970
0_0_0_0_intermediate_971
0_0_0_0_intermediate_972
0_0_0_0_intermediate_973
0_0_0_0_intermediate_974
0_0_0_0_intermediate_975
0_0_0_0_intermediate_976
0_0_0_0_intermediate_977
0_0_0_0_intermediate_978
0_0_0_0_intermediate_979
0_0_0_0_intermediate_980
0_0_0_0_intermediate_981
0_0_0_0_intermediate_982
0_0_0_0_intermediate_983
0_0_0_0_intermediate_984
0_0_0_0_intermediate_985
0_0_0_0_intermediate_986
0_0_0_0_intermediate_987
0_0_0_0_intermediate_988
0_0_0_0_intermediate_989
0_0_0_0_intermediate_990
0_0_0_0_intermediate_991
0_0_0_0_intermediate_992
0_0_0_0_intermediate_993
0_0_0_0_intermediate_994
0_0_0_0_intermediate_995
0_0_0_0_intermediate_996
0_0_0_0_intermediate_997
0_0_0_0_intermediate_998
0_0_0_0_intermediate_999
0_0_0_0_intermediate_1000
0_0_0_0_intermediate_1001
0_0_0_0_intermediate_1002
0_0_0_0_intermediate_1003
0_0_0_0_intermediate_1004
0_0_0_0_intermediate_1005
0_0_0_0_intermediate_1006
0_0_0_0_intermediate_1007
0_0_0_0_intermediate_1008
0_0_0_0_intermediate_1009
0_0_0_0_intermediate_1010
0_0_0_0_intermediate_1011
0_0_0_0_intermediate_1012
0_0_0_0_intermediate_1013
0_0_0_0_intermediate_1014
0_0_0_0_intermediate_1015
0_0_0_0_intermediate_1016
0_0_0_0_intermediate_1017
0_0_0_0_intermediate_1018
0_0_0_0_intermediate_1019
0_0_0_0_intermediate_1020
0_0_0_0_intermediate_1021
0_0_0_0_intermediate_1022
0_0_0_0_intermediate_1023
0_0_0_0_intermediate_1024
0_0_0_0_intermediate_1025
0_0_0_0_intermediate_1026
0_0_0_0_intermediate_1027
0_0_0_0_intermediate_1028
0_0_0_0_intermediate_1029
0_0_0_0_intermediate_1030
0_0_0_0_intermediate_1031
0_0_0_0_intermediate_1032
0_0_0_0_intermediate_1033
0_0_0_0_intermediate_1034
0_0_0_0_intermediate_1035
0_0_0_0_intermediate_1036
0_0_0_0_intermediate_1037
0_0_0_0_intermediate_1038
0_0_0_0_intermediate_1039
0_0_0_0_intermediate_1040
0_0_0_0_intermediate_1041
0_0_0_0_intermediate_1042
0_0_0_0_intermediate_1043
0_0_0_0_intermediate_1044
0_0_0_0_intermediate_1045
0_0_0_0_intermediate_1046
0_0_0_0_intermediate_1047
0_0_0_0_intermediate_1048
0_0_0_0_intermediate_1049
0_0_0_0_intermediate_1050
0_0_0_0_intermediate_1051
0_0_0_0_intermediate_1052
0_0_0_0_intermediate_1053
0_0_0_0_intermediate_1054
0_0_0_0_intermediate_1055
0_0_0_0_intermediate_1056
0_0_0_0_intermediate_1057
0_0_0_0_intermediate_1058
0_0_0_0_intermediate_1059
0_0_0_0_intermediate_1060
0_0_0_0_intermediate_1061
0_0_0_0_intermediate_1062
0_0_0_0_intermediate_1063
0_0_0_0_intermediate_1064
0_0_0_0_intermediate_1065
0_0_0_0_intermediate_1066
0_0_0_0_intermediate_1067
0_0_0_0_intermediate_1068
0_0_0_0_intermediate_1069
0_0_0_0_intermediate_1070
0_0_0_0_intermediate_1071
0_0_0_0_intermediate_1072
0_0_0_0_intermediate_1073
0_0_0_0_intermediate_1074
0_0_0_0_intermediate_1075
0_0_0_0_intermediate_1076
0_0_0_0_intermediate_1077
0_0_0_0_intermediate_1078
0_0_0_0_intermediate_1079
0_0_0_0_intermediate_1080
0_0_0_0_intermediate_1081
0_0_0_0_intermediate_1082
0_0_0_0_intermediate_1083
0_0_0_0_intermediate_1084
0_0_0_0_intermediate_1085
0_0_0_0_intermediate_1086
0_0_0_0_intermediate_1087
0_0_0_0_intermediate_1088
0_0_0_0_intermediate_1089
0_0_0_0_intermediate_1090
0_0_0_0_intermediate_1091
0_0_0_0_intermediate_1092
0_0_0_0_intermediate_1093
0_0_0_0_intermediate_1094
0_0_0_0_intermediate_1095
0_0_0_0_intermediate_1096
0_0_0_0_intermediate_1097
0_0_0_0_intermediate_1098
0_0_0_0_intermediate_1099
0_0_0_0_intermediate_1100
0_0_0_0_intermediate_1101
0_0_0_0_intermediate_1102
0_0_0_0_intermediate_1103
0_0_0_0_intermediate_1104
0_0_0_0_intermediate_1105
0_0_0_0_intermediate_1106
0_0_0_0_intermediate_1107
0_0_0_0_intermediate_1108
0_0_0_0_intermediate_1109
0_0_0_0_intermediate_1110
0_0_0_0_intermediate_1111
0_0_0_0_intermediate_1112
0_0_0_0_intermediate_1113
0_0_0_0_intermediate_1114
0_0_0_0_intermediate_1115
0_0_0_0_intermediate_1116
0_0_0_0_intermediate_1117
0_0_0_0_intermediate_1118
0_0_0_0_intermediate_1119
0_0_0_0_intermediate_1120
0_0_0_0_intermediate_1121
0_0_0_0_intermediate_1122
0_0_0_0_intermediate_1123
0_0_0_0_intermediate_1124
0_0_0_0_intermediate_1125
0_0_0_0_intermediate_1126
0_0_0_0_intermediate_1127
0_0_0_0_intermediate_1128
0_0_0_0_intermediate_1129
0_0_0_0_intermediate_1130
0_0_0_0_intermediate_1131
0_0_0_0_intermediate_1132
0_0_0_0_intermediate_1133
0_0_0_0_intermediate_1134
0_0_0_0_intermediate_1135
0_0_0_0_intermediate_1136
0_0_0_0_intermediate_1137
0_0_0_0_intermediate_1138
0_0_0_0_intermediate_1139
0_0_0_0_intermediate_1140
0_0_0_0_intermediate_1141
0_0_0_0_intermediate_1142
0_0_0_0_intermediate_1143
0_0_0_0_intermediate_1144
0_0_0_0_intermediate_1145
0_0_0_0_intermediate_1146
0_0_0_0_intermediate_1147
0_0_0_0_intermediate_1148
0_0_0_0_intermediate_1149
0_0_0_0_intermediate_1150
0_0_0_0_intermediate_1151
0_0_0_0_intermediate_1152
0_0_0_0_intermediate_1153
0_0_0_0_intermediate_1154
0_0_0_0_intermediate_1155
0_0_0_0_intermediate_1156
0_0_0_0_intermediate_1157
0_0_0_0_intermediate_1158
0_0_0_0_intermediate_1159
0_0_0_0_intermediate_1160
0_0_0_0_intermediate_1161
0_0_0_0_intermediate_1162
0_0_0_0_intermediate_1163
0_0_0_0_intermediate_1164
0_0_0_0_intermediate_1165
0_0_0_0_intermediate_1166
0_0_0_0_intermediate_1167
0_0_0_0_intermediate_1168
0_0_0_0_intermediate_1169
0_0_0_0_intermediate_1170
0_0_0_0_intermediate_1171
0_0_0_0_intermediate_1172
0_0_0_0_intermediate_1173
0_0_0_0_intermediate_1174
0_0_0_0_intermediate_1175
0_0_0_0_intermediate_1176
0_0_0_0_intermediate_1177
0_0_0_0_intermediate_1178
0_0_0_0_intermediate_1179
0_0_0_0_intermediate_1180
0_0_0_0_intermediate_1181
0_0_0_0_intermediate_1182
0_0_0_0_intermediate_1183
0_0_0_0_intermediate_1184
0_0_0_0_intermediate_1185
0_0_0_0_intermediate_1186
0_0_0_0_intermediate_1187
0_0_0_0_intermediate_1188
0_0_0_0_intermediate_1189
0_0_0_0_intermediate_1190
0_0_0_0_intermediate_1191
0_0_0_0_intermediate_1192
0_0_0_0_intermediate_1193
0_0_0_0_intermediate_1194
0_0_0_0_intermediate_1195
0_0_0_0_intermediate_1196
0_0_0_0_intermediate_1197
0_0_0_0_intermediate_1198
0_0_0_0_intermediate_1199
0_0_0_0_intermediate_1200
0_0_0_0_intermediate_1201
0_0_0_0_intermediate_1202
0_0_0_0_intermediate_1203
0_0_0_0_intermediate_1204
0_0_0_0_intermediate_1205
0_0_0_0_intermediate_1206
0_0_0_0_intermediate_1207
0_0_0_0_intermediate_1208
0_0_0_0_intermediate_1209
0_0_0_0_intermediate_1210
0_0_0_0_intermediate_1211
0_0_0_0_intermediate_1212
0_0_0_0_intermediate_1213
0_0_0_0_intermediate_1214
0_0_0_0_intermediate_1215
0_0_0_0_intermediate_1216
0_0_0_0_intermediate_1217
0_0_0_0_intermediate_1218
0_0_0_0_intermediate_1219
0_0_0_0_intermediate_1220
0_0_0_0_intermediate_1221
