Traceback (most recent call last):
  File "/data/gkx/Code/opencood/tools/train.py", line 15, in <module>
    from tensorboardX import SummaryWriter
ModuleNotFoundError: No module named 'tensorboardX'
Dataset Building
Dataset dir: /datasets/OPV2V/train
too many cavs reinitialize
Dataset dir: /datasets/OPV2V/validate
too many cavs reinitialize
too many cavs reinitialize
Creating Model
is_resnet
Postprocessor Stage2 ReDetect:  False

==== Parameters in Model but not in Checkpoint ====

Number of parameters successfully loaded: 819/819
model data =  tensor(14395023.)
解冻层: mdd.denoiser.temb.dense.0.weight
解冻层: mdd.denoiser.temb.dense.0.bias
解冻层: mdd.denoiser.temb.dense.1.weight
解冻层: mdd.denoiser.temb.dense.1.bias
解冻层: mdd.denoiser.conv_in.weight
解冻层: mdd.denoiser.conv_in.bias
解冻层: mdd.denoiser.down.0.block.0.norm1.weight
解冻层: mdd.denoiser.down.0.block.0.norm1.bias
解冻层: mdd.denoiser.down.0.block.0.conv1.weight
解冻层: mdd.denoiser.down.0.block.0.conv1.bias
解冻层: mdd.denoiser.down.0.block.0.temb_proj.weight
解冻层: mdd.denoiser.down.0.block.0.temb_proj.bias
解冻层: mdd.denoiser.down.0.block.0.norm2.weight
解冻层: mdd.denoiser.down.0.block.0.norm2.bias
解冻层: mdd.denoiser.down.0.block.0.conv2.weight
解冻层: mdd.denoiser.down.0.block.0.conv2.bias
解冻层: mdd.denoiser.down.0.block.1.norm1.weight
解冻层: mdd.denoiser.down.0.block.1.norm1.bias
解冻层: mdd.denoiser.down.0.block.1.conv1.weight
解冻层: mdd.denoiser.down.0.block.1.conv1.bias
解冻层: mdd.denoiser.down.0.block.1.temb_proj.weight
解冻层: mdd.denoiser.down.0.block.1.temb_proj.bias
解冻层: mdd.denoiser.down.0.block.1.norm2.weight
解冻层: mdd.denoiser.down.0.block.1.norm2.bias
解冻层: mdd.denoiser.down.0.block.1.conv2.weight
解冻层: mdd.denoiser.down.0.block.1.conv2.bias
解冻层: mdd.denoiser.down.0.attn.0.groupnorm.weight
解冻层: mdd.denoiser.down.0.attn.0.groupnorm.bias
解冻层: mdd.denoiser.down.0.attn.0.conv_input.weight
解冻层: mdd.denoiser.down.0.attn.0.conv_input.bias
解冻层: mdd.denoiser.down.0.attn.0.layernorm_1.weight
解冻层: mdd.denoiser.down.0.attn.0.layernorm_1.bias
解冻层: mdd.denoiser.down.0.attn.0.attention_1.in_proj.weight
解冻层: mdd.denoiser.down.0.attn.0.attention_1.out_proj.weight
解冻层: mdd.denoiser.down.0.attn.0.attention_1.out_proj.bias
解冻层: mdd.denoiser.down.0.attn.0.layernorm_2.weight
解冻层: mdd.denoiser.down.0.attn.0.layernorm_2.bias
解冻层: mdd.denoiser.down.0.attn.0.attention_2.q_proj.weight
解冻层: mdd.denoiser.down.0.attn.0.attention_2.k_proj.weight
解冻层: mdd.denoiser.down.0.attn.0.attention_2.v_proj.weight
解冻层: mdd.denoiser.down.0.attn.0.attention_2.out_proj.weight
解冻层: mdd.denoiser.down.0.attn.0.attention_2.out_proj.bias
解冻层: mdd.denoiser.down.0.attn.0.layernorm_3.weight
解冻层: mdd.denoiser.down.0.attn.0.layernorm_3.bias
解冻层: mdd.denoiser.down.0.attn.0.linear_geglu_1.weight
解冻层: mdd.denoiser.down.0.attn.0.linear_geglu_1.bias
解冻层: mdd.denoiser.down.0.attn.0.linear_geglu_2.weight
解冻层: mdd.denoiser.down.0.attn.0.linear_geglu_2.bias
解冻层: mdd.denoiser.down.0.attn.0.conv_output.weight
解冻层: mdd.denoiser.down.0.attn.0.conv_output.bias
解冻层: mdd.denoiser.down.0.attn.1.groupnorm.weight
解冻层: mdd.denoiser.down.0.attn.1.groupnorm.bias
解冻层: mdd.denoiser.down.0.attn.1.conv_input.weight
解冻层: mdd.denoiser.down.0.attn.1.conv_input.bias
解冻层: mdd.denoiser.down.0.attn.1.layernorm_1.weight
解冻层: mdd.denoiser.down.0.attn.1.layernorm_1.bias
解冻层: mdd.denoiser.down.0.attn.1.attention_1.in_proj.weight
解冻层: mdd.denoiser.down.0.attn.1.attention_1.out_proj.weight
解冻层: mdd.denoiser.down.0.attn.1.attention_1.out_proj.bias
解冻层: mdd.denoiser.down.0.attn.1.layernorm_2.weight
解冻层: mdd.denoiser.down.0.attn.1.layernorm_2.bias
解冻层: mdd.denoiser.down.0.attn.1.attention_2.q_proj.weight
解冻层: mdd.denoiser.down.0.attn.1.attention_2.k_proj.weight
解冻层: mdd.denoiser.down.0.attn.1.attention_2.v_proj.weight
解冻层: mdd.denoiser.down.0.attn.1.attention_2.out_proj.weight
解冻层: mdd.denoiser.down.0.attn.1.attention_2.out_proj.bias
解冻层: mdd.denoiser.down.0.attn.1.layernorm_3.weight
解冻层: mdd.denoiser.down.0.attn.1.layernorm_3.bias
解冻层: mdd.denoiser.down.0.attn.1.linear_geglu_1.weight
解冻层: mdd.denoiser.down.0.attn.1.linear_geglu_1.bias
解冻层: mdd.denoiser.down.0.attn.1.linear_geglu_2.weight
解冻层: mdd.denoiser.down.0.attn.1.linear_geglu_2.bias
解冻层: mdd.denoiser.down.0.attn.1.conv_output.weight
解冻层: mdd.denoiser.down.0.attn.1.conv_output.bias
解冻层: mdd.denoiser.down.0.downsample.conv.weight
解冻层: mdd.denoiser.down.0.downsample.conv.bias
解冻层: mdd.denoiser.down.1.block.0.norm1.weight
解冻层: mdd.denoiser.down.1.block.0.norm1.bias
解冻层: mdd.denoiser.down.1.block.0.conv1.weight
解冻层: mdd.denoiser.down.1.block.0.conv1.bias
解冻层: mdd.denoiser.down.1.block.0.temb_proj.weight
解冻层: mdd.denoiser.down.1.block.0.temb_proj.bias
解冻层: mdd.denoiser.down.1.block.0.norm2.weight
解冻层: mdd.denoiser.down.1.block.0.norm2.bias
解冻层: mdd.denoiser.down.1.block.0.conv2.weight
解冻层: mdd.denoiser.down.1.block.0.conv2.bias
解冻层: mdd.denoiser.down.1.block.1.norm1.weight
解冻层: mdd.denoiser.down.1.block.1.norm1.bias
解冻层: mdd.denoiser.down.1.block.1.conv1.weight
解冻层: mdd.denoiser.down.1.block.1.conv1.bias
解冻层: mdd.denoiser.down.1.block.1.temb_proj.weight
解冻层: mdd.denoiser.down.1.block.1.temb_proj.bias
解冻层: mdd.denoiser.down.1.block.1.norm2.weight
解冻层: mdd.denoiser.down.1.block.1.norm2.bias
解冻层: mdd.denoiser.down.1.block.1.conv2.weight
解冻层: mdd.denoiser.down.1.block.1.conv2.bias
解冻层: mdd.denoiser.down.1.attn.0.groupnorm.weight
解冻层: mdd.denoiser.down.1.attn.0.groupnorm.bias
解冻层: mdd.denoiser.down.1.attn.0.conv_input.weight
解冻层: mdd.denoiser.down.1.attn.0.conv_input.bias
解冻层: mdd.denoiser.down.1.attn.0.layernorm_1.weight
解冻层: mdd.denoiser.down.1.attn.0.layernorm_1.bias
解冻层: mdd.denoiser.down.1.attn.0.attention_1.in_proj.weight
解冻层: mdd.denoiser.down.1.attn.0.attention_1.out_proj.weight
解冻层: mdd.denoiser.down.1.attn.0.attention_1.out_proj.bias
解冻层: mdd.denoiser.down.1.attn.0.layernorm_2.weight
解冻层: mdd.denoiser.down.1.attn.0.layernorm_2.bias
解冻层: mdd.denoiser.down.1.attn.0.attention_2.q_proj.weight
解冻层: mdd.denoiser.down.1.attn.0.attention_2.k_proj.weight
解冻层: mdd.denoiser.down.1.attn.0.attention_2.v_proj.weight
解冻层: mdd.denoiser.down.1.attn.0.attention_2.out_proj.weight
解冻层: mdd.denoiser.down.1.attn.0.attention_2.out_proj.bias
解冻层: mdd.denoiser.down.1.attn.0.layernorm_3.weight
解冻层: mdd.denoiser.down.1.attn.0.layernorm_3.bias
解冻层: mdd.denoiser.down.1.attn.0.linear_geglu_1.weight
解冻层: mdd.denoiser.down.1.attn.0.linear_geglu_1.bias
解冻层: mdd.denoiser.down.1.attn.0.linear_geglu_2.weight
解冻层: mdd.denoiser.down.1.attn.0.linear_geglu_2.bias
解冻层: mdd.denoiser.down.1.attn.0.conv_output.weight
解冻层: mdd.denoiser.down.1.attn.0.conv_output.bias
解冻层: mdd.denoiser.down.1.attn.1.groupnorm.weight
解冻层: mdd.denoiser.down.1.attn.1.groupnorm.bias
解冻层: mdd.denoiser.down.1.attn.1.conv_input.weight
解冻层: mdd.denoiser.down.1.attn.1.conv_input.bias
解冻层: mdd.denoiser.down.1.attn.1.layernorm_1.weight
解冻层: mdd.denoiser.down.1.attn.1.layernorm_1.bias
解冻层: mdd.denoiser.down.1.attn.1.attention_1.in_proj.weight
解冻层: mdd.denoiser.down.1.attn.1.attention_1.out_proj.weight
解冻层: mdd.denoiser.down.1.attn.1.attention_1.out_proj.bias
解冻层: mdd.denoiser.down.1.attn.1.layernorm_2.weight
解冻层: mdd.denoiser.down.1.attn.1.layernorm_2.bias
解冻层: mdd.denoiser.down.1.attn.1.attention_2.q_proj.weight
解冻层: mdd.denoiser.down.1.attn.1.attention_2.k_proj.weight
解冻层: mdd.denoiser.down.1.attn.1.attention_2.v_proj.weight
解冻层: mdd.denoiser.down.1.attn.1.attention_2.out_proj.weight
解冻层: mdd.denoiser.down.1.attn.1.attention_2.out_proj.bias
解冻层: mdd.denoiser.down.1.attn.1.layernorm_3.weight
解冻层: mdd.denoiser.down.1.attn.1.layernorm_3.bias
解冻层: mdd.denoiser.down.1.attn.1.linear_geglu_1.weight
解冻层: mdd.denoiser.down.1.attn.1.linear_geglu_1.bias
解冻层: mdd.denoiser.down.1.attn.1.linear_geglu_2.weight
解冻层: mdd.denoiser.down.1.attn.1.linear_geglu_2.bias
解冻层: mdd.denoiser.down.1.attn.1.conv_output.weight
解冻层: mdd.denoiser.down.1.attn.1.conv_output.bias
解冻层: mdd.denoiser.mid.block_1.norm1.weight
解冻层: mdd.denoiser.mid.block_1.norm1.bias
解冻层: mdd.denoiser.mid.block_1.conv1.weight
解冻层: mdd.denoiser.mid.block_1.conv1.bias
解冻层: mdd.denoiser.mid.block_1.temb_proj.weight
解冻层: mdd.denoiser.mid.block_1.temb_proj.bias
解冻层: mdd.denoiser.mid.block_1.norm2.weight
解冻层: mdd.denoiser.mid.block_1.norm2.bias
解冻层: mdd.denoiser.mid.block_1.conv2.weight
解冻层: mdd.denoiser.mid.block_1.conv2.bias
解冻层: mdd.denoiser.mid.att.groupnorm.weight
解冻层: mdd.denoiser.mid.att.groupnorm.bias
解冻层: mdd.denoiser.mid.att.conv_input.weight
解冻层: mdd.denoiser.mid.att.conv_input.bias
解冻层: mdd.denoiser.mid.att.layernorm_1.weight
解冻层: mdd.denoiser.mid.att.layernorm_1.bias
解冻层: mdd.denoiser.mid.att.attention_1.in_proj.weight
解冻层: mdd.denoiser.mid.att.attention_1.out_proj.weight
解冻层: mdd.denoiser.mid.att.attention_1.out_proj.bias
解冻层: mdd.denoiser.mid.att.layernorm_2.weight
解冻层: mdd.denoiser.mid.att.layernorm_2.bias
解冻层: mdd.denoiser.mid.att.attention_2.q_proj.weight
解冻层: mdd.denoiser.mid.att.attention_2.k_proj.weight
解冻层: mdd.denoiser.mid.att.attention_2.v_proj.weight
解冻层: mdd.denoiser.mid.att.attention_2.out_proj.weight
解冻层: mdd.denoiser.mid.att.attention_2.out_proj.bias
解冻层: mdd.denoiser.mid.att.layernorm_3.weight
解冻层: mdd.denoiser.mid.att.layernorm_3.bias
解冻层: mdd.denoiser.mid.att.linear_geglu_1.weight
解冻层: mdd.denoiser.mid.att.linear_geglu_1.bias
解冻层: mdd.denoiser.mid.att.linear_geglu_2.weight
解冻层: mdd.denoiser.mid.att.linear_geglu_2.bias
解冻层: mdd.denoiser.mid.att.conv_output.weight
解冻层: mdd.denoiser.mid.att.conv_output.bias
解冻层: mdd.denoiser.mid.block_2.norm1.weight
解冻层: mdd.denoiser.mid.block_2.norm1.bias
解冻层: mdd.denoiser.mid.block_2.conv1.weight
解冻层: mdd.denoiser.mid.block_2.conv1.bias
解冻层: mdd.denoiser.mid.block_2.temb_proj.weight
解冻层: mdd.denoiser.mid.block_2.temb_proj.bias
解冻层: mdd.denoiser.mid.block_2.norm2.weight
解冻层: mdd.denoiser.mid.block_2.norm2.bias
解冻层: mdd.denoiser.mid.block_2.conv2.weight
解冻层: mdd.denoiser.mid.block_2.conv2.bias
解冻层: mdd.denoiser.up.0.block.0.norm1.weight
解冻层: mdd.denoiser.up.0.block.0.norm1.bias
解冻层: mdd.denoiser.up.0.block.0.conv1.weight
解冻层: mdd.denoiser.up.0.block.0.conv1.bias
解冻层: mdd.denoiser.up.0.block.0.temb_proj.weight
解冻层: mdd.denoiser.up.0.block.0.temb_proj.bias
解冻层: mdd.denoiser.up.0.block.0.norm2.weight
解冻层: mdd.denoiser.up.0.block.0.norm2.bias
解冻层: mdd.denoiser.up.0.block.0.conv2.weight
解冻层: mdd.denoiser.up.0.block.0.conv2.bias
解冻层: mdd.denoiser.up.0.block.0.nin_shortcut.weight
解冻层: mdd.denoiser.up.0.block.0.nin_shortcut.bias
解冻层: mdd.denoiser.up.0.block.1.norm1.weight
解冻层: mdd.denoiser.up.0.block.1.norm1.bias
解冻层: mdd.denoiser.up.0.block.1.conv1.weight
解冻层: mdd.denoiser.up.0.block.1.conv1.bias
解冻层: mdd.denoiser.up.0.block.1.temb_proj.weight
解冻层: mdd.denoiser.up.0.block.1.temb_proj.bias
解冻层: mdd.denoiser.up.0.block.1.norm2.weight
解冻层: mdd.denoiser.up.0.block.1.norm2.bias
解冻层: mdd.denoiser.up.0.block.1.conv2.weight
解冻层: mdd.denoiser.up.0.block.1.conv2.bias
解冻层: mdd.denoiser.up.0.block.1.nin_shortcut.weight
解冻层: mdd.denoiser.up.0.block.1.nin_shortcut.bias
解冻层: mdd.denoiser.up.0.block.2.norm1.weight
解冻层: mdd.denoiser.up.0.block.2.norm1.bias
解冻层: mdd.denoiser.up.0.block.2.conv1.weight
解冻层: mdd.denoiser.up.0.block.2.conv1.bias
解冻层: mdd.denoiser.up.0.block.2.temb_proj.weight
解冻层: mdd.denoiser.up.0.block.2.temb_proj.bias
解冻层: mdd.denoiser.up.0.block.2.norm2.weight
解冻层: mdd.denoiser.up.0.block.2.norm2.bias
解冻层: mdd.denoiser.up.0.block.2.conv2.weight
解冻层: mdd.denoiser.up.0.block.2.conv2.bias
解冻层: mdd.denoiser.up.0.block.2.nin_shortcut.weight
解冻层: mdd.denoiser.up.0.block.2.nin_shortcut.bias
解冻层: mdd.denoiser.up.0.attn.0.groupnorm.weight
解冻层: mdd.denoiser.up.0.attn.0.groupnorm.bias
解冻层: mdd.denoiser.up.0.attn.0.conv_input.weight
解冻层: mdd.denoiser.up.0.attn.0.conv_input.bias
解冻层: mdd.denoiser.up.0.attn.0.layernorm_1.weight
解冻层: mdd.denoiser.up.0.attn.0.layernorm_1.bias
解冻层: mdd.denoiser.up.0.attn.0.attention_1.in_proj.weight
解冻层: mdd.denoiser.up.0.attn.0.attention_1.out_proj.weight
解冻层: mdd.denoiser.up.0.attn.0.attention_1.out_proj.bias
解冻层: mdd.denoiser.up.0.attn.0.layernorm_2.weight
解冻层: mdd.denoiser.up.0.attn.0.layernorm_2.bias
解冻层: mdd.denoiser.up.0.attn.0.attention_2.q_proj.weight
解冻层: mdd.denoiser.up.0.attn.0.attention_2.k_proj.weight
解冻层: mdd.denoiser.up.0.attn.0.attention_2.v_proj.weight
解冻层: mdd.denoiser.up.0.attn.0.attention_2.out_proj.weight
解冻层: mdd.denoiser.up.0.attn.0.attention_2.out_proj.bias
解冻层: mdd.denoiser.up.0.attn.0.layernorm_3.weight
解冻层: mdd.denoiser.up.0.attn.0.layernorm_3.bias
解冻层: mdd.denoiser.up.0.attn.0.linear_geglu_1.weight
解冻层: mdd.denoiser.up.0.attn.0.linear_geglu_1.bias
解冻层: mdd.denoiser.up.0.attn.0.linear_geglu_2.weight
解冻层: mdd.denoiser.up.0.attn.0.linear_geglu_2.bias
解冻层: mdd.denoiser.up.0.attn.0.conv_output.weight
解冻层: mdd.denoiser.up.0.attn.0.conv_output.bias
解冻层: mdd.denoiser.up.0.attn.1.groupnorm.weight
解冻层: mdd.denoiser.up.0.attn.1.groupnorm.bias
解冻层: mdd.denoiser.up.0.attn.1.conv_input.weight
解冻层: mdd.denoiser.up.0.attn.1.conv_input.bias
解冻层: mdd.denoiser.up.0.attn.1.layernorm_1.weight
解冻层: mdd.denoiser.up.0.attn.1.layernorm_1.bias
解冻层: mdd.denoiser.up.0.attn.1.attention_1.in_proj.weight
解冻层: mdd.denoiser.up.0.attn.1.attention_1.out_proj.weight
解冻层: mdd.denoiser.up.0.attn.1.attention_1.out_proj.bias
解冻层: mdd.denoiser.up.0.attn.1.layernorm_2.weight
解冻层: mdd.denoiser.up.0.attn.1.layernorm_2.bias
解冻层: mdd.denoiser.up.0.attn.1.attention_2.q_proj.weight
解冻层: mdd.denoiser.up.0.attn.1.attention_2.k_proj.weight
解冻层: mdd.denoiser.up.0.attn.1.attention_2.v_proj.weight
解冻层: mdd.denoiser.up.0.attn.1.attention_2.out_proj.weight
解冻层: mdd.denoiser.up.0.attn.1.attention_2.out_proj.bias
解冻层: mdd.denoiser.up.0.attn.1.layernorm_3.weight
解冻层: mdd.denoiser.up.0.attn.1.layernorm_3.bias
解冻层: mdd.denoiser.up.0.attn.1.linear_geglu_1.weight
解冻层: mdd.denoiser.up.0.attn.1.linear_geglu_1.bias
解冻层: mdd.denoiser.up.0.attn.1.linear_geglu_2.weight
解冻层: mdd.denoiser.up.0.attn.1.linear_geglu_2.bias
解冻层: mdd.denoiser.up.0.attn.1.conv_output.weight
解冻层: mdd.denoiser.up.0.attn.1.conv_output.bias
解冻层: mdd.denoiser.up.0.attn.2.groupnorm.weight
解冻层: mdd.denoiser.up.0.attn.2.groupnorm.bias
解冻层: mdd.denoiser.up.0.attn.2.conv_input.weight
解冻层: mdd.denoiser.up.0.attn.2.conv_input.bias
解冻层: mdd.denoiser.up.0.attn.2.layernorm_1.weight
解冻层: mdd.denoiser.up.0.attn.2.layernorm_1.bias
解冻层: mdd.denoiser.up.0.attn.2.attention_1.in_proj.weight
解冻层: mdd.denoiser.up.0.attn.2.attention_1.out_proj.weight
解冻层: mdd.denoiser.up.0.attn.2.attention_1.out_proj.bias
解冻层: mdd.denoiser.up.0.attn.2.layernorm_2.weight
解冻层: mdd.denoiser.up.0.attn.2.layernorm_2.bias
解冻层: mdd.denoiser.up.0.attn.2.attention_2.q_proj.weight
解冻层: mdd.denoiser.up.0.attn.2.attention_2.k_proj.weight
解冻层: mdd.denoiser.up.0.attn.2.attention_2.v_proj.weight
解冻层: mdd.denoiser.up.0.attn.2.attention_2.out_proj.weight
解冻层: mdd.denoiser.up.0.attn.2.attention_2.out_proj.bias
解冻层: mdd.denoiser.up.0.attn.2.layernorm_3.weight
解冻层: mdd.denoiser.up.0.attn.2.layernorm_3.bias
解冻层: mdd.denoiser.up.0.attn.2.linear_geglu_1.weight
解冻层: mdd.denoiser.up.0.attn.2.linear_geglu_1.bias
解冻层: mdd.denoiser.up.0.attn.2.linear_geglu_2.weight
解冻层: mdd.denoiser.up.0.attn.2.linear_geglu_2.bias
解冻层: mdd.denoiser.up.0.attn.2.conv_output.weight
解冻层: mdd.denoiser.up.0.attn.2.conv_output.bias
解冻层: mdd.denoiser.up.1.block.0.norm1.weight
解冻层: mdd.denoiser.up.1.block.0.norm1.bias
解冻层: mdd.denoiser.up.1.block.0.conv1.weight
解冻层: mdd.denoiser.up.1.block.0.conv1.bias
解冻层: mdd.denoiser.up.1.block.0.temb_proj.weight
解冻层: mdd.denoiser.up.1.block.0.temb_proj.bias
解冻层: mdd.denoiser.up.1.block.0.norm2.weight
解冻层: mdd.denoiser.up.1.block.0.norm2.bias
解冻层: mdd.denoiser.up.1.block.0.conv2.weight
解冻层: mdd.denoiser.up.1.block.0.conv2.bias
解冻层: mdd.denoiser.up.1.block.0.nin_shortcut.weight
解冻层: mdd.denoiser.up.1.block.0.nin_shortcut.bias
解冻层: mdd.denoiser.up.1.block.1.norm1.weight
解冻层: mdd.denoiser.up.1.block.1.norm1.bias
解冻层: mdd.denoiser.up.1.block.1.conv1.weight
解冻层: mdd.denoiser.up.1.block.1.conv1.bias
解冻层: mdd.denoiser.up.1.block.1.temb_proj.weight
解冻层: mdd.denoiser.up.1.block.1.temb_proj.bias
解冻层: mdd.denoiser.up.1.block.1.norm2.weight
解冻层: mdd.denoiser.up.1.block.1.norm2.bias
解冻层: mdd.denoiser.up.1.block.1.conv2.weight
解冻层: mdd.denoiser.up.1.block.1.conv2.bias
解冻层: mdd.denoiser.up.1.block.1.nin_shortcut.weight
解冻层: mdd.denoiser.up.1.block.1.nin_shortcut.bias
解冻层: mdd.denoiser.up.1.block.2.norm1.weight
解冻层: mdd.denoiser.up.1.block.2.norm1.bias
解冻层: mdd.denoiser.up.1.block.2.conv1.weight
解冻层: mdd.denoiser.up.1.block.2.conv1.bias
解冻层: mdd.denoiser.up.1.block.2.temb_proj.weight
解冻层: mdd.denoiser.up.1.block.2.temb_proj.bias
解冻层: mdd.denoiser.up.1.block.2.norm2.weight
解冻层: mdd.denoiser.up.1.block.2.norm2.bias
解冻层: mdd.denoiser.up.1.block.2.conv2.weight
解冻层: mdd.denoiser.up.1.block.2.conv2.bias
解冻层: mdd.denoiser.up.1.block.2.nin_shortcut.weight
解冻层: mdd.denoiser.up.1.block.2.nin_shortcut.bias
解冻层: mdd.denoiser.up.1.attn.0.groupnorm.weight
解冻层: mdd.denoiser.up.1.attn.0.groupnorm.bias
解冻层: mdd.denoiser.up.1.attn.0.conv_input.weight
解冻层: mdd.denoiser.up.1.attn.0.conv_input.bias
解冻层: mdd.denoiser.up.1.attn.0.layernorm_1.weight
解冻层: mdd.denoiser.up.1.attn.0.layernorm_1.bias
解冻层: mdd.denoiser.up.1.attn.0.attention_1.in_proj.weight
解冻层: mdd.denoiser.up.1.attn.0.attention_1.out_proj.weight
解冻层: mdd.denoiser.up.1.attn.0.attention_1.out_proj.bias
解冻层: mdd.denoiser.up.1.attn.0.layernorm_2.weight
解冻层: mdd.denoiser.up.1.attn.0.layernorm_2.bias
解冻层: mdd.denoiser.up.1.attn.0.attention_2.q_proj.weight
解冻层: mdd.denoiser.up.1.attn.0.attention_2.k_proj.weight
解冻层: mdd.denoiser.up.1.attn.0.attention_2.v_proj.weight
解冻层: mdd.denoiser.up.1.attn.0.attention_2.out_proj.weight
解冻层: mdd.denoiser.up.1.attn.0.attention_2.out_proj.bias
解冻层: mdd.denoiser.up.1.attn.0.layernorm_3.weight
解冻层: mdd.denoiser.up.1.attn.0.layernorm_3.bias
解冻层: mdd.denoiser.up.1.attn.0.linear_geglu_1.weight
解冻层: mdd.denoiser.up.1.attn.0.linear_geglu_1.bias
解冻层: mdd.denoiser.up.1.attn.0.linear_geglu_2.weight
解冻层: mdd.denoiser.up.1.attn.0.linear_geglu_2.bias
解冻层: mdd.denoiser.up.1.attn.0.conv_output.weight
解冻层: mdd.denoiser.up.1.attn.0.conv_output.bias
解冻层: mdd.denoiser.up.1.attn.1.groupnorm.weight
解冻层: mdd.denoiser.up.1.attn.1.groupnorm.bias
解冻层: mdd.denoiser.up.1.attn.1.conv_input.weight
解冻层: mdd.denoiser.up.1.attn.1.conv_input.bias
解冻层: mdd.denoiser.up.1.attn.1.layernorm_1.weight
解冻层: mdd.denoiser.up.1.attn.1.layernorm_1.bias
解冻层: mdd.denoiser.up.1.attn.1.attention_1.in_proj.weight
解冻层: mdd.denoiser.up.1.attn.1.attention_1.out_proj.weight
解冻层: mdd.denoiser.up.1.attn.1.attention_1.out_proj.bias
解冻层: mdd.denoiser.up.1.attn.1.layernorm_2.weight
解冻层: mdd.denoiser.up.1.attn.1.layernorm_2.bias
解冻层: mdd.denoiser.up.1.attn.1.attention_2.q_proj.weight
解冻层: mdd.denoiser.up.1.attn.1.attention_2.k_proj.weight
解冻层: mdd.denoiser.up.1.attn.1.attention_2.v_proj.weight
解冻层: mdd.denoiser.up.1.attn.1.attention_2.out_proj.weight
解冻层: mdd.denoiser.up.1.attn.1.attention_2.out_proj.bias
解冻层: mdd.denoiser.up.1.attn.1.layernorm_3.weight
解冻层: mdd.denoiser.up.1.attn.1.layernorm_3.bias
解冻层: mdd.denoiser.up.1.attn.1.linear_geglu_1.weight
解冻层: mdd.denoiser.up.1.attn.1.linear_geglu_1.bias
解冻层: mdd.denoiser.up.1.attn.1.linear_geglu_2.weight
解冻层: mdd.denoiser.up.1.attn.1.linear_geglu_2.bias
解冻层: mdd.denoiser.up.1.attn.1.conv_output.weight
解冻层: mdd.denoiser.up.1.attn.1.conv_output.bias
解冻层: mdd.denoiser.up.1.attn.2.groupnorm.weight
解冻层: mdd.denoiser.up.1.attn.2.groupnorm.bias
解冻层: mdd.denoiser.up.1.attn.2.conv_input.weight
解冻层: mdd.denoiser.up.1.attn.2.conv_input.bias
解冻层: mdd.denoiser.up.1.attn.2.layernorm_1.weight
解冻层: mdd.denoiser.up.1.attn.2.layernorm_1.bias
解冻层: mdd.denoiser.up.1.attn.2.attention_1.in_proj.weight
解冻层: mdd.denoiser.up.1.attn.2.attention_1.out_proj.weight
解冻层: mdd.denoiser.up.1.attn.2.attention_1.out_proj.bias
解冻层: mdd.denoiser.up.1.attn.2.layernorm_2.weight
解冻层: mdd.denoiser.up.1.attn.2.layernorm_2.bias
解冻层: mdd.denoiser.up.1.attn.2.attention_2.q_proj.weight
解冻层: mdd.denoiser.up.1.attn.2.attention_2.k_proj.weight
解冻层: mdd.denoiser.up.1.attn.2.attention_2.v_proj.weight
解冻层: mdd.denoiser.up.1.attn.2.attention_2.out_proj.weight
解冻层: mdd.denoiser.up.1.attn.2.attention_2.out_proj.bias
解冻层: mdd.denoiser.up.1.attn.2.layernorm_3.weight
解冻层: mdd.denoiser.up.1.attn.2.layernorm_3.bias
解冻层: mdd.denoiser.up.1.attn.2.linear_geglu_1.weight
解冻层: mdd.denoiser.up.1.attn.2.linear_geglu_1.bias
解冻层: mdd.denoiser.up.1.attn.2.linear_geglu_2.weight
解冻层: mdd.denoiser.up.1.attn.2.linear_geglu_2.bias
解冻层: mdd.denoiser.up.1.attn.2.conv_output.weight
解冻层: mdd.denoiser.up.1.attn.2.conv_output.bias
解冻层: mdd.denoiser.up.1.upsample.conv.weight
解冻层: mdd.denoiser.up.1.upsample.conv.bias
解冻层: mdd.denoiser.norm_out.weight
解冻层: mdd.denoiser.norm_out.bias
解冻层: mdd.denoiser.conv_out.weight
解冻层: mdd.denoiser.conv_out.bias
解冻层: roi_head.factor_encoder.0.0.weight
解冻层: roi_head.factor_encoder.0.3.weight
解冻层: roi_head.factor_encoder.0.6.weight
解冻层: roi_head.factor_encoder.0.6.bias
解冻层: roi_head.factor_encoder.1.0.weight
解冻层: roi_head.factor_encoder.1.3.weight
解冻层: roi_head.factor_encoder.1.6.weight
解冻层: roi_head.factor_encoder.1.6.bias
解冻层: roi_head.factor_encoder.2.0.weight
解冻层: roi_head.factor_encoder.2.3.weight
解冻层: roi_head.factor_encoder.2.6.weight
解冻层: roi_head.factor_encoder.2.6.bias
解冻层: roi_head.factor_encoder.3.0.weight
解冻层: roi_head.factor_encoder.3.3.weight
解冻层: roi_head.factor_encoder.3.6.weight
解冻层: roi_head.factor_encoder.3.6.bias
解冻层: roi_head.factor_encoder.4.0.weight
解冻层: roi_head.factor_encoder.4.3.weight
解冻层: roi_head.factor_encoder.4.6.weight
解冻层: roi_head.factor_encoder.4.6.bias
解冻层: roi_head.factor_encoder.5.0.weight
解冻层: roi_head.factor_encoder.5.3.weight
解冻层: roi_head.factor_encoder.5.6.weight
解冻层: roi_head.factor_encoder.5.6.bias
解冻层: roi_head.factor_encoder.6.0.weight
解冻层: roi_head.factor_encoder.6.3.weight
解冻层: roi_head.factor_encoder.6.6.weight
解冻层: roi_head.factor_encoder.6.6.bias
解冻层: roi_head.factor_encoder.7.0.weight
解冻层: roi_head.factor_encoder.7.3.weight
解冻层: roi_head.factor_encoder.7.6.weight
解冻层: roi_head.factor_encoder.7.6.bias
总共解冻 442 个参数组
从第 78 个epoch恢复训练
Training start
learning rate 0.000020
此bxo中没有点云！！
Traceback (most recent call last):
  File "/data/gkx/Code/opencood/tools/train.py", line 430, in <module>
    main()
  File "/data/gkx/Code/opencood/tools/train.py", line 203, in main
    ouput_dict = model(batch_data['ego'])
  File "/home/ubuntu/anaconda3/envs/ldm/lib/python3.10/site-packages/torch/nn/modules/module.py", line 1518, in _wrapped_call_impl
    return self._call_impl(*args, **kwargs)
  File "/home/ubuntu/anaconda3/envs/ldm/lib/python3.10/site-packages/torch/nn/modules/module.py", line 1527, in _call_impl
    return forward_call(*args, **kwargs)
  File "/data/gkx/Code/opencood/models/point_pillar_diffusion_dec.py", line 354, in forward
    batch_dict = self.mdd(batch_dict)
  File "/home/ubuntu/anaconda3/envs/ldm/lib/python3.10/site-packages/torch/nn/modules/module.py", line 1518, in _wrapped_call_impl
    return self._call_impl(*args, **kwargs)
  File "/home/ubuntu/anaconda3/envs/ldm/lib/python3.10/site-packages/torch/nn/modules/module.py", line 1527, in _call_impl
    return forward_call(*args, **kwargs)
  File "/data/gkx/Code/opencood/models/mdd_modules/radar_cond_diff_denoise.py", line 386, in forward
    x_noisy = self.p_sample(x_noisy, gt_cond, _t, upsam=False)
  File "/data/gkx/Code/opencood/models/mdd_modules/radar_cond_diff_denoise.py", line 306, in p_sample
    model_mean, _, model_log_variance, model_out = self.p_mean_variance(x_noisy, cond, upsam, t=t, clip_denoised=clip_denoised)
  File "/data/gkx/Code/opencood/models/mdd_modules/radar_cond_diff_denoise.py", line 285, in p_mean_variance
    model_out = self.gen_pred( x_noisy, cond, upsam, t)
  File "/data/gkx/Code/opencood/models/mdd_modules/radar_cond_diff_denoise.py", line 321, in gen_pred
    model_out = self.denoiser(x_noisy, t.float(), cond)
  File "/home/ubuntu/anaconda3/envs/ldm/lib/python3.10/site-packages/torch/nn/modules/module.py", line 1518, in _wrapped_call_impl
    return self._call_impl(*args, **kwargs)
  File "/home/ubuntu/anaconda3/envs/ldm/lib/python3.10/site-packages/torch/nn/modules/module.py", line 1527, in _call_impl
    return forward_call(*args, **kwargs)
  File "/data/gkx/Code/opencood/models/mdd_modules/unet.py", line 394, in forward
    h = self.up[i_level].attn[i_block](h, cond)
  File "/home/ubuntu/anaconda3/envs/ldm/lib/python3.10/site-packages/torch/nn/modules/module.py", line 1518, in _wrapped_call_impl
    return self._call_impl(*args, **kwargs)
  File "/home/ubuntu/anaconda3/envs/ldm/lib/python3.10/site-packages/torch/nn/modules/module.py", line 1527, in _call_impl
    return forward_call(*args, **kwargs)
  File "/data/gkx/Code/opencood/models/mdd_modules/unet.py", line 236, in forward
    x = self.layernorm_1(x)
  File "/home/ubuntu/anaconda3/envs/ldm/lib/python3.10/site-packages/torch/nn/modules/module.py", line 1518, in _wrapped_call_impl
    return self._call_impl(*args, **kwargs)
  File "/home/ubuntu/anaconda3/envs/ldm/lib/python3.10/site-packages/torch/nn/modules/module.py", line 1527, in _call_impl
    return forward_call(*args, **kwargs)
  File "/home/ubuntu/anaconda3/envs/ldm/lib/python3.10/site-packages/torch/nn/modules/normalization.py", line 196, in forward
    return F.layer_norm(
  File "/home/ubuntu/anaconda3/envs/ldm/lib/python3.10/site-packages/torch/nn/functional.py", line 2543, in layer_norm
    return torch.layer_norm(input, normalized_shape, weight, bias, eps, torch.backends.cudnn.enabled)
KeyboardInterrupt
Dataset Building
Dataset dir: /datasets/OPV2V/train
too many cavs reinitialize
Dataset dir: /datasets/OPV2V/validate
too many cavs reinitialize
too many cavs reinitialize
Creating Model
is_resnet
Postprocessor Stage2 ReDetect:  False

==== Parameters in Model but not in Checkpoint ====

Number of parameters successfully loaded: 819/819
model data =  tensor(14395023.)
解冻层: mdd.denoiser.temb.dense.0.weight
解冻层: mdd.denoiser.temb.dense.0.bias
解冻层: mdd.denoiser.temb.dense.1.weight
解冻层: mdd.denoiser.temb.dense.1.bias
解冻层: mdd.denoiser.conv_in.weight
解冻层: mdd.denoiser.conv_in.bias
解冻层: mdd.denoiser.down.0.block.0.norm1.weight
解冻层: mdd.denoiser.down.0.block.0.norm1.bias
解冻层: mdd.denoiser.down.0.block.0.conv1.weight
解冻层: mdd.denoiser.down.0.block.0.conv1.bias
解冻层: mdd.denoiser.down.0.block.0.temb_proj.weight
解冻层: mdd.denoiser.down.0.block.0.temb_proj.bias
解冻层: mdd.denoiser.down.0.block.0.norm2.weight
解冻层: mdd.denoiser.down.0.block.0.norm2.bias
解冻层: mdd.denoiser.down.0.block.0.conv2.weight
解冻层: mdd.denoiser.down.0.block.0.conv2.bias
解冻层: mdd.denoiser.down.0.block.1.norm1.weight
解冻层: mdd.denoiser.down.0.block.1.norm1.bias
解冻层: mdd.denoiser.down.0.block.1.conv1.weight
解冻层: mdd.denoiser.down.0.block.1.conv1.bias
解冻层: mdd.denoiser.down.0.block.1.temb_proj.weight
解冻层: mdd.denoiser.down.0.block.1.temb_proj.bias
解冻层: mdd.denoiser.down.0.block.1.norm2.weight
解冻层: mdd.denoiser.down.0.block.1.norm2.bias
解冻层: mdd.denoiser.down.0.block.1.conv2.weight
解冻层: mdd.denoiser.down.0.block.1.conv2.bias
解冻层: mdd.denoiser.down.0.attn.0.groupnorm.weight
解冻层: mdd.denoiser.down.0.attn.0.groupnorm.bias
解冻层: mdd.denoiser.down.0.attn.0.conv_input.weight
解冻层: mdd.denoiser.down.0.attn.0.conv_input.bias
解冻层: mdd.denoiser.down.0.attn.0.layernorm_1.weight
解冻层: mdd.denoiser.down.0.attn.0.layernorm_1.bias
解冻层: mdd.denoiser.down.0.attn.0.attention_1.in_proj.weight
解冻层: mdd.denoiser.down.0.attn.0.attention_1.out_proj.weight
解冻层: mdd.denoiser.down.0.attn.0.attention_1.out_proj.bias
解冻层: mdd.denoiser.down.0.attn.0.layernorm_2.weight
解冻层: mdd.denoiser.down.0.attn.0.layernorm_2.bias
解冻层: mdd.denoiser.down.0.attn.0.attention_2.q_proj.weight
解冻层: mdd.denoiser.down.0.attn.0.attention_2.k_proj.weight
解冻层: mdd.denoiser.down.0.attn.0.attention_2.v_proj.weight
解冻层: mdd.denoiser.down.0.attn.0.attention_2.out_proj.weight
解冻层: mdd.denoiser.down.0.attn.0.attention_2.out_proj.bias
解冻层: mdd.denoiser.down.0.attn.0.layernorm_3.weight
解冻层: mdd.denoiser.down.0.attn.0.layernorm_3.bias
解冻层: mdd.denoiser.down.0.attn.0.linear_geglu_1.weight
解冻层: mdd.denoiser.down.0.attn.0.linear_geglu_1.bias
解冻层: mdd.denoiser.down.0.attn.0.linear_geglu_2.weight
解冻层: mdd.denoiser.down.0.attn.0.linear_geglu_2.bias
解冻层: mdd.denoiser.down.0.attn.0.conv_output.weight
解冻层: mdd.denoiser.down.0.attn.0.conv_output.bias
解冻层: mdd.denoiser.down.0.attn.1.groupnorm.weight
解冻层: mdd.denoiser.down.0.attn.1.groupnorm.bias
解冻层: mdd.denoiser.down.0.attn.1.conv_input.weight
解冻层: mdd.denoiser.down.0.attn.1.conv_input.bias
解冻层: mdd.denoiser.down.0.attn.1.layernorm_1.weight
解冻层: mdd.denoiser.down.0.attn.1.layernorm_1.bias
解冻层: mdd.denoiser.down.0.attn.1.attention_1.in_proj.weight
解冻层: mdd.denoiser.down.0.attn.1.attention_1.out_proj.weight
解冻层: mdd.denoiser.down.0.attn.1.attention_1.out_proj.bias
解冻层: mdd.denoiser.down.0.attn.1.layernorm_2.weight
解冻层: mdd.denoiser.down.0.attn.1.layernorm_2.bias
解冻层: mdd.denoiser.down.0.attn.1.attention_2.q_proj.weight
解冻层: mdd.denoiser.down.0.attn.1.attention_2.k_proj.weight
解冻层: mdd.denoiser.down.0.attn.1.attention_2.v_proj.weight
解冻层: mdd.denoiser.down.0.attn.1.attention_2.out_proj.weight
解冻层: mdd.denoiser.down.0.attn.1.attention_2.out_proj.bias
解冻层: mdd.denoiser.down.0.attn.1.layernorm_3.weight
解冻层: mdd.denoiser.down.0.attn.1.layernorm_3.bias
解冻层: mdd.denoiser.down.0.attn.1.linear_geglu_1.weight
解冻层: mdd.denoiser.down.0.attn.1.linear_geglu_1.bias
解冻层: mdd.denoiser.down.0.attn.1.linear_geglu_2.weight
解冻层: mdd.denoiser.down.0.attn.1.linear_geglu_2.bias
解冻层: mdd.denoiser.down.0.attn.1.conv_output.weight
解冻层: mdd.denoiser.down.0.attn.1.conv_output.bias
解冻层: mdd.denoiser.down.0.downsample.conv.weight
解冻层: mdd.denoiser.down.0.downsample.conv.bias
解冻层: mdd.denoiser.down.1.block.0.norm1.weight
解冻层: mdd.denoiser.down.1.block.0.norm1.bias
解冻层: mdd.denoiser.down.1.block.0.conv1.weight
解冻层: mdd.denoiser.down.1.block.0.conv1.bias
解冻层: mdd.denoiser.down.1.block.0.temb_proj.weight
解冻层: mdd.denoiser.down.1.block.0.temb_proj.bias
解冻层: mdd.denoiser.down.1.block.0.norm2.weight
解冻层: mdd.denoiser.down.1.block.0.norm2.bias
解冻层: mdd.denoiser.down.1.block.0.conv2.weight
解冻层: mdd.denoiser.down.1.block.0.conv2.bias
解冻层: mdd.denoiser.down.1.block.1.norm1.weight
解冻层: mdd.denoiser.down.1.block.1.norm1.bias
解冻层: mdd.denoiser.down.1.block.1.conv1.weight
解冻层: mdd.denoiser.down.1.block.1.conv1.bias
解冻层: mdd.denoiser.down.1.block.1.temb_proj.weight
解冻层: mdd.denoiser.down.1.block.1.temb_proj.bias
解冻层: mdd.denoiser.down.1.block.1.norm2.weight
解冻层: mdd.denoiser.down.1.block.1.norm2.bias
解冻层: mdd.denoiser.down.1.block.1.conv2.weight
解冻层: mdd.denoiser.down.1.block.1.conv2.bias
解冻层: mdd.denoiser.down.1.attn.0.groupnorm.weight
解冻层: mdd.denoiser.down.1.attn.0.groupnorm.bias
解冻层: mdd.denoiser.down.1.attn.0.conv_input.weight
解冻层: mdd.denoiser.down.1.attn.0.conv_input.bias
解冻层: mdd.denoiser.down.1.attn.0.layernorm_1.weight
解冻层: mdd.denoiser.down.1.attn.0.layernorm_1.bias
解冻层: mdd.denoiser.down.1.attn.0.attention_1.in_proj.weight
解冻层: mdd.denoiser.down.1.attn.0.attention_1.out_proj.weight
解冻层: mdd.denoiser.down.1.attn.0.attention_1.out_proj.bias
解冻层: mdd.denoiser.down.1.attn.0.layernorm_2.weight
解冻层: mdd.denoiser.down.1.attn.0.layernorm_2.bias
解冻层: mdd.denoiser.down.1.attn.0.attention_2.q_proj.weight
解冻层: mdd.denoiser.down.1.attn.0.attention_2.k_proj.weight
解冻层: mdd.denoiser.down.1.attn.0.attention_2.v_proj.weight
解冻层: mdd.denoiser.down.1.attn.0.attention_2.out_proj.weight
解冻层: mdd.denoiser.down.1.attn.0.attention_2.out_proj.bias
解冻层: mdd.denoiser.down.1.attn.0.layernorm_3.weight
解冻层: mdd.denoiser.down.1.attn.0.layernorm_3.bias
解冻层: mdd.denoiser.down.1.attn.0.linear_geglu_1.weight
解冻层: mdd.denoiser.down.1.attn.0.linear_geglu_1.bias
解冻层: mdd.denoiser.down.1.attn.0.linear_geglu_2.weight
解冻层: mdd.denoiser.down.1.attn.0.linear_geglu_2.bias
解冻层: mdd.denoiser.down.1.attn.0.conv_output.weight
解冻层: mdd.denoiser.down.1.attn.0.conv_output.bias
解冻层: mdd.denoiser.down.1.attn.1.groupnorm.weight
解冻层: mdd.denoiser.down.1.attn.1.groupnorm.bias
解冻层: mdd.denoiser.down.1.attn.1.conv_input.weight
解冻层: mdd.denoiser.down.1.attn.1.conv_input.bias
解冻层: mdd.denoiser.down.1.attn.1.layernorm_1.weight
解冻层: mdd.denoiser.down.1.attn.1.layernorm_1.bias
解冻层: mdd.denoiser.down.1.attn.1.attention_1.in_proj.weight
解冻层: mdd.denoiser.down.1.attn.1.attention_1.out_proj.weight
解冻层: mdd.denoiser.down.1.attn.1.attention_1.out_proj.bias
解冻层: mdd.denoiser.down.1.attn.1.layernorm_2.weight
解冻层: mdd.denoiser.down.1.attn.1.layernorm_2.bias
解冻层: mdd.denoiser.down.1.attn.1.attention_2.q_proj.weight
解冻层: mdd.denoiser.down.1.attn.1.attention_2.k_proj.weight
解冻层: mdd.denoiser.down.1.attn.1.attention_2.v_proj.weight
解冻层: mdd.denoiser.down.1.attn.1.attention_2.out_proj.weight
解冻层: mdd.denoiser.down.1.attn.1.attention_2.out_proj.bias
解冻层: mdd.denoiser.down.1.attn.1.layernorm_3.weight
解冻层: mdd.denoiser.down.1.attn.1.layernorm_3.bias
解冻层: mdd.denoiser.down.1.attn.1.linear_geglu_1.weight
解冻层: mdd.denoiser.down.1.attn.1.linear_geglu_1.bias
解冻层: mdd.denoiser.down.1.attn.1.linear_geglu_2.weight
解冻层: mdd.denoiser.down.1.attn.1.linear_geglu_2.bias
解冻层: mdd.denoiser.down.1.attn.1.conv_output.weight
解冻层: mdd.denoiser.down.1.attn.1.conv_output.bias
解冻层: mdd.denoiser.mid.block_1.norm1.weight
解冻层: mdd.denoiser.mid.block_1.norm1.bias
解冻层: mdd.denoiser.mid.block_1.conv1.weight
解冻层: mdd.denoiser.mid.block_1.conv1.bias
解冻层: mdd.denoiser.mid.block_1.temb_proj.weight
解冻层: mdd.denoiser.mid.block_1.temb_proj.bias
解冻层: mdd.denoiser.mid.block_1.norm2.weight
解冻层: mdd.denoiser.mid.block_1.norm2.bias
解冻层: mdd.denoiser.mid.block_1.conv2.weight
解冻层: mdd.denoiser.mid.block_1.conv2.bias
解冻层: mdd.denoiser.mid.att.groupnorm.weight
解冻层: mdd.denoiser.mid.att.groupnorm.bias
解冻层: mdd.denoiser.mid.att.conv_input.weight
解冻层: mdd.denoiser.mid.att.conv_input.bias
解冻层: mdd.denoiser.mid.att.layernorm_1.weight
解冻层: mdd.denoiser.mid.att.layernorm_1.bias
解冻层: mdd.denoiser.mid.att.attention_1.in_proj.weight
解冻层: mdd.denoiser.mid.att.attention_1.out_proj.weight
解冻层: mdd.denoiser.mid.att.attention_1.out_proj.bias
解冻层: mdd.denoiser.mid.att.layernorm_2.weight
解冻层: mdd.denoiser.mid.att.layernorm_2.bias
解冻层: mdd.denoiser.mid.att.attention_2.q_proj.weight
解冻层: mdd.denoiser.mid.att.attention_2.k_proj.weight
解冻层: mdd.denoiser.mid.att.attention_2.v_proj.weight
解冻层: mdd.denoiser.mid.att.attention_2.out_proj.weight
解冻层: mdd.denoiser.mid.att.attention_2.out_proj.bias
解冻层: mdd.denoiser.mid.att.layernorm_3.weight
解冻层: mdd.denoiser.mid.att.layernorm_3.bias
解冻层: mdd.denoiser.mid.att.linear_geglu_1.weight
解冻层: mdd.denoiser.mid.att.linear_geglu_1.bias
解冻层: mdd.denoiser.mid.att.linear_geglu_2.weight
解冻层: mdd.denoiser.mid.att.linear_geglu_2.bias
解冻层: mdd.denoiser.mid.att.conv_output.weight
解冻层: mdd.denoiser.mid.att.conv_output.bias
解冻层: mdd.denoiser.mid.block_2.norm1.weight
解冻层: mdd.denoiser.mid.block_2.norm1.bias
解冻层: mdd.denoiser.mid.block_2.conv1.weight
解冻层: mdd.denoiser.mid.block_2.conv1.bias
解冻层: mdd.denoiser.mid.block_2.temb_proj.weight
解冻层: mdd.denoiser.mid.block_2.temb_proj.bias
解冻层: mdd.denoiser.mid.block_2.norm2.weight
解冻层: mdd.denoiser.mid.block_2.norm2.bias
解冻层: mdd.denoiser.mid.block_2.conv2.weight
解冻层: mdd.denoiser.mid.block_2.conv2.bias
解冻层: mdd.denoiser.up.0.block.0.norm1.weight
解冻层: mdd.denoiser.up.0.block.0.norm1.bias
解冻层: mdd.denoiser.up.0.block.0.conv1.weight
解冻层: mdd.denoiser.up.0.block.0.conv1.bias
解冻层: mdd.denoiser.up.0.block.0.temb_proj.weight
解冻层: mdd.denoiser.up.0.block.0.temb_proj.bias
解冻层: mdd.denoiser.up.0.block.0.norm2.weight
解冻层: mdd.denoiser.up.0.block.0.norm2.bias
解冻层: mdd.denoiser.up.0.block.0.conv2.weight
解冻层: mdd.denoiser.up.0.block.0.conv2.bias
解冻层: mdd.denoiser.up.0.block.0.nin_shortcut.weight
解冻层: mdd.denoiser.up.0.block.0.nin_shortcut.bias
解冻层: mdd.denoiser.up.0.block.1.norm1.weight
解冻层: mdd.denoiser.up.0.block.1.norm1.bias
解冻层: mdd.denoiser.up.0.block.1.conv1.weight
解冻层: mdd.denoiser.up.0.block.1.conv1.bias
解冻层: mdd.denoiser.up.0.block.1.temb_proj.weight
解冻层: mdd.denoiser.up.0.block.1.temb_proj.bias
解冻层: mdd.denoiser.up.0.block.1.norm2.weight
解冻层: mdd.denoiser.up.0.block.1.norm2.bias
解冻层: mdd.denoiser.up.0.block.1.conv2.weight
解冻层: mdd.denoiser.up.0.block.1.conv2.bias
解冻层: mdd.denoiser.up.0.block.1.nin_shortcut.weight
解冻层: mdd.denoiser.up.0.block.1.nin_shortcut.bias
解冻层: mdd.denoiser.up.0.block.2.norm1.weight
解冻层: mdd.denoiser.up.0.block.2.norm1.bias
解冻层: mdd.denoiser.up.0.block.2.conv1.weight
解冻层: mdd.denoiser.up.0.block.2.conv1.bias
解冻层: mdd.denoiser.up.0.block.2.temb_proj.weight
解冻层: mdd.denoiser.up.0.block.2.temb_proj.bias
解冻层: mdd.denoiser.up.0.block.2.norm2.weight
解冻层: mdd.denoiser.up.0.block.2.norm2.bias
解冻层: mdd.denoiser.up.0.block.2.conv2.weight
解冻层: mdd.denoiser.up.0.block.2.conv2.bias
解冻层: mdd.denoiser.up.0.block.2.nin_shortcut.weight
解冻层: mdd.denoiser.up.0.block.2.nin_shortcut.bias
解冻层: mdd.denoiser.up.0.attn.0.groupnorm.weight
解冻层: mdd.denoiser.up.0.attn.0.groupnorm.bias
解冻层: mdd.denoiser.up.0.attn.0.conv_input.weight
解冻层: mdd.denoiser.up.0.attn.0.conv_input.bias
解冻层: mdd.denoiser.up.0.attn.0.layernorm_1.weight
解冻层: mdd.denoiser.up.0.attn.0.layernorm_1.bias
解冻层: mdd.denoiser.up.0.attn.0.attention_1.in_proj.weight
解冻层: mdd.denoiser.up.0.attn.0.attention_1.out_proj.weight
解冻层: mdd.denoiser.up.0.attn.0.attention_1.out_proj.bias
解冻层: mdd.denoiser.up.0.attn.0.layernorm_2.weight
解冻层: mdd.denoiser.up.0.attn.0.layernorm_2.bias
解冻层: mdd.denoiser.up.0.attn.0.attention_2.q_proj.weight
解冻层: mdd.denoiser.up.0.attn.0.attention_2.k_proj.weight
解冻层: mdd.denoiser.up.0.attn.0.attention_2.v_proj.weight
解冻层: mdd.denoiser.up.0.attn.0.attention_2.out_proj.weight
解冻层: mdd.denoiser.up.0.attn.0.attention_2.out_proj.bias
解冻层: mdd.denoiser.up.0.attn.0.layernorm_3.weight
解冻层: mdd.denoiser.up.0.attn.0.layernorm_3.bias
解冻层: mdd.denoiser.up.0.attn.0.linear_geglu_1.weight
解冻层: mdd.denoiser.up.0.attn.0.linear_geglu_1.bias
解冻层: mdd.denoiser.up.0.attn.0.linear_geglu_2.weight
解冻层: mdd.denoiser.up.0.attn.0.linear_geglu_2.bias
解冻层: mdd.denoiser.up.0.attn.0.conv_output.weight
解冻层: mdd.denoiser.up.0.attn.0.conv_output.bias
解冻层: mdd.denoiser.up.0.attn.1.groupnorm.weight
解冻层: mdd.denoiser.up.0.attn.1.groupnorm.bias
解冻层: mdd.denoiser.up.0.attn.1.conv_input.weight
解冻层: mdd.denoiser.up.0.attn.1.conv_input.bias
解冻层: mdd.denoiser.up.0.attn.1.layernorm_1.weight
解冻层: mdd.denoiser.up.0.attn.1.layernorm_1.bias
解冻层: mdd.denoiser.up.0.attn.1.attention_1.in_proj.weight
解冻层: mdd.denoiser.up.0.attn.1.attention_1.out_proj.weight
解冻层: mdd.denoiser.up.0.attn.1.attention_1.out_proj.bias
解冻层: mdd.denoiser.up.0.attn.1.layernorm_2.weight
解冻层: mdd.denoiser.up.0.attn.1.layernorm_2.bias
解冻层: mdd.denoiser.up.0.attn.1.attention_2.q_proj.weight
解冻层: mdd.denoiser.up.0.attn.1.attention_2.k_proj.weight
解冻层: mdd.denoiser.up.0.attn.1.attention_2.v_proj.weight
解冻层: mdd.denoiser.up.0.attn.1.attention_2.out_proj.weight
解冻层: mdd.denoiser.up.0.attn.1.attention_2.out_proj.bias
解冻层: mdd.denoiser.up.0.attn.1.layernorm_3.weight
解冻层: mdd.denoiser.up.0.attn.1.layernorm_3.bias
解冻层: mdd.denoiser.up.0.attn.1.linear_geglu_1.weight
解冻层: mdd.denoiser.up.0.attn.1.linear_geglu_1.bias
解冻层: mdd.denoiser.up.0.attn.1.linear_geglu_2.weight
解冻层: mdd.denoiser.up.0.attn.1.linear_geglu_2.bias
解冻层: mdd.denoiser.up.0.attn.1.conv_output.weight
解冻层: mdd.denoiser.up.0.attn.1.conv_output.bias
解冻层: mdd.denoiser.up.0.attn.2.groupnorm.weight
解冻层: mdd.denoiser.up.0.attn.2.groupnorm.bias
解冻层: mdd.denoiser.up.0.attn.2.conv_input.weight
解冻层: mdd.denoiser.up.0.attn.2.conv_input.bias
解冻层: mdd.denoiser.up.0.attn.2.layernorm_1.weight
解冻层: mdd.denoiser.up.0.attn.2.layernorm_1.bias
解冻层: mdd.denoiser.up.0.attn.2.attention_1.in_proj.weight
解冻层: mdd.denoiser.up.0.attn.2.attention_1.out_proj.weight
解冻层: mdd.denoiser.up.0.attn.2.attention_1.out_proj.bias
解冻层: mdd.denoiser.up.0.attn.2.layernorm_2.weight
解冻层: mdd.denoiser.up.0.attn.2.layernorm_2.bias
解冻层: mdd.denoiser.up.0.attn.2.attention_2.q_proj.weight
解冻层: mdd.denoiser.up.0.attn.2.attention_2.k_proj.weight
解冻层: mdd.denoiser.up.0.attn.2.attention_2.v_proj.weight
解冻层: mdd.denoiser.up.0.attn.2.attention_2.out_proj.weight
解冻层: mdd.denoiser.up.0.attn.2.attention_2.out_proj.bias
解冻层: mdd.denoiser.up.0.attn.2.layernorm_3.weight
解冻层: mdd.denoiser.up.0.attn.2.layernorm_3.bias
解冻层: mdd.denoiser.up.0.attn.2.linear_geglu_1.weight
解冻层: mdd.denoiser.up.0.attn.2.linear_geglu_1.bias
解冻层: mdd.denoiser.up.0.attn.2.linear_geglu_2.weight
解冻层: mdd.denoiser.up.0.attn.2.linear_geglu_2.bias
解冻层: mdd.denoiser.up.0.attn.2.conv_output.weight
解冻层: mdd.denoiser.up.0.attn.2.conv_output.bias
解冻层: mdd.denoiser.up.1.block.0.norm1.weight
解冻层: mdd.denoiser.up.1.block.0.norm1.bias
解冻层: mdd.denoiser.up.1.block.0.conv1.weight
解冻层: mdd.denoiser.up.1.block.0.conv1.bias
解冻层: mdd.denoiser.up.1.block.0.temb_proj.weight
解冻层: mdd.denoiser.up.1.block.0.temb_proj.bias
解冻层: mdd.denoiser.up.1.block.0.norm2.weight
解冻层: mdd.denoiser.up.1.block.0.norm2.bias
解冻层: mdd.denoiser.up.1.block.0.conv2.weight
解冻层: mdd.denoiser.up.1.block.0.conv2.bias
解冻层: mdd.denoiser.up.1.block.0.nin_shortcut.weight
解冻层: mdd.denoiser.up.1.block.0.nin_shortcut.bias
解冻层: mdd.denoiser.up.1.block.1.norm1.weight
解冻层: mdd.denoiser.up.1.block.1.norm1.bias
解冻层: mdd.denoiser.up.1.block.1.conv1.weight
解冻层: mdd.denoiser.up.1.block.1.conv1.bias
解冻层: mdd.denoiser.up.1.block.1.temb_proj.weight
解冻层: mdd.denoiser.up.1.block.1.temb_proj.bias
解冻层: mdd.denoiser.up.1.block.1.norm2.weight
解冻层: mdd.denoiser.up.1.block.1.norm2.bias
解冻层: mdd.denoiser.up.1.block.1.conv2.weight
解冻层: mdd.denoiser.up.1.block.1.conv2.bias
解冻层: mdd.denoiser.up.1.block.1.nin_shortcut.weight
解冻层: mdd.denoiser.up.1.block.1.nin_shortcut.bias
解冻层: mdd.denoiser.up.1.block.2.norm1.weight
解冻层: mdd.denoiser.up.1.block.2.norm1.bias
解冻层: mdd.denoiser.up.1.block.2.conv1.weight
解冻层: mdd.denoiser.up.1.block.2.conv1.bias
解冻层: mdd.denoiser.up.1.block.2.temb_proj.weight
解冻层: mdd.denoiser.up.1.block.2.temb_proj.bias
解冻层: mdd.denoiser.up.1.block.2.norm2.weight
解冻层: mdd.denoiser.up.1.block.2.norm2.bias
解冻层: mdd.denoiser.up.1.block.2.conv2.weight
解冻层: mdd.denoiser.up.1.block.2.conv2.bias
解冻层: mdd.denoiser.up.1.block.2.nin_shortcut.weight
解冻层: mdd.denoiser.up.1.block.2.nin_shortcut.bias
解冻层: mdd.denoiser.up.1.attn.0.groupnorm.weight
解冻层: mdd.denoiser.up.1.attn.0.groupnorm.bias
解冻层: mdd.denoiser.up.1.attn.0.conv_input.weight
解冻层: mdd.denoiser.up.1.attn.0.conv_input.bias
解冻层: mdd.denoiser.up.1.attn.0.layernorm_1.weight
解冻层: mdd.denoiser.up.1.attn.0.layernorm_1.bias
解冻层: mdd.denoiser.up.1.attn.0.attention_1.in_proj.weight
解冻层: mdd.denoiser.up.1.attn.0.attention_1.out_proj.weight
解冻层: mdd.denoiser.up.1.attn.0.attention_1.out_proj.bias
解冻层: mdd.denoiser.up.1.attn.0.layernorm_2.weight
解冻层: mdd.denoiser.up.1.attn.0.layernorm_2.bias
解冻层: mdd.denoiser.up.1.attn.0.attention_2.q_proj.weight
解冻层: mdd.denoiser.up.1.attn.0.attention_2.k_proj.weight
解冻层: mdd.denoiser.up.1.attn.0.attention_2.v_proj.weight
解冻层: mdd.denoiser.up.1.attn.0.attention_2.out_proj.weight
解冻层: mdd.denoiser.up.1.attn.0.attention_2.out_proj.bias
解冻层: mdd.denoiser.up.1.attn.0.layernorm_3.weight
解冻层: mdd.denoiser.up.1.attn.0.layernorm_3.bias
解冻层: mdd.denoiser.up.1.attn.0.linear_geglu_1.weight
解冻层: mdd.denoiser.up.1.attn.0.linear_geglu_1.bias
解冻层: mdd.denoiser.up.1.attn.0.linear_geglu_2.weight
解冻层: mdd.denoiser.up.1.attn.0.linear_geglu_2.bias
解冻层: mdd.denoiser.up.1.attn.0.conv_output.weight
解冻层: mdd.denoiser.up.1.attn.0.conv_output.bias
解冻层: mdd.denoiser.up.1.attn.1.groupnorm.weight
解冻层: mdd.denoiser.up.1.attn.1.groupnorm.bias
解冻层: mdd.denoiser.up.1.attn.1.conv_input.weight
解冻层: mdd.denoiser.up.1.attn.1.conv_input.bias
解冻层: mdd.denoiser.up.1.attn.1.layernorm_1.weight
解冻层: mdd.denoiser.up.1.attn.1.layernorm_1.bias
解冻层: mdd.denoiser.up.1.attn.1.attention_1.in_proj.weight
解冻层: mdd.denoiser.up.1.attn.1.attention_1.out_proj.weight
解冻层: mdd.denoiser.up.1.attn.1.attention_1.out_proj.bias
解冻层: mdd.denoiser.up.1.attn.1.layernorm_2.weight
解冻层: mdd.denoiser.up.1.attn.1.layernorm_2.bias
解冻层: mdd.denoiser.up.1.attn.1.attention_2.q_proj.weight
解冻层: mdd.denoiser.up.1.attn.1.attention_2.k_proj.weight
解冻层: mdd.denoiser.up.1.attn.1.attention_2.v_proj.weight
解冻层: mdd.denoiser.up.1.attn.1.attention_2.out_proj.weight
解冻层: mdd.denoiser.up.1.attn.1.attention_2.out_proj.bias
解冻层: mdd.denoiser.up.1.attn.1.layernorm_3.weight
解冻层: mdd.denoiser.up.1.attn.1.layernorm_3.bias
解冻层: mdd.denoiser.up.1.attn.1.linear_geglu_1.weight
解冻层: mdd.denoiser.up.1.attn.1.linear_geglu_1.bias
解冻层: mdd.denoiser.up.1.attn.1.linear_geglu_2.weight
解冻层: mdd.denoiser.up.1.attn.1.linear_geglu_2.bias
解冻层: mdd.denoiser.up.1.attn.1.conv_output.weight
解冻层: mdd.denoiser.up.1.attn.1.conv_output.bias
解冻层: mdd.denoiser.up.1.attn.2.groupnorm.weight
解冻层: mdd.denoiser.up.1.attn.2.groupnorm.bias
解冻层: mdd.denoiser.up.1.attn.2.conv_input.weight
解冻层: mdd.denoiser.up.1.attn.2.conv_input.bias
解冻层: mdd.denoiser.up.1.attn.2.layernorm_1.weight
解冻层: mdd.denoiser.up.1.attn.2.layernorm_1.bias
解冻层: mdd.denoiser.up.1.attn.2.attention_1.in_proj.weight
解冻层: mdd.denoiser.up.1.attn.2.attention_1.out_proj.weight
解冻层: mdd.denoiser.up.1.attn.2.attention_1.out_proj.bias
解冻层: mdd.denoiser.up.1.attn.2.layernorm_2.weight
解冻层: mdd.denoiser.up.1.attn.2.layernorm_2.bias
解冻层: mdd.denoiser.up.1.attn.2.attention_2.q_proj.weight
解冻层: mdd.denoiser.up.1.attn.2.attention_2.k_proj.weight
解冻层: mdd.denoiser.up.1.attn.2.attention_2.v_proj.weight
解冻层: mdd.denoiser.up.1.attn.2.attention_2.out_proj.weight
解冻层: mdd.denoiser.up.1.attn.2.attention_2.out_proj.bias
解冻层: mdd.denoiser.up.1.attn.2.layernorm_3.weight
解冻层: mdd.denoiser.up.1.attn.2.layernorm_3.bias
解冻层: mdd.denoiser.up.1.attn.2.linear_geglu_1.weight
解冻层: mdd.denoiser.up.1.attn.2.linear_geglu_1.bias
解冻层: mdd.denoiser.up.1.attn.2.linear_geglu_2.weight
解冻层: mdd.denoiser.up.1.attn.2.linear_geglu_2.bias
解冻层: mdd.denoiser.up.1.attn.2.conv_output.weight
解冻层: mdd.denoiser.up.1.attn.2.conv_output.bias
解冻层: mdd.denoiser.up.1.upsample.conv.weight
解冻层: mdd.denoiser.up.1.upsample.conv.bias
解冻层: mdd.denoiser.norm_out.weight
解冻层: mdd.denoiser.norm_out.bias
解冻层: mdd.denoiser.conv_out.weight
解冻层: mdd.denoiser.conv_out.bias
解冻层: roi_head.factor_encoder.0.0.weight
解冻层: roi_head.factor_encoder.0.3.weight
解冻层: roi_head.factor_encoder.0.6.weight
解冻层: roi_head.factor_encoder.0.6.bias
解冻层: roi_head.factor_encoder.1.0.weight
解冻层: roi_head.factor_encoder.1.3.weight
解冻层: roi_head.factor_encoder.1.6.weight
解冻层: roi_head.factor_encoder.1.6.bias
解冻层: roi_head.factor_encoder.2.0.weight
解冻层: roi_head.factor_encoder.2.3.weight
解冻层: roi_head.factor_encoder.2.6.weight
解冻层: roi_head.factor_encoder.2.6.bias
解冻层: roi_head.factor_encoder.3.0.weight
解冻层: roi_head.factor_encoder.3.3.weight
解冻层: roi_head.factor_encoder.3.6.weight
解冻层: roi_head.factor_encoder.3.6.bias
解冻层: roi_head.factor_encoder.4.0.weight
解冻层: roi_head.factor_encoder.4.3.weight
解冻层: roi_head.factor_encoder.4.6.weight
解冻层: roi_head.factor_encoder.4.6.bias
解冻层: roi_head.factor_encoder.5.0.weight
解冻层: roi_head.factor_encoder.5.3.weight
解冻层: roi_head.factor_encoder.5.6.weight
解冻层: roi_head.factor_encoder.5.6.bias
解冻层: roi_head.factor_encoder.6.0.weight
解冻层: roi_head.factor_encoder.6.3.weight
解冻层: roi_head.factor_encoder.6.6.weight
解冻层: roi_head.factor_encoder.6.6.bias
解冻层: roi_head.factor_encoder.7.0.weight
解冻层: roi_head.factor_encoder.7.3.weight
解冻层: roi_head.factor_encoder.7.6.weight
解冻层: roi_head.factor_encoder.7.6.bias
总共解冻 442 个参数组
从第 78 个epoch恢复训练
Training start
learning rate 0.000020
此bxo中没有点云！！
[epoch 78][1/6765], || Loss: 0.026 || Rcnn: 0.000|| Cls: 0.000 || Loc: 0.000 || Iou: 0.000 || Diff: 0.026
此bxo中没有点云！！
[epoch 78][2/6765], || Loss: 0.025 || Rcnn: 0.000|| Cls: 0.000 || Loc: 0.000 || Iou: 0.000 || Diff: 0.025
[epoch 78][3/6765], || Loss: 0.026 || Rcnn: 0.000|| Cls: 0.000 || Loc: 0.000 || Iou: 0.000 || Diff: 0.026
[epoch 78][4/6765], || Loss: 0.024 || Rcnn: 0.000|| Cls: 0.000 || Loc: 0.000 || Iou: 0.000 || Diff: 0.024
[epoch 78][5/6765], || Loss: 0.024 || Rcnn: 0.000|| Cls: 0.000 || Loc: 0.000 || Iou: 0.000 || Diff: 0.024
此bxo中没有点云！！
[epoch 78][6/6765], || Loss: 0.027 || Rcnn: 0.000|| Cls: 0.000 || Loc: 0.000 || Iou: 0.000 || Diff: 0.027
此bxo中没有点云！！
[epoch 78][7/6765], || Loss: 0.025 || Rcnn: 0.000|| Cls: 0.000 || Loc: 0.000 || Iou: 0.000 || Diff: 0.025
此bxo中没有点云！！
[epoch 78][8/6765], || Loss: 0.026 || Rcnn: 0.000|| Cls: 0.000 || Loc: 0.000 || Iou: 0.000 || Diff: 0.026
此bxo中没有点云！！
[epoch 78][9/6765], || Loss: 0.025 || Rcnn: 0.000|| Cls: 0.000 || Loc: 0.000 || Iou: 0.000 || Diff: 0.025
此bxo中没有点云！！
此bxo中没有点云！！
[epoch 78][10/6765], || Loss: 0.026 || Rcnn: 0.000|| Cls: 0.000 || Loc: 0.000 || Iou: 0.000 || Diff: 0.026
[epoch 78][11/6765], || Loss: 0.024 || Rcnn: 0.000|| Cls: 0.000 || Loc: 0.000 || Iou: 0.000 || Diff: 0.024
此bxo中没有点云！！
[epoch 78][12/6765], || Loss: 0.024 || Rcnn: 0.000|| Cls: 0.000 || Loc: 0.000 || Iou: 0.000 || Diff: 0.024
此bxo中没有点云！！
此bxo中没有点云！！
[epoch 78][13/6765], || Loss: 0.027 || Rcnn: 0.000|| Cls: 0.000 || Loc: 0.000 || Iou: 0.000 || Diff: 0.027
此bxo中没有点云！！
[epoch 78][14/6765], || Loss: 0.025 || Rcnn: 0.000|| Cls: 0.000 || Loc: 0.000 || Iou: 0.000 || Diff: 0.025
[epoch 78][15/6765], || Loss: 0.025 || Rcnn: 0.000|| Cls: 0.000 || Loc: 0.000 || Iou: 0.000 || Diff: 0.025
此bxo中没有点云！！
此bxo中没有点云！！
[epoch 78][16/6765], || Loss: 0.027 || Rcnn: 0.000|| Cls: 0.000 || Loc: 0.000 || Iou: 0.000 || Diff: 0.027
此bxo中没有点云！！
[epoch 78][17/6765], || Loss: 0.028 || Rcnn: 0.000|| Cls: 0.000 || Loc: 0.000 || Iou: 0.000 || Diff: 0.028
[epoch 78][18/6765], || Loss: 0.028 || Rcnn: 0.000|| Cls: 0.000 || Loc: 0.000 || Iou: 0.000 || Diff: 0.028
此bxo中没有点云！！
[epoch 78][19/6765], || Loss: 0.026 || Rcnn: 0.000|| Cls: 0.000 || Loc: 0.000 || Iou: 0.000 || Diff: 0.026
此bxo中没有点云！！
[epoch 78][20/6765], || Loss: 0.028 || Rcnn: 0.000|| Cls: 0.000 || Loc: 0.000 || Iou: 0.000 || Diff: 0.028
[epoch 78][21/6765], || Loss: 0.030 || Rcnn: 0.000|| Cls: 0.000 || Loc: 0.000 || Iou: 0.000 || Diff: 0.030
此bxo中没有点云！！
此bxo中没有点云！！
Traceback (most recent call last):
  File "/data/gkx/Code/opencood/tools/train.py", line 430, in <module>
    main()
  File "/data/gkx/Code/opencood/tools/train.py", line 203, in main
    ouput_dict = model(batch_data['ego'])
  File "/home/ubuntu/anaconda3/envs/ldm/lib/python3.10/site-packages/torch/nn/modules/module.py", line 1518, in _wrapped_call_impl
    return self._call_impl(*args, **kwargs)
  File "/home/ubuntu/anaconda3/envs/ldm/lib/python3.10/site-packages/torch/nn/modules/module.py", line 1527, in _call_impl
    return forward_call(*args, **kwargs)
  File "/data/gkx/Code/opencood/models/point_pillar_diffusion_dec.py", line 354, in forward
    batch_dict = self.mdd(batch_dict)
  File "/home/ubuntu/anaconda3/envs/ldm/lib/python3.10/site-packages/torch/nn/modules/module.py", line 1518, in _wrapped_call_impl
    return self._call_impl(*args, **kwargs)
  File "/home/ubuntu/anaconda3/envs/ldm/lib/python3.10/site-packages/torch/nn/modules/module.py", line 1527, in _call_impl
    return forward_call(*args, **kwargs)
  File "/data/gkx/Code/opencood/models/mdd_modules/radar_cond_diff_denoise.py", line 386, in forward
    x_noisy = self.p_sample(x_noisy, gt_cond, _t, upsam=False)
  File "/data/gkx/Code/opencood/models/mdd_modules/radar_cond_diff_denoise.py", line 306, in p_sample
    model_mean, _, model_log_variance, model_out = self.p_mean_variance(x_noisy, cond, upsam, t=t, clip_denoised=clip_denoised)
  File "/data/gkx/Code/opencood/models/mdd_modules/radar_cond_diff_denoise.py", line 285, in p_mean_variance
    model_out = self.gen_pred( x_noisy, cond, upsam, t)
  File "/data/gkx/Code/opencood/models/mdd_modules/radar_cond_diff_denoise.py", line 321, in gen_pred
    model_out = self.denoiser(x_noisy, t.float(), cond)
  File "/home/ubuntu/anaconda3/envs/ldm/lib/python3.10/site-packages/torch/nn/modules/module.py", line 1518, in _wrapped_call_impl
    return self._call_impl(*args, **kwargs)
  File "/home/ubuntu/anaconda3/envs/ldm/lib/python3.10/site-packages/torch/nn/modules/module.py", line 1527, in _call_impl
    return forward_call(*args, **kwargs)
  File "/data/gkx/Code/opencood/models/mdd_modules/unet.py", line 394, in forward
    h = self.up[i_level].attn[i_block](h, cond)
  File "/home/ubuntu/anaconda3/envs/ldm/lib/python3.10/site-packages/torch/nn/modules/module.py", line 1518, in _wrapped_call_impl
    return self._call_impl(*args, **kwargs)
  File "/home/ubuntu/anaconda3/envs/ldm/lib/python3.10/site-packages/torch/nn/modules/module.py", line 1527, in _call_impl
    return forward_call(*args, **kwargs)
  File "/data/gkx/Code/opencood/models/mdd_modules/unet.py", line 237, in forward
    x = self.attention_1(x)
  File "/home/ubuntu/anaconda3/envs/ldm/lib/python3.10/site-packages/torch/nn/modules/module.py", line 1518, in _wrapped_call_impl
    return self._call_impl(*args, **kwargs)
  File "/home/ubuntu/anaconda3/envs/ldm/lib/python3.10/site-packages/torch/nn/modules/module.py", line 1527, in _call_impl
    return forward_call(*args, **kwargs)
  File "/data/gkx/Code/opencood/models/sub_modules/attention.py", line 26, in forward
    weight = q @ k.transpose(-1, -2)
  File "/home/ubuntu/anaconda3/envs/ldm/lib/python3.10/site-packages/torch/fx/traceback.py", line 68, in format_stack
    return traceback.format_list(traceback.extract_stack()[:-1])
  File "/home/ubuntu/anaconda3/envs/ldm/lib/python3.10/traceback.py", line 227, in extract_stack
    stack = StackSummary.extract(walk_stack(f), limit=limit)
  File "/home/ubuntu/anaconda3/envs/ldm/lib/python3.10/traceback.py", line 383, in extract
    f.line
  File "/home/ubuntu/anaconda3/envs/ldm/lib/python3.10/traceback.py", line 301, in line
    @property
KeyboardInterrupt
