nohup: ignoring input
Dataset Building
Postprocessor Stage2 ReDetect:  False
Dataset dir: /datasets/OPV2V/train
too many cavs reinitialize
Postprocessor Stage2 ReDetect:  False
Dataset dir: /datasets/OPV2V/validate
too many cavs reinitialize
too many cavs reinitialize
Creating Model
is_resnet
Postprocessor Stage2 ReDetect:  False

==== Parameters in Model but not in Checkpoint ====
Missing in checkpoint: cls_layers.0.weight
Missing in checkpoint: cls_layers.3.weight
Missing in checkpoint: cls_layers.6.weight
Missing in checkpoint: cls_layers.6.bias
Missing in checkpoint: iou_layers.0.weight
Missing in checkpoint: iou_layers.3.weight
Missing in checkpoint: iou_layers.6.weight
Missing in checkpoint: iou_layers.6.bias
Missing in checkpoint: reg_layers.0.weight
Missing in checkpoint: reg_layers.3.weight
Missing in checkpoint: reg_layers.6.weight
Missing in checkpoint: reg_layers.6.bias

Number of parameters successfully loaded: 819/831
model data =  tensor(14395027.)
解冻层: mdd.denoiser.temb.dense.0.weight
解冻层: mdd.denoiser.temb.dense.0.bias
解冻层: mdd.denoiser.temb.dense.1.weight
解冻层: mdd.denoiser.temb.dense.1.bias
解冻层: mdd.denoiser.conv_in.weight
解冻层: mdd.denoiser.conv_in.bias
解冻层: mdd.denoiser.down.0.block.0.norm1.weight
解冻层: mdd.denoiser.down.0.block.0.norm1.bias
解冻层: mdd.denoiser.down.0.block.0.conv1.weight
解冻层: mdd.denoiser.down.0.block.0.conv1.bias
解冻层: mdd.denoiser.down.0.block.0.temb_proj.weight
解冻层: mdd.denoiser.down.0.block.0.temb_proj.bias
解冻层: mdd.denoiser.down.0.block.0.norm2.weight
解冻层: mdd.denoiser.down.0.block.0.norm2.bias
解冻层: mdd.denoiser.down.0.block.0.conv2.weight
解冻层: mdd.denoiser.down.0.block.0.conv2.bias
解冻层: mdd.denoiser.down.0.block.1.norm1.weight
解冻层: mdd.denoiser.down.0.block.1.norm1.bias
解冻层: mdd.denoiser.down.0.block.1.conv1.weight
解冻层: mdd.denoiser.down.0.block.1.conv1.bias
解冻层: mdd.denoiser.down.0.block.1.temb_proj.weight
解冻层: mdd.denoiser.down.0.block.1.temb_proj.bias
解冻层: mdd.denoiser.down.0.block.1.norm2.weight
解冻层: mdd.denoiser.down.0.block.1.norm2.bias
解冻层: mdd.denoiser.down.0.block.1.conv2.weight
解冻层: mdd.denoiser.down.0.block.1.conv2.bias
解冻层: mdd.denoiser.down.0.attn.0.groupnorm.weight
解冻层: mdd.denoiser.down.0.attn.0.groupnorm.bias
解冻层: mdd.denoiser.down.0.attn.0.conv_input.weight
解冻层: mdd.denoiser.down.0.attn.0.conv_input.bias
解冻层: mdd.denoiser.down.0.attn.0.layernorm_1.weight
解冻层: mdd.denoiser.down.0.attn.0.layernorm_1.bias
解冻层: mdd.denoiser.down.0.attn.0.attention_1.in_proj.weight
解冻层: mdd.denoiser.down.0.attn.0.attention_1.out_proj.weight
解冻层: mdd.denoiser.down.0.attn.0.attention_1.out_proj.bias
解冻层: mdd.denoiser.down.0.attn.0.layernorm_2.weight
解冻层: mdd.denoiser.down.0.attn.0.layernorm_2.bias
解冻层: mdd.denoiser.down.0.attn.0.attention_2.q_proj.weight
解冻层: mdd.denoiser.down.0.attn.0.attention_2.k_proj.weight
解冻层: mdd.denoiser.down.0.attn.0.attention_2.v_proj.weight
解冻层: mdd.denoiser.down.0.attn.0.attention_2.out_proj.weight
解冻层: mdd.denoiser.down.0.attn.0.attention_2.out_proj.bias
解冻层: mdd.denoiser.down.0.attn.0.layernorm_3.weight
解冻层: mdd.denoiser.down.0.attn.0.layernorm_3.bias
解冻层: mdd.denoiser.down.0.attn.0.linear_geglu_1.weight
解冻层: mdd.denoiser.down.0.attn.0.linear_geglu_1.bias
解冻层: mdd.denoiser.down.0.attn.0.linear_geglu_2.weight
解冻层: mdd.denoiser.down.0.attn.0.linear_geglu_2.bias
解冻层: mdd.denoiser.down.0.attn.0.conv_output.weight
解冻层: mdd.denoiser.down.0.attn.0.conv_output.bias
解冻层: mdd.denoiser.down.0.attn.1.groupnorm.weight
解冻层: mdd.denoiser.down.0.attn.1.groupnorm.bias
解冻层: mdd.denoiser.down.0.attn.1.conv_input.weight
解冻层: mdd.denoiser.down.0.attn.1.conv_input.bias
解冻层: mdd.denoiser.down.0.attn.1.layernorm_1.weight
解冻层: mdd.denoiser.down.0.attn.1.layernorm_1.bias
解冻层: mdd.denoiser.down.0.attn.1.attention_1.in_proj.weight
解冻层: mdd.denoiser.down.0.attn.1.attention_1.out_proj.weight
解冻层: mdd.denoiser.down.0.attn.1.attention_1.out_proj.bias
解冻层: mdd.denoiser.down.0.attn.1.layernorm_2.weight
解冻层: mdd.denoiser.down.0.attn.1.layernorm_2.bias
解冻层: mdd.denoiser.down.0.attn.1.attention_2.q_proj.weight
解冻层: mdd.denoiser.down.0.attn.1.attention_2.k_proj.weight
解冻层: mdd.denoiser.down.0.attn.1.attention_2.v_proj.weight
解冻层: mdd.denoiser.down.0.attn.1.attention_2.out_proj.weight
解冻层: mdd.denoiser.down.0.attn.1.attention_2.out_proj.bias
解冻层: mdd.denoiser.down.0.attn.1.layernorm_3.weight
解冻层: mdd.denoiser.down.0.attn.1.layernorm_3.bias
解冻层: mdd.denoiser.down.0.attn.1.linear_geglu_1.weight
解冻层: mdd.denoiser.down.0.attn.1.linear_geglu_1.bias
解冻层: mdd.denoiser.down.0.attn.1.linear_geglu_2.weight
解冻层: mdd.denoiser.down.0.attn.1.linear_geglu_2.bias
解冻层: mdd.denoiser.down.0.attn.1.conv_output.weight
解冻层: mdd.denoiser.down.0.attn.1.conv_output.bias
解冻层: mdd.denoiser.down.0.downsample.conv.weight
解冻层: mdd.denoiser.down.0.downsample.conv.bias
解冻层: mdd.denoiser.down.1.block.0.norm1.weight
解冻层: mdd.denoiser.down.1.block.0.norm1.bias
解冻层: mdd.denoiser.down.1.block.0.conv1.weight
解冻层: mdd.denoiser.down.1.block.0.conv1.bias
解冻层: mdd.denoiser.down.1.block.0.temb_proj.weight
解冻层: mdd.denoiser.down.1.block.0.temb_proj.bias
解冻层: mdd.denoiser.down.1.block.0.norm2.weight
解冻层: mdd.denoiser.down.1.block.0.norm2.bias
解冻层: mdd.denoiser.down.1.block.0.conv2.weight
解冻层: mdd.denoiser.down.1.block.0.conv2.bias
解冻层: mdd.denoiser.down.1.block.1.norm1.weight
解冻层: mdd.denoiser.down.1.block.1.norm1.bias
解冻层: mdd.denoiser.down.1.block.1.conv1.weight
解冻层: mdd.denoiser.down.1.block.1.conv1.bias
解冻层: mdd.denoiser.down.1.block.1.temb_proj.weight
解冻层: mdd.denoiser.down.1.block.1.temb_proj.bias
解冻层: mdd.denoiser.down.1.block.1.norm2.weight
解冻层: mdd.denoiser.down.1.block.1.norm2.bias
解冻层: mdd.denoiser.down.1.block.1.conv2.weight
解冻层: mdd.denoiser.down.1.block.1.conv2.bias
解冻层: mdd.denoiser.down.1.attn.0.groupnorm.weight
解冻层: mdd.denoiser.down.1.attn.0.groupnorm.bias
解冻层: mdd.denoiser.down.1.attn.0.conv_input.weight
解冻层: mdd.denoiser.down.1.attn.0.conv_input.bias
解冻层: mdd.denoiser.down.1.attn.0.layernorm_1.weight
解冻层: mdd.denoiser.down.1.attn.0.layernorm_1.bias
解冻层: mdd.denoiser.down.1.attn.0.attention_1.in_proj.weight
解冻层: mdd.denoiser.down.1.attn.0.attention_1.out_proj.weight
解冻层: mdd.denoiser.down.1.attn.0.attention_1.out_proj.bias
解冻层: mdd.denoiser.down.1.attn.0.layernorm_2.weight
解冻层: mdd.denoiser.down.1.attn.0.layernorm_2.bias
解冻层: mdd.denoiser.down.1.attn.0.attention_2.q_proj.weight
解冻层: mdd.denoiser.down.1.attn.0.attention_2.k_proj.weight
解冻层: mdd.denoiser.down.1.attn.0.attention_2.v_proj.weight
解冻层: mdd.denoiser.down.1.attn.0.attention_2.out_proj.weight
解冻层: mdd.denoiser.down.1.attn.0.attention_2.out_proj.bias
解冻层: mdd.denoiser.down.1.attn.0.layernorm_3.weight
解冻层: mdd.denoiser.down.1.attn.0.layernorm_3.bias
解冻层: mdd.denoiser.down.1.attn.0.linear_geglu_1.weight
解冻层: mdd.denoiser.down.1.attn.0.linear_geglu_1.bias
解冻层: mdd.denoiser.down.1.attn.0.linear_geglu_2.weight
解冻层: mdd.denoiser.down.1.attn.0.linear_geglu_2.bias
解冻层: mdd.denoiser.down.1.attn.0.conv_output.weight
解冻层: mdd.denoiser.down.1.attn.0.conv_output.bias
解冻层: mdd.denoiser.down.1.attn.1.groupnorm.weight
解冻层: mdd.denoiser.down.1.attn.1.groupnorm.bias
解冻层: mdd.denoiser.down.1.attn.1.conv_input.weight
解冻层: mdd.denoiser.down.1.attn.1.conv_input.bias
解冻层: mdd.denoiser.down.1.attn.1.layernorm_1.weight
解冻层: mdd.denoiser.down.1.attn.1.layernorm_1.bias
解冻层: mdd.denoiser.down.1.attn.1.attention_1.in_proj.weight
解冻层: mdd.denoiser.down.1.attn.1.attention_1.out_proj.weight
解冻层: mdd.denoiser.down.1.attn.1.attention_1.out_proj.bias
解冻层: mdd.denoiser.down.1.attn.1.layernorm_2.weight
解冻层: mdd.denoiser.down.1.attn.1.layernorm_2.bias
解冻层: mdd.denoiser.down.1.attn.1.attention_2.q_proj.weight
解冻层: mdd.denoiser.down.1.attn.1.attention_2.k_proj.weight
解冻层: mdd.denoiser.down.1.attn.1.attention_2.v_proj.weight
解冻层: mdd.denoiser.down.1.attn.1.attention_2.out_proj.weight
解冻层: mdd.denoiser.down.1.attn.1.attention_2.out_proj.bias
解冻层: mdd.denoiser.down.1.attn.1.layernorm_3.weight
解冻层: mdd.denoiser.down.1.attn.1.layernorm_3.bias
解冻层: mdd.denoiser.down.1.attn.1.linear_geglu_1.weight
解冻层: mdd.denoiser.down.1.attn.1.linear_geglu_1.bias
解冻层: mdd.denoiser.down.1.attn.1.linear_geglu_2.weight
解冻层: mdd.denoiser.down.1.attn.1.linear_geglu_2.bias
解冻层: mdd.denoiser.down.1.attn.1.conv_output.weight
解冻层: mdd.denoiser.down.1.attn.1.conv_output.bias
解冻层: mdd.denoiser.mid.block_1.norm1.weight
解冻层: mdd.denoiser.mid.block_1.norm1.bias
解冻层: mdd.denoiser.mid.block_1.conv1.weight
解冻层: mdd.denoiser.mid.block_1.conv1.bias
解冻层: mdd.denoiser.mid.block_1.temb_proj.weight
解冻层: mdd.denoiser.mid.block_1.temb_proj.bias
解冻层: mdd.denoiser.mid.block_1.norm2.weight
解冻层: mdd.denoiser.mid.block_1.norm2.bias
解冻层: mdd.denoiser.mid.block_1.conv2.weight
解冻层: mdd.denoiser.mid.block_1.conv2.bias
解冻层: mdd.denoiser.mid.att.groupnorm.weight
解冻层: mdd.denoiser.mid.att.groupnorm.bias
解冻层: mdd.denoiser.mid.att.conv_input.weight
解冻层: mdd.denoiser.mid.att.conv_input.bias
解冻层: mdd.denoiser.mid.att.layernorm_1.weight
解冻层: mdd.denoiser.mid.att.layernorm_1.bias
解冻层: mdd.denoiser.mid.att.attention_1.in_proj.weight
解冻层: mdd.denoiser.mid.att.attention_1.out_proj.weight
解冻层: mdd.denoiser.mid.att.attention_1.out_proj.bias
解冻层: mdd.denoiser.mid.att.layernorm_2.weight
解冻层: mdd.denoiser.mid.att.layernorm_2.bias
解冻层: mdd.denoiser.mid.att.attention_2.q_proj.weight
解冻层: mdd.denoiser.mid.att.attention_2.k_proj.weight
解冻层: mdd.denoiser.mid.att.attention_2.v_proj.weight
解冻层: mdd.denoiser.mid.att.attention_2.out_proj.weight
解冻层: mdd.denoiser.mid.att.attention_2.out_proj.bias
解冻层: mdd.denoiser.mid.att.layernorm_3.weight
解冻层: mdd.denoiser.mid.att.layernorm_3.bias
解冻层: mdd.denoiser.mid.att.linear_geglu_1.weight
解冻层: mdd.denoiser.mid.att.linear_geglu_1.bias
解冻层: mdd.denoiser.mid.att.linear_geglu_2.weight
解冻层: mdd.denoiser.mid.att.linear_geglu_2.bias
解冻层: mdd.denoiser.mid.att.conv_output.weight
解冻层: mdd.denoiser.mid.att.conv_output.bias
解冻层: mdd.denoiser.mid.block_2.norm1.weight
解冻层: mdd.denoiser.mid.block_2.norm1.bias
解冻层: mdd.denoiser.mid.block_2.conv1.weight
解冻层: mdd.denoiser.mid.block_2.conv1.bias
解冻层: mdd.denoiser.mid.block_2.temb_proj.weight
解冻层: mdd.denoiser.mid.block_2.temb_proj.bias
解冻层: mdd.denoiser.mid.block_2.norm2.weight
解冻层: mdd.denoiser.mid.block_2.norm2.bias
解冻层: mdd.denoiser.mid.block_2.conv2.weight
解冻层: mdd.denoiser.mid.block_2.conv2.bias
解冻层: mdd.denoiser.up.0.block.0.norm1.weight
解冻层: mdd.denoiser.up.0.block.0.norm1.bias
解冻层: mdd.denoiser.up.0.block.0.conv1.weight
解冻层: mdd.denoiser.up.0.block.0.conv1.bias
解冻层: mdd.denoiser.up.0.block.0.temb_proj.weight
解冻层: mdd.denoiser.up.0.block.0.temb_proj.bias
解冻层: mdd.denoiser.up.0.block.0.norm2.weight
解冻层: mdd.denoiser.up.0.block.0.norm2.bias
解冻层: mdd.denoiser.up.0.block.0.conv2.weight
解冻层: mdd.denoiser.up.0.block.0.conv2.bias
解冻层: mdd.denoiser.up.0.block.0.nin_shortcut.weight
解冻层: mdd.denoiser.up.0.block.0.nin_shortcut.bias
解冻层: mdd.denoiser.up.0.block.1.norm1.weight
解冻层: mdd.denoiser.up.0.block.1.norm1.bias
解冻层: mdd.denoiser.up.0.block.1.conv1.weight
解冻层: mdd.denoiser.up.0.block.1.conv1.bias
解冻层: mdd.denoiser.up.0.block.1.temb_proj.weight
解冻层: mdd.denoiser.up.0.block.1.temb_proj.bias
解冻层: mdd.denoiser.up.0.block.1.norm2.weight
解冻层: mdd.denoiser.up.0.block.1.norm2.bias
解冻层: mdd.denoiser.up.0.block.1.conv2.weight
解冻层: mdd.denoiser.up.0.block.1.conv2.bias
解冻层: mdd.denoiser.up.0.block.1.nin_shortcut.weight
解冻层: mdd.denoiser.up.0.block.1.nin_shortcut.bias
解冻层: mdd.denoiser.up.0.block.2.norm1.weight
解冻层: mdd.denoiser.up.0.block.2.norm1.bias
解冻层: mdd.denoiser.up.0.block.2.conv1.weight
解冻层: mdd.denoiser.up.0.block.2.conv1.bias
解冻层: mdd.denoiser.up.0.block.2.temb_proj.weight
解冻层: mdd.denoiser.up.0.block.2.temb_proj.bias
解冻层: mdd.denoiser.up.0.block.2.norm2.weight
解冻层: mdd.denoiser.up.0.block.2.norm2.bias
解冻层: mdd.denoiser.up.0.block.2.conv2.weight
解冻层: mdd.denoiser.up.0.block.2.conv2.bias
解冻层: mdd.denoiser.up.0.block.2.nin_shortcut.weight
解冻层: mdd.denoiser.up.0.block.2.nin_shortcut.bias
解冻层: mdd.denoiser.up.0.attn.0.groupnorm.weight
解冻层: mdd.denoiser.up.0.attn.0.groupnorm.bias
解冻层: mdd.denoiser.up.0.attn.0.conv_input.weight
解冻层: mdd.denoiser.up.0.attn.0.conv_input.bias
解冻层: mdd.denoiser.up.0.attn.0.layernorm_1.weight
解冻层: mdd.denoiser.up.0.attn.0.layernorm_1.bias
解冻层: mdd.denoiser.up.0.attn.0.attention_1.in_proj.weight
解冻层: mdd.denoiser.up.0.attn.0.attention_1.out_proj.weight
解冻层: mdd.denoiser.up.0.attn.0.attention_1.out_proj.bias
解冻层: mdd.denoiser.up.0.attn.0.layernorm_2.weight
解冻层: mdd.denoiser.up.0.attn.0.layernorm_2.bias
解冻层: mdd.denoiser.up.0.attn.0.attention_2.q_proj.weight
解冻层: mdd.denoiser.up.0.attn.0.attention_2.k_proj.weight
解冻层: mdd.denoiser.up.0.attn.0.attention_2.v_proj.weight
解冻层: mdd.denoiser.up.0.attn.0.attention_2.out_proj.weight
解冻层: mdd.denoiser.up.0.attn.0.attention_2.out_proj.bias
解冻层: mdd.denoiser.up.0.attn.0.layernorm_3.weight
解冻层: mdd.denoiser.up.0.attn.0.layernorm_3.bias
解冻层: mdd.denoiser.up.0.attn.0.linear_geglu_1.weight
解冻层: mdd.denoiser.up.0.attn.0.linear_geglu_1.bias
解冻层: mdd.denoiser.up.0.attn.0.linear_geglu_2.weight
解冻层: mdd.denoiser.up.0.attn.0.linear_geglu_2.bias
解冻层: mdd.denoiser.up.0.attn.0.conv_output.weight
解冻层: mdd.denoiser.up.0.attn.0.conv_output.bias
解冻层: mdd.denoiser.up.0.attn.1.groupnorm.weight
解冻层: mdd.denoiser.up.0.attn.1.groupnorm.bias
解冻层: mdd.denoiser.up.0.attn.1.conv_input.weight
解冻层: mdd.denoiser.up.0.attn.1.conv_input.bias
解冻层: mdd.denoiser.up.0.attn.1.layernorm_1.weight
解冻层: mdd.denoiser.up.0.attn.1.layernorm_1.bias
解冻层: mdd.denoiser.up.0.attn.1.attention_1.in_proj.weight
解冻层: mdd.denoiser.up.0.attn.1.attention_1.out_proj.weight
解冻层: mdd.denoiser.up.0.attn.1.attention_1.out_proj.bias
解冻层: mdd.denoiser.up.0.attn.1.layernorm_2.weight
解冻层: mdd.denoiser.up.0.attn.1.layernorm_2.bias
解冻层: mdd.denoiser.up.0.attn.1.attention_2.q_proj.weight
解冻层: mdd.denoiser.up.0.attn.1.attention_2.k_proj.weight
解冻层: mdd.denoiser.up.0.attn.1.attention_2.v_proj.weight
解冻层: mdd.denoiser.up.0.attn.1.attention_2.out_proj.weight
解冻层: mdd.denoiser.up.0.attn.1.attention_2.out_proj.bias
解冻层: mdd.denoiser.up.0.attn.1.layernorm_3.weight
解冻层: mdd.denoiser.up.0.attn.1.layernorm_3.bias
解冻层: mdd.denoiser.up.0.attn.1.linear_geglu_1.weight
解冻层: mdd.denoiser.up.0.attn.1.linear_geglu_1.bias
解冻层: mdd.denoiser.up.0.attn.1.linear_geglu_2.weight
解冻层: mdd.denoiser.up.0.attn.1.linear_geglu_2.bias
解冻层: mdd.denoiser.up.0.attn.1.conv_output.weight
解冻层: mdd.denoiser.up.0.attn.1.conv_output.bias
解冻层: mdd.denoiser.up.0.attn.2.groupnorm.weight
解冻层: mdd.denoiser.up.0.attn.2.groupnorm.bias
解冻层: mdd.denoiser.up.0.attn.2.conv_input.weight
解冻层: mdd.denoiser.up.0.attn.2.conv_input.bias
解冻层: mdd.denoiser.up.0.attn.2.layernorm_1.weight
解冻层: mdd.denoiser.up.0.attn.2.layernorm_1.bias
解冻层: mdd.denoiser.up.0.attn.2.attention_1.in_proj.weight
解冻层: mdd.denoiser.up.0.attn.2.attention_1.out_proj.weight
解冻层: mdd.denoiser.up.0.attn.2.attention_1.out_proj.bias
解冻层: mdd.denoiser.up.0.attn.2.layernorm_2.weight
解冻层: mdd.denoiser.up.0.attn.2.layernorm_2.bias
解冻层: mdd.denoiser.up.0.attn.2.attention_2.q_proj.weight
解冻层: mdd.denoiser.up.0.attn.2.attention_2.k_proj.weight
解冻层: mdd.denoiser.up.0.attn.2.attention_2.v_proj.weight
解冻层: mdd.denoiser.up.0.attn.2.attention_2.out_proj.weight
解冻层: mdd.denoiser.up.0.attn.2.attention_2.out_proj.bias
解冻层: mdd.denoiser.up.0.attn.2.layernorm_3.weight
解冻层: mdd.denoiser.up.0.attn.2.layernorm_3.bias
解冻层: mdd.denoiser.up.0.attn.2.linear_geglu_1.weight
解冻层: mdd.denoiser.up.0.attn.2.linear_geglu_1.bias
解冻层: mdd.denoiser.up.0.attn.2.linear_geglu_2.weight
解冻层: mdd.denoiser.up.0.attn.2.linear_geglu_2.bias
解冻层: mdd.denoiser.up.0.attn.2.conv_output.weight
解冻层: mdd.denoiser.up.0.attn.2.conv_output.bias
解冻层: mdd.denoiser.up.1.block.0.norm1.weight
解冻层: mdd.denoiser.up.1.block.0.norm1.bias
解冻层: mdd.denoiser.up.1.block.0.conv1.weight
解冻层: mdd.denoiser.up.1.block.0.conv1.bias
解冻层: mdd.denoiser.up.1.block.0.temb_proj.weight
解冻层: mdd.denoiser.up.1.block.0.temb_proj.bias
解冻层: mdd.denoiser.up.1.block.0.norm2.weight
解冻层: mdd.denoiser.up.1.block.0.norm2.bias
解冻层: mdd.denoiser.up.1.block.0.conv2.weight
解冻层: mdd.denoiser.up.1.block.0.conv2.bias
解冻层: mdd.denoiser.up.1.block.0.nin_shortcut.weight
解冻层: mdd.denoiser.up.1.block.0.nin_shortcut.bias
解冻层: mdd.denoiser.up.1.block.1.norm1.weight
解冻层: mdd.denoiser.up.1.block.1.norm1.bias
解冻层: mdd.denoiser.up.1.block.1.conv1.weight
解冻层: mdd.denoiser.up.1.block.1.conv1.bias
解冻层: mdd.denoiser.up.1.block.1.temb_proj.weight
解冻层: mdd.denoiser.up.1.block.1.temb_proj.bias
解冻层: mdd.denoiser.up.1.block.1.norm2.weight
解冻层: mdd.denoiser.up.1.block.1.norm2.bias
解冻层: mdd.denoiser.up.1.block.1.conv2.weight
解冻层: mdd.denoiser.up.1.block.1.conv2.bias
解冻层: mdd.denoiser.up.1.block.1.nin_shortcut.weight
解冻层: mdd.denoiser.up.1.block.1.nin_shortcut.bias
解冻层: mdd.denoiser.up.1.block.2.norm1.weight
解冻层: mdd.denoiser.up.1.block.2.norm1.bias
解冻层: mdd.denoiser.up.1.block.2.conv1.weight
解冻层: mdd.denoiser.up.1.block.2.conv1.bias
解冻层: mdd.denoiser.up.1.block.2.temb_proj.weight
解冻层: mdd.denoiser.up.1.block.2.temb_proj.bias
解冻层: mdd.denoiser.up.1.block.2.norm2.weight
解冻层: mdd.denoiser.up.1.block.2.norm2.bias
解冻层: mdd.denoiser.up.1.block.2.conv2.weight
解冻层: mdd.denoiser.up.1.block.2.conv2.bias
解冻层: mdd.denoiser.up.1.block.2.nin_shortcut.weight
解冻层: mdd.denoiser.up.1.block.2.nin_shortcut.bias
解冻层: mdd.denoiser.up.1.attn.0.groupnorm.weight
解冻层: mdd.denoiser.up.1.attn.0.groupnorm.bias
解冻层: mdd.denoiser.up.1.attn.0.conv_input.weight
解冻层: mdd.denoiser.up.1.attn.0.conv_input.bias
解冻层: mdd.denoiser.up.1.attn.0.layernorm_1.weight
解冻层: mdd.denoiser.up.1.attn.0.layernorm_1.bias
解冻层: mdd.denoiser.up.1.attn.0.attention_1.in_proj.weight
解冻层: mdd.denoiser.up.1.attn.0.attention_1.out_proj.weight
解冻层: mdd.denoiser.up.1.attn.0.attention_1.out_proj.bias
解冻层: mdd.denoiser.up.1.attn.0.layernorm_2.weight
解冻层: mdd.denoiser.up.1.attn.0.layernorm_2.bias
解冻层: mdd.denoiser.up.1.attn.0.attention_2.q_proj.weight
解冻层: mdd.denoiser.up.1.attn.0.attention_2.k_proj.weight
解冻层: mdd.denoiser.up.1.attn.0.attention_2.v_proj.weight
解冻层: mdd.denoiser.up.1.attn.0.attention_2.out_proj.weight
解冻层: mdd.denoiser.up.1.attn.0.attention_2.out_proj.bias
解冻层: mdd.denoiser.up.1.attn.0.layernorm_3.weight
解冻层: mdd.denoiser.up.1.attn.0.layernorm_3.bias
解冻层: mdd.denoiser.up.1.attn.0.linear_geglu_1.weight
解冻层: mdd.denoiser.up.1.attn.0.linear_geglu_1.bias
解冻层: mdd.denoiser.up.1.attn.0.linear_geglu_2.weight
解冻层: mdd.denoiser.up.1.attn.0.linear_geglu_2.bias
解冻层: mdd.denoiser.up.1.attn.0.conv_output.weight
解冻层: mdd.denoiser.up.1.attn.0.conv_output.bias
解冻层: mdd.denoiser.up.1.attn.1.groupnorm.weight
解冻层: mdd.denoiser.up.1.attn.1.groupnorm.bias
解冻层: mdd.denoiser.up.1.attn.1.conv_input.weight
解冻层: mdd.denoiser.up.1.attn.1.conv_input.bias
解冻层: mdd.denoiser.up.1.attn.1.layernorm_1.weight
解冻层: mdd.denoiser.up.1.attn.1.layernorm_1.bias
解冻层: mdd.denoiser.up.1.attn.1.attention_1.in_proj.weight
解冻层: mdd.denoiser.up.1.attn.1.attention_1.out_proj.weight
解冻层: mdd.denoiser.up.1.attn.1.attention_1.out_proj.bias
解冻层: mdd.denoiser.up.1.attn.1.layernorm_2.weight
解冻层: mdd.denoiser.up.1.attn.1.layernorm_2.bias
解冻层: mdd.denoiser.up.1.attn.1.attention_2.q_proj.weight
解冻层: mdd.denoiser.up.1.attn.1.attention_2.k_proj.weight
解冻层: mdd.denoiser.up.1.attn.1.attention_2.v_proj.weight
解冻层: mdd.denoiser.up.1.attn.1.attention_2.out_proj.weight
解冻层: mdd.denoiser.up.1.attn.1.attention_2.out_proj.bias
解冻层: mdd.denoiser.up.1.attn.1.layernorm_3.weight
解冻层: mdd.denoiser.up.1.attn.1.layernorm_3.bias
解冻层: mdd.denoiser.up.1.attn.1.linear_geglu_1.weight
解冻层: mdd.denoiser.up.1.attn.1.linear_geglu_1.bias
解冻层: mdd.denoiser.up.1.attn.1.linear_geglu_2.weight
解冻层: mdd.denoiser.up.1.attn.1.linear_geglu_2.bias
解冻层: mdd.denoiser.up.1.attn.1.conv_output.weight
解冻层: mdd.denoiser.up.1.attn.1.conv_output.bias
解冻层: mdd.denoiser.up.1.attn.2.groupnorm.weight
解冻层: mdd.denoiser.up.1.attn.2.groupnorm.bias
解冻层: mdd.denoiser.up.1.attn.2.conv_input.weight
解冻层: mdd.denoiser.up.1.attn.2.conv_input.bias
解冻层: mdd.denoiser.up.1.attn.2.layernorm_1.weight
解冻层: mdd.denoiser.up.1.attn.2.layernorm_1.bias
解冻层: mdd.denoiser.up.1.attn.2.attention_1.in_proj.weight
解冻层: mdd.denoiser.up.1.attn.2.attention_1.out_proj.weight
解冻层: mdd.denoiser.up.1.attn.2.attention_1.out_proj.bias
解冻层: mdd.denoiser.up.1.attn.2.layernorm_2.weight
解冻层: mdd.denoiser.up.1.attn.2.layernorm_2.bias
解冻层: mdd.denoiser.up.1.attn.2.attention_2.q_proj.weight
解冻层: mdd.denoiser.up.1.attn.2.attention_2.k_proj.weight
解冻层: mdd.denoiser.up.1.attn.2.attention_2.v_proj.weight
解冻层: mdd.denoiser.up.1.attn.2.attention_2.out_proj.weight
解冻层: mdd.denoiser.up.1.attn.2.attention_2.out_proj.bias
解冻层: mdd.denoiser.up.1.attn.2.layernorm_3.weight
解冻层: mdd.denoiser.up.1.attn.2.layernorm_3.bias
解冻层: mdd.denoiser.up.1.attn.2.linear_geglu_1.weight
解冻层: mdd.denoiser.up.1.attn.2.linear_geglu_1.bias
解冻层: mdd.denoiser.up.1.attn.2.linear_geglu_2.weight
解冻层: mdd.denoiser.up.1.attn.2.linear_geglu_2.bias
解冻层: mdd.denoiser.up.1.attn.2.conv_output.weight
解冻层: mdd.denoiser.up.1.attn.2.conv_output.bias
解冻层: mdd.denoiser.up.1.upsample.conv.weight
解冻层: mdd.denoiser.up.1.upsample.conv.bias
解冻层: mdd.denoiser.norm_out.weight
解冻层: mdd.denoiser.norm_out.bias
解冻层: mdd.denoiser.conv_out.weight
解冻层: mdd.denoiser.conv_out.bias
解冻层: roi_head.factor_encoder.0.0.weight
解冻层: roi_head.factor_encoder.0.3.weight
解冻层: roi_head.factor_encoder.0.6.weight
解冻层: roi_head.factor_encoder.0.6.bias
解冻层: roi_head.factor_encoder.1.0.weight
解冻层: roi_head.factor_encoder.1.3.weight
解冻层: roi_head.factor_encoder.1.6.weight
解冻层: roi_head.factor_encoder.1.6.bias
解冻层: roi_head.factor_encoder.2.0.weight
解冻层: roi_head.factor_encoder.2.3.weight
解冻层: roi_head.factor_encoder.2.6.weight
解冻层: roi_head.factor_encoder.2.6.bias
解冻层: roi_head.factor_encoder.3.0.weight
解冻层: roi_head.factor_encoder.3.3.weight
解冻层: roi_head.factor_encoder.3.6.weight
解冻层: roi_head.factor_encoder.3.6.bias
解冻层: roi_head.factor_encoder.4.0.weight
解冻层: roi_head.factor_encoder.4.3.weight
解冻层: roi_head.factor_encoder.4.6.weight
解冻层: roi_head.factor_encoder.4.6.bias
解冻层: roi_head.factor_encoder.5.0.weight
解冻层: roi_head.factor_encoder.5.3.weight
解冻层: roi_head.factor_encoder.5.6.weight
解冻层: roi_head.factor_encoder.5.6.bias
解冻层: roi_head.factor_encoder.6.0.weight
解冻层: roi_head.factor_encoder.6.3.weight
解冻层: roi_head.factor_encoder.6.6.weight
解冻层: roi_head.factor_encoder.6.6.bias
解冻层: roi_head.factor_encoder.7.0.weight
解冻层: roi_head.factor_encoder.7.3.weight
解冻层: roi_head.factor_encoder.7.6.weight
解冻层: roi_head.factor_encoder.7.6.bias
解冻层: cls_layers.0.weight
解冻层: cls_layers.3.weight
解冻层: cls_layers.6.weight
解冻层: cls_layers.6.bias
解冻层: iou_layers.0.weight
解冻层: iou_layers.3.weight
解冻层: iou_layers.6.weight
解冻层: iou_layers.6.bias
解冻层: reg_layers.0.weight
解冻层: reg_layers.3.weight
解冻层: reg_layers.6.weight
解冻层: reg_layers.6.bias
总共解冻 454 个参数组
从第 78 个epoch恢复训练
Training start
learning rate 0.000020
[epoch 78][1/6765], || Loss: 5.032 || Rcnn: 4.953|| Cls: 0.697 || Loc: 3.915 || Iou: 0.340 || Diff: 0.079
[epoch 78][2/6765], || Loss: 5.639 || Rcnn: 5.562|| Cls: 0.698 || Loc: 4.589 || Iou: 0.276 || Diff: 0.076
[epoch 78][3/6765], || Loss: 5.800 || Rcnn: 5.716|| Cls: 0.698 || Loc: 4.798 || Iou: 0.221 || Diff: 0.084
[epoch 78][4/6765], || Loss: 5.794 || Rcnn: 5.715|| Cls: 0.699 || Loc: 4.660 || Iou: 0.357 || Diff: 0.079
[epoch 78][5/6765], || Loss: 5.501 || Rcnn: 5.431|| Cls: 0.696 || Loc: 4.449 || Iou: 0.287 || Diff: 0.070
[epoch 78][6/6765], || Loss: 4.800 || Rcnn: 4.723|| Cls: 0.692 || Loc: 3.711 || Iou: 0.320 || Diff: 0.077
[epoch 78][7/6765], || Loss: 4.265 || Rcnn: 4.191|| Cls: 0.695 || Loc: 3.160 || Iou: 0.337 || Diff: 0.074
[epoch 78][8/6765], || Loss: 4.987 || Rcnn: 4.916|| Cls: 0.691 || Loc: 3.880 || Iou: 0.344 || Diff: 0.072
[epoch 78][9/6765], || Loss: 4.621 || Rcnn: 4.549|| Cls: 0.693 || Loc: 3.565 || Iou: 0.291 || Diff: 0.072
[epoch 78][10/6765], || Loss: 4.647 || Rcnn: 4.580|| Cls: 0.694 || Loc: 3.580 || Iou: 0.306 || Diff: 0.066
[epoch 78][11/6765], || Loss: 4.669 || Rcnn: 4.593|| Cls: 0.689 || Loc: 3.485 || Iou: 0.419 || Diff: 0.076
[epoch 78][12/6765], || Loss: 4.334 || Rcnn: 4.261|| Cls: 0.687 || Loc: 3.252 || Iou: 0.321 || Diff: 0.073
[epoch 78][13/6765], || Loss: 3.412 || Rcnn: 3.335|| Cls: 0.688 || Loc: 2.241 || Iou: 0.407 || Diff: 0.076
[epoch 78][14/6765], || Loss: 4.209 || Rcnn: 4.135|| Cls: 0.688 || Loc: 3.024 || Iou: 0.423 || Diff: 0.074
[epoch 78][15/6765], || Loss: 3.944 || Rcnn: 3.865|| Cls: 0.687 || Loc: 2.763 || Iou: 0.415 || Diff: 0.079
[epoch 78][16/6765], || Loss: 4.067 || Rcnn: 3.986|| Cls: 0.684 || Loc: 2.869 || Iou: 0.433 || Diff: 0.082
[epoch 78][17/6765], || Loss: 3.311 || Rcnn: 3.226|| Cls: 0.685 || Loc: 2.228 || Iou: 0.312 || Diff: 0.085
[epoch 78][18/6765], || Loss: 5.616 || Rcnn: 5.533|| Cls: 0.682 || Loc: 4.570 || Iou: 0.282 || Diff: 0.083
[epoch 78][19/6765], || Loss: 4.685 || Rcnn: 4.603|| Cls: 0.685 || Loc: 3.697 || Iou: 0.221 || Diff: 0.082
[epoch 78][20/6765], || Loss: 3.313 || Rcnn: 3.226|| Cls: 0.686 || Loc: 2.135 || Iou: 0.405 || Diff: 0.087
[epoch 78][21/6765], || Loss: 4.164 || Rcnn: 4.063|| Cls: 0.684 || Loc: 3.037 || Iou: 0.342 || Diff: 0.102
[epoch 78][22/6765], || Loss: 4.179 || Rcnn: 4.100|| Cls: 0.688 || Loc: 3.098 || Iou: 0.314 || Diff: 0.080
[epoch 78][23/6765], || Loss: 5.576 || Rcnn: 5.477|| Cls: 0.677 || Loc: 4.556 || Iou: 0.243 || Diff: 0.099
[epoch 78][24/6765], || Loss: 5.438 || Rcnn: 5.363|| Cls: 0.684 || Loc: 4.334 || Iou: 0.344 || Diff: 0.075
[epoch 78][25/6765], || Loss: 4.608 || Rcnn: 4.522|| Cls: 0.679 || Loc: 3.518 || Iou: 0.325 || Diff: 0.087
[epoch 78][26/6765], || Loss: 3.963 || Rcnn: 3.876|| Cls: 0.683 || Loc: 2.840 || Iou: 0.352 || Diff: 0.087
[epoch 78][27/6765], || Loss: 4.288 || Rcnn: 4.194|| Cls: 0.677 || Loc: 3.279 || Iou: 0.238 || Diff: 0.094
[epoch 78][28/6765], || Loss: 4.208 || Rcnn: 4.121|| Cls: 0.677 || Loc: 3.112 || Iou: 0.332 || Diff: 0.087
[epoch 78][29/6765], || Loss: 4.629 || Rcnn: 4.539|| Cls: 0.672 || Loc: 3.502 || Iou: 0.365 || Diff: 0.090
[epoch 78][30/6765], || Loss: 3.245 || Rcnn: 3.151|| Cls: 0.675 || Loc: 2.145 || Iou: 0.330 || Diff: 0.094
[epoch 78][31/6765], || Loss: 2.937 || Rcnn: 2.845|| Cls: 0.674 || Loc: 1.671 || Iou: 0.500 || Diff: 0.092
此bxo中没有点云！！
[epoch 78][32/6765], || Loss: 3.535 || Rcnn: 3.448|| Cls: 0.676 || Loc: 2.363 || Iou: 0.409 || Diff: 0.086
[epoch 78][33/6765], || Loss: 3.258 || Rcnn: 3.170|| Cls: 0.672 || Loc: 2.065 || Iou: 0.433 || Diff: 0.088
[epoch 78][34/6765], || Loss: 3.143 || Rcnn: 3.055|| Cls: 0.672 || Loc: 1.963 || Iou: 0.419 || Diff: 0.088
[epoch 78][35/6765], || Loss: 3.950 || Rcnn: 3.856|| Cls: 0.674 || Loc: 2.793 || Iou: 0.389 || Diff: 0.094
[epoch 78][36/6765], || Loss: 3.547 || Rcnn: 3.447|| Cls: 0.669 || Loc: 2.342 || Iou: 0.436 || Diff: 0.099
[epoch 78][37/6765], || Loss: 3.398 || Rcnn: 3.289|| Cls: 0.676 || Loc: 2.233 || Iou: 0.380 || Diff: 0.110
[epoch 78][38/6765], || Loss: 3.479 || Rcnn: 3.374|| Cls: 0.680 || Loc: 2.437 || Iou: 0.258 || Diff: 0.105
[epoch 78][39/6765], || Loss: 3.399 || Rcnn: 3.302|| Cls: 0.669 || Loc: 2.269 || Iou: 0.363 || Diff: 0.097
[epoch 78][40/6765], || Loss: 4.388 || Rcnn: 4.269|| Cls: 0.666 || Loc: 3.310 || Iou: 0.293 || Diff: 0.119
[epoch 78][41/6765], || Loss: 4.582 || Rcnn: 4.464|| Cls: 0.672 || Loc: 3.515 || Iou: 0.276 || Diff: 0.118
[epoch 78][42/6765], || Loss: 3.621 || Rcnn: 3.501|| Cls: 0.670 || Loc: 2.603 || Iou: 0.228 || Diff: 0.120
[epoch 78][43/6765], || Loss: 3.391 || Rcnn: 3.272|| Cls: 0.661 || Loc: 2.345 || Iou: 0.266 || Diff: 0.119
[epoch 78][44/6765], || Loss: 2.714 || Rcnn: 2.615|| Cls: 0.670 || Loc: 1.546 || Iou: 0.398 || Diff: 0.099
[epoch 78][45/6765], || Loss: 3.137 || Rcnn: 3.036|| Cls: 0.663 || Loc: 1.924 || Iou: 0.449 || Diff: 0.102
此bxo中没有点云！！
[epoch 78][46/6765], || Loss: 3.199 || Rcnn: 3.098|| Cls: 0.662 || Loc: 2.079 || Iou: 0.357 || Diff: 0.101
[epoch 78][47/6765], || Loss: 3.009 || Rcnn: 2.914|| Cls: 0.664 || Loc: 1.987 || Iou: 0.263 || Diff: 0.095
此bxo中没有点云！！
[epoch 78][48/6765], || Loss: 2.910 || Rcnn: 2.803|| Cls: 0.663 || Loc: 1.808 || Iou: 0.333 || Diff: 0.106
[epoch 78][49/6765], || Loss: 2.724 || Rcnn: 2.628|| Cls: 0.667 || Loc: 1.674 || Iou: 0.286 || Diff: 0.097
[epoch 78][50/6765], || Loss: 2.719 || Rcnn: 2.589|| Cls: 0.656 || Loc: 1.453 || Iou: 0.479 || Diff: 0.130
[epoch 78][51/6765], || Loss: 2.687 || Rcnn: 2.591|| Cls: 0.658 || Loc: 1.578 || Iou: 0.355 || Diff: 0.096
[epoch 78][52/6765], || Loss: 2.447 || Rcnn: 2.333|| Cls: 0.655 || Loc: 1.355 || Iou: 0.322 || Diff: 0.114
[epoch 78][53/6765], || Loss: 2.665 || Rcnn: 2.547|| Cls: 0.657 || Loc: 1.616 || Iou: 0.274 || Diff: 0.118
[epoch 78][54/6765], || Loss: 2.390 || Rcnn: 2.286|| Cls: 0.655 || Loc: 1.317 || Iou: 0.313 || Diff: 0.105
[epoch 78][55/6765], || Loss: 2.333 || Rcnn: 2.249|| Cls: 0.662 || Loc: 1.221 || Iou: 0.366 || Diff: 0.084
[epoch 78][56/6765], || Loss: 3.931 || Rcnn: 3.842|| Cls: 0.656 || Loc: 3.010 || Iou: 0.175 || Diff: 0.089
[epoch 78][57/6765], || Loss: 2.607 || Rcnn: 2.520|| Cls: 0.659 || Loc: 1.524 || Iou: 0.336 || Diff: 0.088
[epoch 78][58/6765], || Loss: 3.494 || Rcnn: 3.410|| Cls: 0.683 || Loc: 2.407 || Iou: 0.320 || Diff: 0.084
此bxo中没有点云！！
此bxo中没有点云！！
[epoch 78][59/6765], || Loss: 2.044 || Rcnn: 1.962|| Cls: 0.685 || Loc: 0.895 || Iou: 0.382 || Diff: 0.082
[epoch 78][60/6765], || Loss: 4.706 || Rcnn: 4.630|| Cls: 0.663 || Loc: 3.675 || Iou: 0.292 || Diff: 0.076
[epoch 78][61/6765], || Loss: 2.611 || Rcnn: 2.529|| Cls: 0.655 || Loc: 1.453 || Iou: 0.421 || Diff: 0.083
[epoch 78][62/6765], || Loss: 2.951 || Rcnn: 2.863|| Cls: 0.655 || Loc: 1.968 || Iou: 0.239 || Diff: 0.088
[epoch 78][63/6765], || Loss: 2.677 || Rcnn: 2.599|| Cls: 0.657 || Loc: 1.624 || Iou: 0.319 || Diff: 0.078
[epoch 78][64/6765], || Loss: 3.242 || Rcnn: 3.150|| Cls: 0.646 || Loc: 2.210 || Iou: 0.295 || Diff: 0.091
[epoch 78][65/6765], || Loss: 2.867 || Rcnn: 2.774|| Cls: 0.648 || Loc: 1.809 || Iou: 0.317 || Diff: 0.094
[epoch 78][66/6765], || Loss: 2.778 || Rcnn: 2.686|| Cls: 0.658 || Loc: 1.679 || Iou: 0.349 || Diff: 0.092
[epoch 78][67/6765], || Loss: 2.227 || Rcnn: 2.136|| Cls: 0.654 || Loc: 1.063 || Iou: 0.420 || Diff: 0.090
[epoch 78][68/6765], || Loss: 2.441 || Rcnn: 2.341|| Cls: 0.647 || Loc: 1.357 || Iou: 0.337 || Diff: 0.100
[epoch 78][69/6765], || Loss: 2.181 || Rcnn: 2.088|| Cls: 0.650 || Loc: 1.132 || Iou: 0.306 || Diff: 0.093
[epoch 78][70/6765], || Loss: 2.332 || Rcnn: 2.243|| Cls: 0.658 || Loc: 1.211 || Iou: 0.374 || Diff: 0.089
[epoch 78][71/6765], || Loss: 2.397 || Rcnn: 2.308|| Cls: 0.655 || Loc: 1.343 || Iou: 0.309 || Diff: 0.089
[epoch 78][72/6765], || Loss: 2.129 || Rcnn: 2.043|| Cls: 0.649 || Loc: 1.119 || Iou: 0.275 || Diff: 0.087
[epoch 78][73/6765], || Loss: 2.794 || Rcnn: 2.713|| Cls: 0.648 || Loc: 1.709 || Iou: 0.356 || Diff: 0.081
[epoch 78][74/6765], || Loss: 2.478 || Rcnn: 2.394|| Cls: 0.639 || Loc: 1.360 || Iou: 0.395 || Diff: 0.084
[epoch 78][75/6765], || Loss: 2.299 || Rcnn: 2.206|| Cls: 0.635 || Loc: 1.368 || Iou: 0.204 || Diff: 0.093
此bxo中没有点云！！
[epoch 78][76/6765], || Loss: 2.602 || Rcnn: 2.520|| Cls: 0.641 || Loc: 1.508 || Iou: 0.371 || Diff: 0.082
[epoch 78][77/6765], || Loss: 3.074 || Rcnn: 2.989|| Cls: 0.640 || Loc: 2.067 || Iou: 0.281 || Diff: 0.085
[epoch 78][78/6765], || Loss: 3.611 || Rcnn: 3.517|| Cls: 0.639 || Loc: 2.731 || Iou: 0.147 || Diff: 0.094
[epoch 78][79/6765], || Loss: 2.595 || Rcnn: 2.511|| Cls: 0.649 || Loc: 1.553 || Iou: 0.309 || Diff: 0.084
[epoch 78][80/6765], || Loss: 2.713 || Rcnn: 2.632|| Cls: 0.628 || Loc: 1.843 || Iou: 0.161 || Diff: 0.082
[epoch 78][81/6765], || Loss: 2.064 || Rcnn: 1.976|| Cls: 0.641 || Loc: 1.031 || Iou: 0.304 || Diff: 0.088
[epoch 78][82/6765], || Loss: 1.926 || Rcnn: 1.836|| Cls: 0.622 || Loc: 0.867 || Iou: 0.346 || Diff: 0.090
[epoch 78][83/6765], || Loss: 2.180 || Rcnn: 2.089|| Cls: 0.637 || Loc: 1.094 || Iou: 0.357 || Diff: 0.092
[epoch 78][84/6765], || Loss: 2.426 || Rcnn: 2.343|| Cls: 0.629 || Loc: 1.379 || Iou: 0.335 || Diff: 0.084
[epoch 78][85/6765], || Loss: 2.202 || Rcnn: 2.114|| Cls: 0.623 || Loc: 1.226 || Iou: 0.265 || Diff: 0.087
[epoch 78][86/6765], || Loss: 2.118 || Rcnn: 2.031|| Cls: 0.636 || Loc: 1.072 || Iou: 0.324 || Diff: 0.087
[epoch 78][87/6765], || Loss: 1.851 || Rcnn: 1.764|| Cls: 0.618 || Loc: 0.761 || Iou: 0.385 || Diff: 0.087
[epoch 78][88/6765], || Loss: 2.365 || Rcnn: 2.280|| Cls: 0.628 || Loc: 1.275 || Iou: 0.376 || Diff: 0.086
[epoch 78][89/6765], || Loss: 2.073 || Rcnn: 1.990|| Cls: 0.620 || Loc: 1.046 || Iou: 0.324 || Diff: 0.083
[epoch 78][90/6765], || Loss: 2.414 || Rcnn: 2.334|| Cls: 0.624 || Loc: 1.398 || Iou: 0.313 || Diff: 0.080
[epoch 78][91/6765], || Loss: 2.581 || Rcnn: 2.492|| Cls: 0.642 || Loc: 1.612 || Iou: 0.238 || Diff: 0.090
[epoch 78][92/6765], || Loss: 2.257 || Rcnn: 2.179|| Cls: 0.621 || Loc: 1.241 || Iou: 0.317 || Diff: 0.077
[epoch 78][93/6765], || Loss: 1.826 || Rcnn: 1.746|| Cls: 0.627 || Loc: 0.788 || Iou: 0.332 || Diff: 0.080
此bxo中没有点云！！
[epoch 78][94/6765], || Loss: 2.325 || Rcnn: 2.234|| Cls: 0.610 || Loc: 1.443 || Iou: 0.181 || Diff: 0.091
[epoch 78][95/6765], || Loss: 2.692 || Rcnn: 2.611|| Cls: 0.617 || Loc: 1.684 || Iou: 0.310 || Diff: 0.080
[epoch 78][96/6765], || Loss: 1.828 || Rcnn: 1.741|| Cls: 0.605 || Loc: 0.901 || Iou: 0.235 || Diff: 0.087
[epoch 78][97/6765], || Loss: 2.589 || Rcnn: 2.507|| Cls: 0.615 || Loc: 1.649 || Iou: 0.242 || Diff: 0.082
[epoch 78][98/6765], || Loss: 2.036 || Rcnn: 1.954|| Cls: 0.610 || Loc: 1.037 || Iou: 0.307 || Diff: 0.082
[epoch 78][99/6765], || Loss: 1.948 || Rcnn: 1.862|| Cls: 0.603 || Loc: 1.054 || Iou: 0.204 || Diff: 0.087
[epoch 78][100/6765], || Loss: 1.948 || Rcnn: 1.872|| Cls: 0.611 || Loc: 0.901 || Iou: 0.360 || Diff: 0.076
[epoch 78][101/6765], || Loss: 2.299 || Rcnn: 2.217|| Cls: 0.607 || Loc: 1.343 || Iou: 0.267 || Diff: 0.082
[epoch 78][102/6765], || Loss: 2.171 || Rcnn: 2.098|| Cls: 0.624 || Loc: 1.187 || Iou: 0.287 || Diff: 0.073
[epoch 78][103/6765], || Loss: 2.371 || Rcnn: 2.288|| Cls: 0.606 || Loc: 1.503 || Iou: 0.180 || Diff: 0.083
[epoch 78][104/6765], || Loss: 2.087 || Rcnn: 2.004|| Cls: 0.614 || Loc: 1.144 || Iou: 0.246 || Diff: 0.083
[epoch 78][105/6765], || Loss: 1.774 || Rcnn: 1.686|| Cls: 0.588 || Loc: 0.824 || Iou: 0.275 || Diff: 0.088
[epoch 78][106/6765], || Loss: 1.929 || Rcnn: 1.846|| Cls: 0.600 || Loc: 0.978 || Iou: 0.267 || Diff: 0.083
此bxo中没有点云！！
[epoch 78][107/6765], || Loss: 2.041 || Rcnn: 1.962|| Cls: 0.606 || Loc: 1.058 || Iou: 0.298 || Diff: 0.079
[epoch 78][108/6765], || Loss: 2.130 || Rcnn: 2.045|| Cls: 0.606 || Loc: 1.228 || Iou: 0.211 || Diff: 0.084
此bxo中没有点云！！
[epoch 78][109/6765], || Loss: 2.484 || Rcnn: 2.400|| Cls: 0.587 || Loc: 1.531 || Iou: 0.282 || Diff: 0.084
[epoch 78][110/6765], || Loss: 2.893 || Rcnn: 2.813|| Cls: 0.577 || Loc: 2.050 || Iou: 0.186 || Diff: 0.080
[epoch 78][111/6765], || Loss: 2.692 || Rcnn: 2.605|| Cls: 0.588 || Loc: 1.742 || Iou: 0.275 || Diff: 0.086
[epoch 78][112/6765], || Loss: 2.683 || Rcnn: 2.602|| Cls: 0.588 || Loc: 1.779 || Iou: 0.235 || Diff: 0.081
[epoch 78][113/6765], || Loss: 2.206 || Rcnn: 2.119|| Cls: 0.581 || Loc: 1.289 || Iou: 0.249 || Diff: 0.087
[epoch 78][114/6765], || Loss: 2.504 || Rcnn: 2.419|| Cls: 0.561 || Loc: 1.666 || Iou: 0.191 || Diff: 0.085
